[ 2015-04-30T22:24:02+08:00 ] 127.0.0.1 /toyokou_tenso-japan/tenso/Admin/Index/stock.html
INFO: [ app_init ] --START--
INFO: Run Behavior\BuildLiteBehavior [ RunTime:0.000000s ]
INFO: [ app_init ] --END-- [ RunTime:0.000000s ]
INFO: [ app_begin ] --START--
INFO: Run Behavior\ReadHtmlCacheBehavior [ RunTime:0.001000s ]
INFO: [ app_begin ] --END-- [ RunTime:0.002001s ]
SQL: SHOW COLUMNS FROM `tns_site` [ RunTime:0.0050s ]
SQL: SHOW COLUMNS FROM `tns_pkg` [ RunTime:0.0050s ]
SQL: SELECT * FROM `tns_site` WHERE `prty_name` = 'site_name' LIMIT 1   [ RunTime:0.0000s ]
SQL: SELECT COUNT(*) AS tp_count FROM `tns_pkg` WHERE ( ifRecycle = 0 AND NOT pkg_status = "final" ) LIMIT 1   [ RunTime:0.0000s ]
SQL: SELECT COUNT(*) AS tp_count FROM `tns_pkg` WHERE ( ifRecycle = 0 AND pkg_status = "request" ) LIMIT 1   [ RunTime:0.0000s ]
SQL: SELECT COUNT(*) AS tp_count FROM `tns_pkg` WHERE ( ifRecycle = 0 AND pkg_status = "merge" ) LIMIT 1   [ RunTime:0.0000s ]
SQL: SELECT COUNT(*) AS tp_count FROM `tns_pkg` WHERE ( ifRecycle = 0 AND pkg_status = "payment" ) LIMIT 1   [ RunTime:0.0000s ]
SQL: SELECT COUNT(*) AS tp_count FROM `tns_pkg` WHERE ( ifRecycle = 0 AND pkg_status = "shipping" ) LIMIT 1   [ RunTime:0.0000s ]
SQL: SELECT COUNT(*) AS tp_count FROM `tns_pkg` WHERE ( ifRecycle = 0 AND pkg_status = "confirm" ) LIMIT 1   [ RunTime:0.0010s ]
SQL: SELECT COUNT(*) AS tp_count FROM `tns_pkg` WHERE ( ifRecycle = 0 AND pkg_status = "receipt" ) LIMIT 1   [ RunTime:0.0000s ]
SQL: SELECT COUNT(*) AS tp_count FROM `tns_pkg` WHERE ( ifRecycle = 1 ) LIMIT 1   [ RunTime:0.0000s ]
NOTIC: [8] Undefined variable: ifCurrent_subMenu C:\wamp\www\toyokou_tenso-japan\tenso\Admin\Controller\IndexController.class.php 第 55 行.
NOTIC: [8] Undefined index: username C:\wamp\www\toyokou_tenso-japan\tenso\Admin\Controller\IndexController.class.php 第 56 行.
SQL: SHOW COLUMNS FROM `tns_box` [ RunTime:0.0050s ]
SQL: SHOW COLUMNS FROM `tns_goods` [ RunTime:0.0070s ]
NOTIC: [8] Undefined index: pkg_status C:\wamp\www\toyokou_tenso-japan\tenso\Admin\Controller\IndexController.class.php 第 67 行.
SQL: SELECT * FROM `tns_pkg` ORDER BY pkg_id desc LIMIT 1   [ RunTime:0.0000s ]
SQL: SELECT * FROM `tns_pkg` WHERE ( ifRecycle = 0 ) ORDER BY pkg_create_time desc LIMIT 10   [ RunTime:0.0010s ]
SQL: SELECT * FROM `tns_box` WHERE ( ifRecycle = 0 ) ORDER BY box_create_time desc LIMIT 10   [ RunTime:0.0010s ]
SQL: SELECT * FROM `tns_goods` ORDER BY goods_create_time desc LIMIT 10   [ RunTime:0.0000s ]
INFO: [ view_parse ] --START--
INFO: [ template_filter ] --START--
INFO: Run Behavior\ContentReplaceBehavior [ RunTime:0.001000s ]
INFO: [ template_filter ] --END-- [ RunTime:0.001000s ]
NOTIC: [8] Undefined index: Index C:\wamp\www\toyokou_tenso-japan\tenso\Runtime\Cache\Admin\be049fbf61531cf52c390be96397e5b5.php 第 49 行.
NOTIC: [8] Undefined index: Tenso C:\wamp\www\toyokou_tenso-japan\tenso\Runtime\Cache\Admin\be049fbf61531cf52c390be96397e5b5.php 第 50 行.
NOTIC: [8] Undefined index: Tenso C:\wamp\www\toyokou_tenso-japan\tenso\Runtime\Cache\Admin\be049fbf61531cf52c390be96397e5b5.php 第 51 行.
NOTIC: [8] Undefined index: Other C:\wamp\www\toyokou_tenso-japan\tenso\Runtime\Cache\Admin\be049fbf61531cf52c390be96397e5b5.php 第 52 行.
NOTIC: [8] Undefined index: ifCurrent C:\wamp\www\toyokou_tenso-japan\tenso\Runtime\Cache\Admin\be049fbf61531cf52c390be96397e5b5.php 第 57 行.
NOTIC: [8] Undefined index: ifCurrent C:\wamp\www\toyokou_tenso-japan\tenso\Runtime\Cache\Admin\be049fbf61531cf52c390be96397e5b5.php 第 57 行.
NOTIC: [8] Undefined index: ifCurrent C:\wamp\www\toyokou_tenso-japan\tenso\Runtime\Cache\Admin\be049fbf61531cf52c390be96397e5b5.php 第 57 行.
NOTIC: [8] Undefined index: ifCurrent C:\wamp\www\toyokou_tenso-japan\tenso\Runtime\Cache\Admin\be049fbf61531cf52c390be96397e5b5.php 第 57 行.
NOTIC: [8] Undefined index: ifCurrent C:\wamp\www\toyokou_tenso-japan\tenso\Runtime\Cache\Admin\be049fbf61531cf52c390be96397e5b5.php 第 57 行.
NOTIC: [8] Undefined index: ifCurrent C:\wamp\www\toyokou_tenso-japan\tenso\Runtime\Cache\Admin\be049fbf61531cf52c390be96397e5b5.php 第 57 行.
NOTIC: [8] Undefined index: ifCurrent C:\wamp\www\toyokou_tenso-japan\tenso\Runtime\Cache\Admin\be049fbf61531cf52c390be96397e5b5.php 第 57 行.
NOTIC: [8] Undefined index: ifCurrent C:\wamp\www\toyokou_tenso-japan\tenso\Runtime\Cache\Admin\be049fbf61531cf52c390be96397e5b5.php 第 73 行.
NOTIC: [8] Undefined index: ifCurrent C:\wamp\www\toyokou_tenso-japan\tenso\Runtime\Cache\Admin\be049fbf61531cf52c390be96397e5b5.php 第 73 行.
NOTIC: [8] Undefined index: ifCurrent C:\wamp\www\toyokou_tenso-japan\tenso\Runtime\Cache\Admin\be049fbf61531cf52c390be96397e5b5.php 第 73 行.
NOTIC: [8] Undefined index: ifCurrent C:\wamp\www\toyokou_tenso-japan\tenso\Runtime\Cache\Admin\be049fbf61531cf52c390be96397e5b5.php 第 73 行.
NOTIC: [8] Undefined index: ifCurrent C:\wamp\www\toyokou_tenso-japan\tenso\Runtime\Cache\Admin\be049fbf61531cf52c390be96397e5b5.php 第 73 行.
NOTIC: [8] Undefined index: ifCurrent C:\wamp\www\toyokou_tenso-japan\tenso\Runtime\Cache\Admin\be049fbf61531cf52c390be96397e5b5.php 第 73 行.
NOTIC: [8] Undefined index: ifCurrent C:\wamp\www\toyokou_tenso-japan\tenso\Runtime\Cache\Admin\be049fbf61531cf52c390be96397e5b5.php 第 73 行.
NOTIC: [8] Undefined index: pkg_ids C:\wamp\www\toyokou_tenso-japan\tenso\Runtime\Cache\Admin\be049fbf61531cf52c390be96397e5b5.php 第 171 行.
NOTIC: [8] Undefined index: pkg_ids C:\wamp\www\toyokou_tenso-japan\tenso\Runtime\Cache\Admin\be049fbf61531cf52c390be96397e5b5.php 第 171 行.
NOTIC: [8] Undefined index: pkg_id C:\wamp\www\toyokou_tenso-japan\tenso\Runtime\Cache\Admin\be049fbf61531cf52c390be96397e5b5.php 第 197 行.
NOTIC: [8] Undefined index: goods_status C:\wamp\www\toyokou_tenso-japan\tenso\Runtime\Cache\Admin\be049fbf61531cf52c390be96397e5b5.php 第 201 行.
NOTIC: [8] Undefined index: pkg_id C:\wamp\www\toyokou_tenso-japan\tenso\Runtime\Cache\Admin\be049fbf61531cf52c390be96397e5b5.php 第 197 行.
NOTIC: [8] Undefined index: goods_status C:\wamp\www\toyokou_tenso-japan\tenso\Runtime\Cache\Admin\be049fbf61531cf52c390be96397e5b5.php 第 201 行.
NOTIC: [8] Undefined index: pkg_id C:\wamp\www\toyokou_tenso-japan\tenso\Runtime\Cache\Admin\be049fbf61531cf52c390be96397e5b5.php 第 197 行.
NOTIC: [8] Undefined index: goods_status C:\wamp\www\toyokou_tenso-japan\tenso\Runtime\Cache\Admin\be049fbf61531cf52c390be96397e5b5.php 第 201 行.
NOTIC: [8] Undefined index: pkg_id C:\wamp\www\toyokou_tenso-japan\tenso\Runtime\Cache\Admin\be049fbf61531cf52c390be96397e5b5.php 第 197 行.
NOTIC: [8] Undefined index: goods_status C:\wamp\www\toyokou_tenso-japan\tenso\Runtime\Cache\Admin\be049fbf61531cf52c390be96397e5b5.php 第 201 行.
INFO: Run Behavior\ParseTemplateBehavior [ RunTime:0.047003s ]
INFO: [ view_parse ] --END-- [ RunTime:0.048003s ]
INFO: [ view_filter ] --START--
INFO: Run Behavior\WriteHtmlCacheBehavior [ RunTime:0.001000s ]
INFO: [ view_filter ] --END-- [ RunTime:0.001000s ]
INFO: [ app_end ] --START--
INFO: Run Behavior\ShowPageTraceBehavior [ RunTime:0.001000s ]
INFO: [ app_end ] --END-- [ RunTime:0.001000s ]

[ 2015-04-30T22:25:22+08:00 ] 127.0.0.1 /toyokou_tenso-japan/tenso/Admin/Index/request.html
INFO: [ app_init ] --START--
INFO: Run Behavior\BuildLiteBehavior [ RunTime:0.000000s ]
INFO: [ app_init ] --END-- [ RunTime:0.001000s ]
INFO: [ app_begin ] --START--
INFO: Run Behavior\ReadHtmlCacheBehavior [ RunTime:0.002000s ]
INFO: [ app_begin ] --END-- [ RunTime:0.002000s ]
SQL: SHOW COLUMNS FROM `tns_site` [ RunTime:0.0070s ]
SQL: SHOW COLUMNS FROM `tns_pkg` [ RunTime:0.0060s ]
SQL: SELECT * FROM `tns_site` WHERE `prty_name` = 'site_name' LIMIT 1   [ RunTime:0.0000s ]
SQL: SELECT COUNT(*) AS tp_count FROM `tns_pkg` WHERE ( ifRecycle = 0 AND NOT pkg_status = "final" ) LIMIT 1   [ RunTime:0.0010s ]
SQL: SELECT COUNT(*) AS tp_count FROM `tns_pkg` WHERE ( ifRecycle = 0 AND pkg_status = "request" ) LIMIT 1   [ RunTime:0.0010s ]
SQL: SELECT COUNT(*) AS tp_count FROM `tns_pkg` WHERE ( ifRecycle = 0 AND pkg_status = "merge" ) LIMIT 1   [ RunTime:0.0000s ]
SQL: SELECT COUNT(*) AS tp_count FROM `tns_pkg` WHERE ( ifRecycle = 0 AND pkg_status = "payment" ) LIMIT 1   [ RunTime:0.0010s ]
SQL: SELECT COUNT(*) AS tp_count FROM `tns_pkg` WHERE ( ifRecycle = 0 AND pkg_status = "shipping" ) LIMIT 1   [ RunTime:0.0000s ]
SQL: SELECT COUNT(*) AS tp_count FROM `tns_pkg` WHERE ( ifRecycle = 0 AND pkg_status = "confirm" ) LIMIT 1   [ RunTime:0.0010s ]
SQL: SELECT COUNT(*) AS tp_count FROM `tns_pkg` WHERE ( ifRecycle = 0 AND pkg_status = "receipt" ) LIMIT 1   [ RunTime:0.0000s ]
SQL: SELECT COUNT(*) AS tp_count FROM `tns_pkg` WHERE ( ifRecycle = 1 ) LIMIT 1   [ RunTime:0.0000s ]
NOTIC: [8] Undefined variable: ifCurrent_subMenu C:\wamp\www\toyokou_tenso-japan\tenso\Admin\Controller\IndexController.class.php 第 55 行.
NOTIC: [8] Undefined index: username C:\wamp\www\toyokou_tenso-japan\tenso\Admin\Controller\IndexController.class.php 第 56 行.
SQL: SHOW COLUMNS FROM `tns_goods` [ RunTime:0.0060s ]
NOTIC: [8] Undefined index: pkg_status C:\wamp\www\toyokou_tenso-japan\tenso\Admin\Controller\IndexController.class.php 第 91 行.
NOTIC: [8] Undefined index: pkg_status C:\wamp\www\toyokou_tenso-japan\tenso\Admin\Controller\IndexController.class.php 第 101 行.
NOTIC: [8] Undefined index: goods_title C:\wamp\www\toyokou_tenso-japan\tenso\Admin\Controller\IndexController.class.php 第 112 行.
NOTIC: [2] Invalid argument supplied for foreach() C:\wamp\www\toyokou_tenso-japan\tenso\Admin\Controller\IndexController.class.php 第 112 行.
SQL: SELECT COUNT(*) AS tp_count FROM `tns_pkg` WHERE ( ifRecycle = 0 AND NOT pkg_status = "final" ) LIMIT 1   [ RunTime:0.0000s ]
SQL: SELECT COUNT(*) AS tp_count FROM `tns_pkg` WHERE ( ifRecycle = 0 AND pkg_status = "request" ) LIMIT 1   [ RunTime:0.0010s ]
SQL: SELECT COUNT(*) AS tp_count FROM `tns_pkg` WHERE ( ifRecycle = 0 AND pkg_status = "merge" ) LIMIT 1   [ RunTime:0.0010s ]
SQL: SELECT COUNT(*) AS tp_count FROM `tns_pkg` WHERE ( ifRecycle = 0 AND pkg_status = "payment" ) LIMIT 1   [ RunTime:0.0010s ]
SQL: SELECT COUNT(*) AS tp_count FROM `tns_pkg` WHERE ( ifRecycle = 0 AND pkg_status = "shipping" ) LIMIT 1   [ RunTime:0.0000s ]
SQL: SELECT COUNT(*) AS tp_count FROM `tns_pkg` WHERE ( ifRecycle = 0 AND pkg_status = "confirm" ) LIMIT 1   [ RunTime:0.0000s ]
SQL: SELECT COUNT(*) AS tp_count FROM `tns_pkg` WHERE ( ifRecycle = 0 AND pkg_status = "receipt" ) LIMIT 1   [ RunTime:0.0000s ]
SQL: SELECT COUNT(*) AS tp_count FROM `tns_pkg` WHERE ( ifRecycle = 1 ) LIMIT 1   [ RunTime:0.0000s ]
SQL: SELECT * FROM `tns_pkg` WHERE ( ifRecycle = 0 AND pkg_status = "request" ) ORDER BY pkg_create_time desc LIMIT 10   [ RunTime:0.0000s ]
INFO: [ view_parse ] --START--
INFO: [ template_filter ] --START--
INFO: Run Behavior\ContentReplaceBehavior [ RunTime:0.001000s ]
INFO: [ template_filter ] --END-- [ RunTime:0.001000s ]
NOTIC: [8] Undefined index: Index C:\wamp\www\toyokou_tenso-japan\tenso\Runtime\Cache\Admin\80f832c5e82914dc4d692e196c746c66.php 第 54 行.
NOTIC: [8] Undefined index: Tenso C:\wamp\www\toyokou_tenso-japan\tenso\Runtime\Cache\Admin\80f832c5e82914dc4d692e196c746c66.php 第 55 行.
NOTIC: [8] Undefined index: Tenso C:\wamp\www\toyokou_tenso-japan\tenso\Runtime\Cache\Admin\80f832c5e82914dc4d692e196c746c66.php 第 56 行.
NOTIC: [8] Undefined index: Other C:\wamp\www\toyokou_tenso-japan\tenso\Runtime\Cache\Admin\80f832c5e82914dc4d692e196c746c66.php 第 57 行.
NOTIC: [8] Undefined index: ifCurrent C:\wamp\www\toyokou_tenso-japan\tenso\Runtime\Cache\Admin\80f832c5e82914dc4d692e196c746c66.php 第 62 行.
NOTIC: [8] Undefined index: ifCurrent C:\wamp\www\toyokou_tenso-japan\tenso\Runtime\Cache\Admin\80f832c5e82914dc4d692e196c746c66.php 第 62 行.
NOTIC: [8] Undefined index: ifCurrent C:\wamp\www\toyokou_tenso-japan\tenso\Runtime\Cache\Admin\80f832c5e82914dc4d692e196c746c66.php 第 62 行.
NOTIC: [8] Undefined index: ifCurrent C:\wamp\www\toyokou_tenso-japan\tenso\Runtime\Cache\Admin\80f832c5e82914dc4d692e196c746c66.php 第 62 行.
NOTIC: [8] Undefined index: ifCurrent C:\wamp\www\toyokou_tenso-japan\tenso\Runtime\Cache\Admin\80f832c5e82914dc4d692e196c746c66.php 第 62 行.
NOTIC: [8] Undefined index: ifCurrent C:\wamp\www\toyokou_tenso-japan\tenso\Runtime\Cache\Admin\80f832c5e82914dc4d692e196c746c66.php 第 62 行.
NOTIC: [8] Undefined index: ifCurrent C:\wamp\www\toyokou_tenso-japan\tenso\Runtime\Cache\Admin\80f832c5e82914dc4d692e196c746c66.php 第 62 行.
NOTIC: [8] Undefined index: ifCurrent C:\wamp\www\toyokou_tenso-japan\tenso\Runtime\Cache\Admin\80f832c5e82914dc4d692e196c746c66.php 第 78 行.
NOTIC: [8] Undefined index: ifCurrent C:\wamp\www\toyokou_tenso-japan\tenso\Runtime\Cache\Admin\80f832c5e82914dc4d692e196c746c66.php 第 78 行.
NOTIC: [8] Undefined index: ifCurrent C:\wamp\www\toyokou_tenso-japan\tenso\Runtime\Cache\Admin\80f832c5e82914dc4d692e196c746c66.php 第 78 行.
NOTIC: [8] Undefined index: ifCurrent C:\wamp\www\toyokou_tenso-japan\tenso\Runtime\Cache\Admin\80f832c5e82914dc4d692e196c746c66.php 第 78 行.
NOTIC: [8] Undefined index: ifCurrent C:\wamp\www\toyokou_tenso-japan\tenso\Runtime\Cache\Admin\80f832c5e82914dc4d692e196c746c66.php 第 78 行.
NOTIC: [8] Undefined index: ifCurrent C:\wamp\www\toyokou_tenso-japan\tenso\Runtime\Cache\Admin\80f832c5e82914dc4d692e196c746c66.php 第 78 行.
NOTIC: [8] Undefined index: ifCurrent C:\wamp\www\toyokou_tenso-japan\tenso\Runtime\Cache\Admin\80f832c5e82914dc4d692e196c746c66.php 第 78 行.
INFO: Run Behavior\ParseTemplateBehavior [ RunTime:0.042003s ]
INFO: [ view_parse ] --END-- [ RunTime:0.042003s ]
INFO: [ view_filter ] --START--
INFO: Run Behavior\WriteHtmlCacheBehavior [ RunTime:0.001000s ]
INFO: [ view_filter ] --END-- [ RunTime:0.001000s ]
NOTIC: [8] Undefined variable: data C:\wamp\www\toyokou_tenso-japan\tenso\Admin\Controller\IndexController.class.php 第 122 行.
INFO: [ app_end ] --START--
INFO: Run Behavior\ShowPageTraceBehavior [ RunTime:0.001000s ]
INFO: [ app_end ] --END-- [ RunTime:0.002000s ]

[ 2015-04-30T22:27:15+08:00 ] 127.0.0.1 /toyokou_tenso-japan/tenso/Admin/Index/request.html
INFO: [ app_init ] --START--
INFO: Run Behavior\BuildLiteBehavior [ RunTime:0.000000s ]
INFO: [ app_init ] --END-- [ RunTime:0.000000s ]
INFO: [ app_begin ] --START--
INFO: Run Behavior\ReadHtmlCacheBehavior [ RunTime:0.001001s ]
INFO: [ app_begin ] --END-- [ RunTime:0.002001s ]
SQL: SHOW COLUMNS FROM `tns_site` [ RunTime:0.0040s ]
SQL: SHOW COLUMNS FROM `tns_pkg` [ RunTime:0.0050s ]
SQL: SELECT * FROM `tns_site` WHERE `prty_name` = 'site_name' LIMIT 1   [ RunTime:0.0000s ]
SQL: SELECT COUNT(*) AS tp_count FROM `tns_pkg` WHERE ( ifRecycle = 0 AND NOT pkg_status = "final" ) LIMIT 1   [ RunTime:0.0000s ]
SQL: SELECT COUNT(*) AS tp_count FROM `tns_pkg` WHERE ( ifRecycle = 0 AND pkg_status = "request" ) LIMIT 1   [ RunTime:0.0000s ]
SQL: SELECT COUNT(*) AS tp_count FROM `tns_pkg` WHERE ( ifRecycle = 0 AND pkg_status = "merge" ) LIMIT 1   [ RunTime:0.0010s ]
SQL: SELECT COUNT(*) AS tp_count FROM `tns_pkg` WHERE ( ifRecycle = 0 AND pkg_status = "payment" ) LIMIT 1   [ RunTime:0.0000s ]
SQL: SELECT COUNT(*) AS tp_count FROM `tns_pkg` WHERE ( ifRecycle = 0 AND pkg_status = "shipping" ) LIMIT 1   [ RunTime:0.0010s ]
SQL: SELECT COUNT(*) AS tp_count FROM `tns_pkg` WHERE ( ifRecycle = 0 AND pkg_status = "confirm" ) LIMIT 1   [ RunTime:0.0000s ]
SQL: SELECT COUNT(*) AS tp_count FROM `tns_pkg` WHERE ( ifRecycle = 0 AND pkg_status = "receipt" ) LIMIT 1   [ RunTime:0.0010s ]
SQL: SELECT COUNT(*) AS tp_count FROM `tns_pkg` WHERE ( ifRecycle = 1 ) LIMIT 1   [ RunTime:0.0000s ]
NOTIC: [8] Undefined variable: ifCurrent_subMenu C:\wamp\www\toyokou_tenso-japan\tenso\Admin\Controller\IndexController.class.php 第 55 行.
NOTIC: [8] Undefined index: username C:\wamp\www\toyokou_tenso-japan\tenso\Admin\Controller\IndexController.class.php 第 56 行.
SQL: SHOW COLUMNS FROM `tns_goods` [ RunTime:0.0060s ]
SQL: UPDATE `tns_pkg` SET `pkg_id`='20150430002',`pkg_status`='payment' WHERE ( pkg_id=20150430002 ) [ RunTime:0.0000s ]
SQL: INSERT INTO `tns_goods` (`goods_title`,`goods_num`) VALUES ('内容','1') [ RunTime:0.1110s ]
SQL: INSERT INTO `tns_goods` (`goods_title`,`goods_num`) VALUES ('是短发','1') [ RunTime:0.2200s ]
SQL: INSERT INTO `tns_goods` (`goods_title`,`goods_num`) VALUES ('司法斯蒂芬','1') [ RunTime:0.0660s ]
SQL: SELECT COUNT(*) AS tp_count FROM `tns_pkg` WHERE ( ifRecycle = 0 AND NOT pkg_status = "final" ) LIMIT 1   [ RunTime:0.0000s ]
SQL: SELECT COUNT(*) AS tp_count FROM `tns_pkg` WHERE ( ifRecycle = 0 AND pkg_status = "request" ) LIMIT 1   [ RunTime:0.0010s ]
SQL: SELECT COUNT(*) AS tp_count FROM `tns_pkg` WHERE ( ifRecycle = 0 AND pkg_status = "merge" ) LIMIT 1   [ RunTime:0.0000s ]
SQL: SELECT COUNT(*) AS tp_count FROM `tns_pkg` WHERE ( ifRecycle = 0 AND pkg_status = "payment" ) LIMIT 1   [ RunTime:0.0000s ]
SQL: SELECT COUNT(*) AS tp_count FROM `tns_pkg` WHERE ( ifRecycle = 0 AND pkg_status = "shipping" ) LIMIT 1   [ RunTime:0.0000s ]
SQL: SELECT COUNT(*) AS tp_count FROM `tns_pkg` WHERE ( ifRecycle = 0 AND pkg_status = "confirm" ) LIMIT 1   [ RunTime:0.0000s ]
SQL: SELECT COUNT(*) AS tp_count FROM `tns_pkg` WHERE ( ifRecycle = 0 AND pkg_status = "receipt" ) LIMIT 1   [ RunTime:0.0010s ]
SQL: SELECT COUNT(*) AS tp_count FROM `tns_pkg` WHERE ( ifRecycle = 1 ) LIMIT 1   [ RunTime:0.0010s ]
SQL: SELECT * FROM `tns_pkg` WHERE ( ifRecycle = 0 AND pkg_status = "request" ) ORDER BY pkg_create_time desc LIMIT 10   [ RunTime:0.0010s ]
INFO: [ view_parse ] --START--
INFO: [ template_filter ] --START--
INFO: Run Behavior\ContentReplaceBehavior [ RunTime:0.000000s ]
INFO: [ template_filter ] --END-- [ RunTime:0.000000s ]
NOTIC: [8] Undefined index: Index C:\wamp\www\toyokou_tenso-japan\tenso\Runtime\Cache\Admin\80f832c5e82914dc4d692e196c746c66.php 第 54 行.
NOTIC: [8] Undefined index: Tenso C:\wamp\www\toyokou_tenso-japan\tenso\Runtime\Cache\Admin\80f832c5e82914dc4d692e196c746c66.php 第 55 行.
NOTIC: [8] Undefined index: Tenso C:\wamp\www\toyokou_tenso-japan\tenso\Runtime\Cache\Admin\80f832c5e82914dc4d692e196c746c66.php 第 56 行.
NOTIC: [8] Undefined index: Other C:\wamp\www\toyokou_tenso-japan\tenso\Runtime\Cache\Admin\80f832c5e82914dc4d692e196c746c66.php 第 57 行.
NOTIC: [8] Undefined index: ifCurrent C:\wamp\www\toyokou_tenso-japan\tenso\Runtime\Cache\Admin\80f832c5e82914dc4d692e196c746c66.php 第 62 行.
NOTIC: [8] Undefined index: ifCurrent C:\wamp\www\toyokou_tenso-japan\tenso\Runtime\Cache\Admin\80f832c5e82914dc4d692e196c746c66.php 第 62 行.
NOTIC: [8] Undefined index: ifCurrent C:\wamp\www\toyokou_tenso-japan\tenso\Runtime\Cache\Admin\80f832c5e82914dc4d692e196c746c66.php 第 62 行.
NOTIC: [8] Undefined index: ifCurrent C:\wamp\www\toyokou_tenso-japan\tenso\Runtime\Cache\Admin\80f832c5e82914dc4d692e196c746c66.php 第 62 行.
NOTIC: [8] Undefined index: ifCurrent C:\wamp\www\toyokou_tenso-japan\tenso\Runtime\Cache\Admin\80f832c5e82914dc4d692e196c746c66.php 第 62 行.
NOTIC: [8] Undefined index: ifCurrent C:\wamp\www\toyokou_tenso-japan\tenso\Runtime\Cache\Admin\80f832c5e82914dc4d692e196c746c66.php 第 62 行.
NOTIC: [8] Undefined index: ifCurrent C:\wamp\www\toyokou_tenso-japan\tenso\Runtime\Cache\Admin\80f832c5e82914dc4d692e196c746c66.php 第 62 行.
NOTIC: [8] Undefined index: ifCurrent C:\wamp\www\toyokou_tenso-japan\tenso\Runtime\Cache\Admin\80f832c5e82914dc4d692e196c746c66.php 第 78 行.
NOTIC: [8] Undefined index: ifCurrent C:\wamp\www\toyokou_tenso-japan\tenso\Runtime\Cache\Admin\80f832c5e82914dc4d692e196c746c66.php 第 78 行.
NOTIC: [8] Undefined index: ifCurrent C:\wamp\www\toyokou_tenso-japan\tenso\Runtime\Cache\Admin\80f832c5e82914dc4d692e196c746c66.php 第 78 行.
NOTIC: [8] Undefined index: ifCurrent C:\wamp\www\toyokou_tenso-japan\tenso\Runtime\Cache\Admin\80f832c5e82914dc4d692e196c746c66.php 第 78 行.
NOTIC: [8] Undefined index: ifCurrent C:\wamp\www\toyokou_tenso-japan\tenso\Runtime\Cache\Admin\80f832c5e82914dc4d692e196c746c66.php 第 78 行.
NOTIC: [8] Undefined index: ifCurrent C:\wamp\www\toyokou_tenso-japan\tenso\Runtime\Cache\Admin\80f832c5e82914dc4d692e196c746c66.php 第 78 行.
NOTIC: [8] Undefined index: ifCurrent C:\wamp\www\toyokou_tenso-japan\tenso\Runtime\Cache\Admin\80f832c5e82914dc4d692e196c746c66.php 第 78 行.
INFO: Run Behavior\ParseTemplateBehavior [ RunTime:0.033002s ]
INFO: [ view_parse ] --END-- [ RunTime:0.034002s ]
INFO: [ view_filter ] --START--
INFO: Run Behavior\WriteHtmlCacheBehavior [ RunTime:0.001000s ]
INFO: [ view_filter ] --END-- [ RunTime:0.001000s ]
INFO: [ app_end ] --START--
INFO: Run Behavior\ShowPageTraceBehavior [ RunTime:0.001000s ]
INFO: [ app_end ] --END-- [ RunTime:0.001000s ]

