[ 2015-05-30T13:39:15+08:00 ] ::1 /toyokou_tenso-japan/tenso/admin/
INFO: [ app_init ] --START--
INFO: Run Behavior\BuildLiteBehavior [ RunTime:0.000000s ]
INFO: [ app_init ] --END-- [ RunTime:0.000000s ]
INFO: [ app_begin ] --START--
INFO: Run Behavior\ReadHtmlCacheBehavior [ RunTime:0.001000s ]
INFO: [ app_begin ] --END-- [ RunTime:0.001000s ]
SQL: SHOW COLUMNS FROM `tns_site` [ RunTime:0.0870s ]
SQL: SHOW COLUMNS FROM `tns_pkg` [ RunTime:0.0380s ]
SQL: SHOW COLUMNS FROM `tns_box` [ RunTime:0.0230s ]
SQL: SHOW COLUMNS FROM `tns_goods` [ RunTime:0.0210s ]
SQL: SELECT * FROM `tns_site` WHERE `prty_name` = 'site_name' LIMIT 1   [ RunTime:0.0360s ]
SQL: SELECT COUNT(*) AS tp_count FROM `tns_pkg` WHERE ( ifRecycle = 0 AND NOT pkg_status = "final" ) LIMIT 1   [ RunTime:0.0000s ]
SQL: SELECT COUNT(*) AS tp_count FROM `tns_pkg` WHERE ( ifRecycle = 0 AND pkg_status = "request" ) LIMIT 1   [ RunTime:0.0000s ]
SQL: SELECT COUNT(*) AS tp_count FROM `tns_pkg` WHERE ( ifRecycle = 0 AND pkg_status = "merge" ) LIMIT 1   [ RunTime:0.0110s ]
SQL: SELECT COUNT(*) AS tp_count FROM `tns_pkg` WHERE ( ifRecycle = 0 AND pkg_status = "payment" ) LIMIT 1   [ RunTime:0.0000s ]
SQL: SELECT COUNT(*) AS tp_count FROM `tns_pkg` WHERE ( ifRecycle = 0 AND pkg_status = "shipping" ) LIMIT 1   [ RunTime:0.0000s ]
SQL: SELECT COUNT(*) AS tp_count FROM `tns_pkg` WHERE ( ifRecycle = 0 AND pkg_status = "confirm" ) LIMIT 1   [ RunTime:0.0000s ]
SQL: SELECT COUNT(*) AS tp_count FROM `tns_pkg` WHERE ( ifRecycle = 0 AND pkg_status = "receipt" ) LIMIT 1   [ RunTime:0.0000s ]
SQL: SELECT COUNT(*) AS tp_count FROM `tns_pkg` WHERE ( ifRecycle = 1 ) LIMIT 1   [ RunTime:0.0000s ]
NOTIC: [8] Undefined variable: ifCurrent_subMenu C:\wamp\www\toyokou_tenso-japan\tenso\Admin\Controller\IndexController.class.php 第 64 行.
NOTIC: [8] Undefined index: username C:\wamp\www\toyokou_tenso-japan\tenso\Admin\Controller\IndexController.class.php 第 65 行.
INFO: [ app_end ] --START--
INFO: Run Behavior\ShowPageTraceBehavior [ RunTime:0.000000s ]
INFO: [ app_end ] --END-- [ RunTime:0.000000s ]

[ 2015-05-30T13:39:16+08:00 ] ::1 /toyokou_tenso-japan/tenso/Admin/Index/stock
INFO: [ app_init ] --START--
INFO: Run Behavior\BuildLiteBehavior [ RunTime:0.000000s ]
INFO: [ app_init ] --END-- [ RunTime:0.000000s ]
INFO: [ app_begin ] --START--
INFO: Run Behavior\ReadHtmlCacheBehavior [ RunTime:0.000000s ]
INFO: [ app_begin ] --END-- [ RunTime:0.000000s ]
SQL: SHOW COLUMNS FROM `tns_site` [ RunTime:0.0050s ]
SQL: SHOW COLUMNS FROM `tns_pkg` [ RunTime:0.0090s ]
SQL: SHOW COLUMNS FROM `tns_box` [ RunTime:0.0040s ]
SQL: SHOW COLUMNS FROM `tns_goods` [ RunTime:0.0050s ]
SQL: SELECT * FROM `tns_site` WHERE `prty_name` = 'site_name' LIMIT 1   [ RunTime:0.0010s ]
SQL: SELECT COUNT(*) AS tp_count FROM `tns_pkg` WHERE ( ifRecycle = 0 AND NOT pkg_status = "final" ) LIMIT 1   [ RunTime:0.0000s ]
SQL: SELECT COUNT(*) AS tp_count FROM `tns_pkg` WHERE ( ifRecycle = 0 AND pkg_status = "request" ) LIMIT 1   [ RunTime:0.0000s ]
SQL: SELECT COUNT(*) AS tp_count FROM `tns_pkg` WHERE ( ifRecycle = 0 AND pkg_status = "merge" ) LIMIT 1   [ RunTime:0.0010s ]
SQL: SELECT COUNT(*) AS tp_count FROM `tns_pkg` WHERE ( ifRecycle = 0 AND pkg_status = "payment" ) LIMIT 1   [ RunTime:0.0000s ]
SQL: SELECT COUNT(*) AS tp_count FROM `tns_pkg` WHERE ( ifRecycle = 0 AND pkg_status = "shipping" ) LIMIT 1   [ RunTime:0.0000s ]
SQL: SELECT COUNT(*) AS tp_count FROM `tns_pkg` WHERE ( ifRecycle = 0 AND pkg_status = "confirm" ) LIMIT 1   [ RunTime:0.0000s ]
SQL: SELECT COUNT(*) AS tp_count FROM `tns_pkg` WHERE ( ifRecycle = 0 AND pkg_status = "receipt" ) LIMIT 1   [ RunTime:0.0000s ]
SQL: SELECT COUNT(*) AS tp_count FROM `tns_pkg` WHERE ( ifRecycle = 1 ) LIMIT 1   [ RunTime:0.0010s ]
NOTIC: [8] Undefined variable: ifCurrent_subMenu C:\wamp\www\toyokou_tenso-japan\tenso\Admin\Controller\IndexController.class.php 第 64 行.
NOTIC: [8] Undefined index: username C:\wamp\www\toyokou_tenso-japan\tenso\Admin\Controller\IndexController.class.php 第 65 行.
NOTIC: [8] Undefined index: pkg_status C:\wamp\www\toyokou_tenso-japan\tenso\Admin\Controller\IndexController.class.php 第 73 行.
SQL: SELECT * FROM `tns_pkg` ORDER BY pkg_id desc LIMIT 1   [ RunTime:0.0010s ]
SQL: SELECT * FROM `tns_pkg` WHERE ( ifRecycle = 0 ) ORDER BY pkg_create_time desc LIMIT 10   [ RunTime:0.0000s ]
SQL: SELECT * FROM `tns_box` WHERE ( ifRecycle = 0 ) ORDER BY box_create_time desc LIMIT 10   [ RunTime:0.0590s ]
SQL: SELECT * FROM `tns_goods` ORDER BY goods_create_time desc LIMIT 10   [ RunTime:0.0330s ]
INFO: [ view_parse ] --START--
INFO: [ template_filter ] --START--
INFO: Run Behavior\ContentReplaceBehavior [ RunTime:0.000000s ]
INFO: [ template_filter ] --END-- [ RunTime:0.000000s ]
NOTIC: [8] Undefined index: member C:\wamp\www\toyokou_tenso-japan\tenso\Runtime\Cache\Admin\be049fbf61531cf52c390be96397e5b5.php 第 42 行.
NOTIC: [8] Undefined index: member C:\wamp\www\toyokou_tenso-japan\tenso\Runtime\Cache\Admin\be049fbf61531cf52c390be96397e5b5.php 第 42 行.
NOTIC: [8] Undefined index: Index C:\wamp\www\toyokou_tenso-japan\tenso\Runtime\Cache\Admin\be049fbf61531cf52c390be96397e5b5.php 第 49 行.
NOTIC: [8] Undefined index: Tenso C:\wamp\www\toyokou_tenso-japan\tenso\Runtime\Cache\Admin\be049fbf61531cf52c390be96397e5b5.php 第 50 行.
NOTIC: [8] Undefined index: Tenso C:\wamp\www\toyokou_tenso-japan\tenso\Runtime\Cache\Admin\be049fbf61531cf52c390be96397e5b5.php 第 51 行.
NOTIC: [8] Undefined index: Other C:\wamp\www\toyokou_tenso-japan\tenso\Runtime\Cache\Admin\be049fbf61531cf52c390be96397e5b5.php 第 52 行.
NOTIC: [8] Undefined index: ifCurrent C:\wamp\www\toyokou_tenso-japan\tenso\Runtime\Cache\Admin\be049fbf61531cf52c390be96397e5b5.php 第 57 行.
NOTIC: [8] Undefined index: ifCurrent C:\wamp\www\toyokou_tenso-japan\tenso\Runtime\Cache\Admin\be049fbf61531cf52c390be96397e5b5.php 第 57 行.
NOTIC: [8] Undefined index: ifCurrent C:\wamp\www\toyokou_tenso-japan\tenso\Runtime\Cache\Admin\be049fbf61531cf52c390be96397e5b5.php 第 57 行.
NOTIC: [8] Undefined index: ifCurrent C:\wamp\www\toyokou_tenso-japan\tenso\Runtime\Cache\Admin\be049fbf61531cf52c390be96397e5b5.php 第 57 行.
NOTIC: [8] Undefined index: ifCurrent C:\wamp\www\toyokou_tenso-japan\tenso\Runtime\Cache\Admin\be049fbf61531cf52c390be96397e5b5.php 第 57 行.
NOTIC: [8] Undefined index: ifCurrent C:\wamp\www\toyokou_tenso-japan\tenso\Runtime\Cache\Admin\be049fbf61531cf52c390be96397e5b5.php 第 57 行.
NOTIC: [8] Undefined index: ifCurrent C:\wamp\www\toyokou_tenso-japan\tenso\Runtime\Cache\Admin\be049fbf61531cf52c390be96397e5b5.php 第 57 行.
NOTIC: [8] Undefined index: ifCurrent C:\wamp\www\toyokou_tenso-japan\tenso\Runtime\Cache\Admin\be049fbf61531cf52c390be96397e5b5.php 第 73 行.
NOTIC: [8] Undefined index: ifCurrent C:\wamp\www\toyokou_tenso-japan\tenso\Runtime\Cache\Admin\be049fbf61531cf52c390be96397e5b5.php 第 73 行.
NOTIC: [8] Undefined index: ifCurrent C:\wamp\www\toyokou_tenso-japan\tenso\Runtime\Cache\Admin\be049fbf61531cf52c390be96397e5b5.php 第 73 行.
NOTIC: [8] Undefined index: ifCurrent C:\wamp\www\toyokou_tenso-japan\tenso\Runtime\Cache\Admin\be049fbf61531cf52c390be96397e5b5.php 第 73 行.
NOTIC: [8] Undefined index: ifCurrent C:\wamp\www\toyokou_tenso-japan\tenso\Runtime\Cache\Admin\be049fbf61531cf52c390be96397e5b5.php 第 73 行.
NOTIC: [8] Undefined index: ifCurrent C:\wamp\www\toyokou_tenso-japan\tenso\Runtime\Cache\Admin\be049fbf61531cf52c390be96397e5b5.php 第 73 行.
NOTIC: [8] Undefined index: ifCurrent C:\wamp\www\toyokou_tenso-japan\tenso\Runtime\Cache\Admin\be049fbf61531cf52c390be96397e5b5.php 第 73 行.
NOTIC: [8] Undefined index: goods_status C:\wamp\www\toyokou_tenso-japan\tenso\Runtime\Cache\Admin\be049fbf61531cf52c390be96397e5b5.php 第 201 行.
NOTIC: [8] Undefined index: goods_status C:\wamp\www\toyokou_tenso-japan\tenso\Runtime\Cache\Admin\be049fbf61531cf52c390be96397e5b5.php 第 201 行.
NOTIC: [8] Undefined index: goods_status C:\wamp\www\toyokou_tenso-japan\tenso\Runtime\Cache\Admin\be049fbf61531cf52c390be96397e5b5.php 第 201 行.
NOTIC: [8] Undefined index: goods_status C:\wamp\www\toyokou_tenso-japan\tenso\Runtime\Cache\Admin\be049fbf61531cf52c390be96397e5b5.php 第 201 行.
NOTIC: [8] Undefined index: goods_status C:\wamp\www\toyokou_tenso-japan\tenso\Runtime\Cache\Admin\be049fbf61531cf52c390be96397e5b5.php 第 201 行.
NOTIC: [8] Undefined index: goods_status C:\wamp\www\toyokou_tenso-japan\tenso\Runtime\Cache\Admin\be049fbf61531cf52c390be96397e5b5.php 第 201 行.
NOTIC: [8] Undefined index: goods_status C:\wamp\www\toyokou_tenso-japan\tenso\Runtime\Cache\Admin\be049fbf61531cf52c390be96397e5b5.php 第 201 行.
INFO: Run Behavior\ParseTemplateBehavior [ RunTime:0.439003s ]
INFO: [ view_parse ] --END-- [ RunTime:0.439003s ]
INFO: [ view_filter ] --START--
INFO: Run Behavior\WriteHtmlCacheBehavior [ RunTime:0.000000s ]
INFO: [ view_filter ] --END-- [ RunTime:0.000000s ]
INFO: [ app_end ] --START--
INFO: Run Behavior\ShowPageTraceBehavior [ RunTime:0.000000s ]
INFO: [ app_end ] --END-- [ RunTime:0.000000s ]

[ 2015-05-30T13:39:16+08:00 ] ::1 /toyokou_tenso-japan/tenso/Admin/login
INFO: [ app_init ] --START--
INFO: Run Behavior\BuildLiteBehavior [ RunTime:0.000000s ]
INFO: [ app_init ] --END-- [ RunTime:0.001000s ]
INFO: [ app_begin ] --START--
INFO: Run Behavior\ReadHtmlCacheBehavior [ RunTime:0.002000s ]
INFO: [ app_begin ] --END-- [ RunTime:0.002000s ]
SQL: SHOW COLUMNS FROM `tns_site` [ RunTime:0.0000s ]
SQL: SELECT * FROM `tns_site` WHERE `prty_name` = 'site_name' LIMIT 1   [ RunTime:0.0100s ]
SQL: SELECT * FROM `tns_site` WHERE `prty_name` = 'admin_username' LIMIT 1   [ RunTime:0.0000s ]
SQL: SELECT * FROM `tns_site` WHERE `prty_name` = 'admin_password' LIMIT 1   [ RunTime:0.0010s ]
NOTIC: [8] Undefined index: member C:\wamp\www\toyokou_tenso-japan\tenso\Admin\Controller\LoginController.class.php 第 15 行.
NOTIC: [8] Undefined index: username C:\wamp\www\toyokou_tenso-japan\tenso\Admin\Controller\LoginController.class.php 第 17 行.
INFO: [ view_parse ] --START--
INFO: [ template_filter ] --START--
INFO: Run Behavior\ContentReplaceBehavior [ RunTime:0.000000s ]
INFO: [ template_filter ] --END-- [ RunTime:0.001000s ]
NOTIC: [8] Undefined index: member C:\wamp\www\toyokou_tenso-japan\tenso\Runtime\Cache\Admin\2a255df3233e9abcdcebadd48eb41ef0.php 第 76 行.
NOTIC: [8] Undefined index: member C:\wamp\www\toyokou_tenso-japan\tenso\Runtime\Cache\Admin\2a255df3233e9abcdcebadd48eb41ef0.php 第 76 行.
NOTIC: [8] Undefined variable: ifCurrent C:\wamp\www\toyokou_tenso-japan\tenso\Runtime\Cache\Admin\2a255df3233e9abcdcebadd48eb41ef0.php 第 83 行.
NOTIC: [8] Undefined variable: ifCurrent C:\wamp\www\toyokou_tenso-japan\tenso\Runtime\Cache\Admin\2a255df3233e9abcdcebadd48eb41ef0.php 第 84 行.
NOTIC: [8] Undefined variable: ifCurrent C:\wamp\www\toyokou_tenso-japan\tenso\Runtime\Cache\Admin\2a255df3233e9abcdcebadd48eb41ef0.php 第 85 行.
NOTIC: [8] Undefined variable: ifCurrent C:\wamp\www\toyokou_tenso-japan\tenso\Runtime\Cache\Admin\2a255df3233e9abcdcebadd48eb41ef0.php 第 86 行.
NOTIC: [8] Undefined variable: subMenu C:\wamp\www\toyokou_tenso-japan\tenso\Runtime\Cache\Admin\2a255df3233e9abcdcebadd48eb41ef0.php 第 91 行.
INFO: Run Behavior\ParseTemplateBehavior [ RunTime:0.142001s ]
INFO: [ view_parse ] --END-- [ RunTime:0.142001s ]
INFO: [ view_filter ] --START--
INFO: Run Behavior\WriteHtmlCacheBehavior [ RunTime:0.000000s ]
INFO: [ view_filter ] --END-- [ RunTime:0.010000s ]
INFO: [ app_end ] --START--
INFO: Run Behavior\ShowPageTraceBehavior [ RunTime:0.000000s ]
INFO: [ app_end ] --END-- [ RunTime:0.000000s ]

[ 2015-05-30T13:39:21+08:00 ] ::1 /toyokou_tenso-japan/tenso/Admin/login
INFO: [ app_init ] --START--
INFO: Run Behavior\BuildLiteBehavior [ RunTime:0.000000s ]
INFO: [ app_init ] --END-- [ RunTime:0.001000s ]
INFO: [ app_begin ] --START--
INFO: Run Behavior\ReadHtmlCacheBehavior [ RunTime:0.002001s ]
INFO: [ app_begin ] --END-- [ RunTime:0.002001s ]
SQL: SHOW COLUMNS FROM `tns_site` [ RunTime:0.0040s ]
SQL: SELECT * FROM `tns_site` WHERE `prty_name` = 'site_name' LIMIT 1   [ RunTime:0.0010s ]
SQL: SELECT * FROM `tns_site` WHERE `prty_name` = 'admin_username' LIMIT 1   [ RunTime:0.0000s ]
SQL: SELECT * FROM `tns_site` WHERE `prty_name` = 'admin_password' LIMIT 1   [ RunTime:0.0000s ]
NOTIC: [8] Undefined index: member C:\wamp\www\toyokou_tenso-japan\tenso\Admin\Controller\LoginController.class.php 第 15 行.
SQL: SELECT * FROM `tns_site` WHERE `prty_name` = 'admin_nickname' LIMIT 1   [ RunTime:0.0010s ]
INFO: [ view_parse ] --START--
INFO: [ template_filter ] --START--
INFO: Run Behavior\ContentReplaceBehavior [ RunTime:0.000000s ]
INFO: [ template_filter ] --END-- [ RunTime:0.001000s ]
INFO: Run Behavior\ParseTemplateBehavior [ RunTime:0.078005s ]
INFO: [ view_parse ] --END-- [ RunTime:0.079005s ]
INFO: [ view_filter ] --START--
INFO: Run Behavior\WriteHtmlCacheBehavior [ RunTime:0.001000s ]
INFO: [ view_filter ] --END-- [ RunTime:0.001000s ]
INFO: [ app_end ] --START--
INFO: Run Behavior\ShowPageTraceBehavior [ RunTime:0.001000s ]
INFO: [ app_end ] --END-- [ RunTime:0.002000s ]

[ 2015-05-30T13:39:21+08:00 ] ::1 /toyokou_tenso-japan/tenso/Admin/Index/
INFO: [ app_init ] --START--
INFO: Run Behavior\BuildLiteBehavior [ RunTime:0.000000s ]
INFO: [ app_init ] --END-- [ RunTime:0.001000s ]
INFO: [ app_begin ] --START--
INFO: Run Behavior\ReadHtmlCacheBehavior [ RunTime:0.001000s ]
INFO: [ app_begin ] --END-- [ RunTime:0.001000s ]
SQL: SHOW COLUMNS FROM `tns_site` [ RunTime:0.0060s ]
SQL: SHOW COLUMNS FROM `tns_pkg` [ RunTime:0.0050s ]
SQL: SHOW COLUMNS FROM `tns_box` [ RunTime:0.0070s ]
SQL: SHOW COLUMNS FROM `tns_goods` [ RunTime:0.0060s ]
SQL: SELECT * FROM `tns_site` WHERE `prty_name` = 'site_name' LIMIT 1   [ RunTime:0.0000s ]
SQL: SELECT COUNT(*) AS tp_count FROM `tns_pkg` WHERE ( ifRecycle = 0 AND NOT pkg_status = "final" ) LIMIT 1   [ RunTime:0.0010s ]
SQL: SELECT COUNT(*) AS tp_count FROM `tns_pkg` WHERE ( ifRecycle = 0 AND pkg_status = "request" ) LIMIT 1   [ RunTime:0.0000s ]
SQL: SELECT COUNT(*) AS tp_count FROM `tns_pkg` WHERE ( ifRecycle = 0 AND pkg_status = "merge" ) LIMIT 1   [ RunTime:0.0000s ]
SQL: SELECT COUNT(*) AS tp_count FROM `tns_pkg` WHERE ( ifRecycle = 0 AND pkg_status = "payment" ) LIMIT 1   [ RunTime:0.0010s ]
SQL: SELECT COUNT(*) AS tp_count FROM `tns_pkg` WHERE ( ifRecycle = 0 AND pkg_status = "shipping" ) LIMIT 1   [ RunTime:0.0010s ]
SQL: SELECT COUNT(*) AS tp_count FROM `tns_pkg` WHERE ( ifRecycle = 0 AND pkg_status = "confirm" ) LIMIT 1   [ RunTime:0.0000s ]
SQL: SELECT COUNT(*) AS tp_count FROM `tns_pkg` WHERE ( ifRecycle = 0 AND pkg_status = "receipt" ) LIMIT 1   [ RunTime:0.0000s ]
SQL: SELECT COUNT(*) AS tp_count FROM `tns_pkg` WHERE ( ifRecycle = 1 ) LIMIT 1   [ RunTime:0.0000s ]
NOTIC: [8] Undefined variable: ifCurrent_subMenu C:\wamp\www\toyokou_tenso-japan\tenso\Admin\Controller\IndexController.class.php 第 64 行.
NOTIC: [8] Undefined index: username C:\wamp\www\toyokou_tenso-japan\tenso\Admin\Controller\IndexController.class.php 第 65 行.
INFO: [ app_end ] --START--
INFO: Run Behavior\ShowPageTraceBehavior [ RunTime:0.000000s ]
INFO: [ app_end ] --END-- [ RunTime:0.000000s ]

[ 2015-05-30T13:39:21+08:00 ] ::1 /toyokou_tenso-japan/tenso/Admin/Index/stock
INFO: [ app_init ] --START--
INFO: Run Behavior\BuildLiteBehavior [ RunTime:0.000000s ]
INFO: [ app_init ] --END-- [ RunTime:0.000000s ]
INFO: [ app_begin ] --START--
INFO: Run Behavior\ReadHtmlCacheBehavior [ RunTime:0.000000s ]
INFO: [ app_begin ] --END-- [ RunTime:0.000000s ]
SQL: SHOW COLUMNS FROM `tns_site` [ RunTime:0.0000s ]
SQL: SHOW COLUMNS FROM `tns_pkg` [ RunTime:0.0100s ]
SQL: SHOW COLUMNS FROM `tns_box` [ RunTime:0.0110s ]
SQL: SHOW COLUMNS FROM `tns_goods` [ RunTime:0.0000s ]
SQL: SELECT * FROM `tns_site` WHERE `prty_name` = 'site_name' LIMIT 1   [ RunTime:0.0000s ]
SQL: SELECT COUNT(*) AS tp_count FROM `tns_pkg` WHERE ( ifRecycle = 0 AND NOT pkg_status = "final" ) LIMIT 1   [ RunTime:0.0000s ]
SQL: SELECT COUNT(*) AS tp_count FROM `tns_pkg` WHERE ( ifRecycle = 0 AND pkg_status = "request" ) LIMIT 1   [ RunTime:0.0000s ]
SQL: SELECT COUNT(*) AS tp_count FROM `tns_pkg` WHERE ( ifRecycle = 0 AND pkg_status = "merge" ) LIMIT 1   [ RunTime:0.0000s ]
SQL: SELECT COUNT(*) AS tp_count FROM `tns_pkg` WHERE ( ifRecycle = 0 AND pkg_status = "payment" ) LIMIT 1   [ RunTime:0.0000s ]
SQL: SELECT COUNT(*) AS tp_count FROM `tns_pkg` WHERE ( ifRecycle = 0 AND pkg_status = "shipping" ) LIMIT 1   [ RunTime:0.0000s ]
SQL: SELECT COUNT(*) AS tp_count FROM `tns_pkg` WHERE ( ifRecycle = 0 AND pkg_status = "confirm" ) LIMIT 1   [ RunTime:0.0000s ]
SQL: SELECT COUNT(*) AS tp_count FROM `tns_pkg` WHERE ( ifRecycle = 0 AND pkg_status = "receipt" ) LIMIT 1   [ RunTime:0.0100s ]
SQL: SELECT COUNT(*) AS tp_count FROM `tns_pkg` WHERE ( ifRecycle = 1 ) LIMIT 1   [ RunTime:0.0010s ]
NOTIC: [8] Undefined variable: ifCurrent_subMenu C:\wamp\www\toyokou_tenso-japan\tenso\Admin\Controller\IndexController.class.php 第 64 行.
NOTIC: [8] Undefined index: username C:\wamp\www\toyokou_tenso-japan\tenso\Admin\Controller\IndexController.class.php 第 65 行.
NOTIC: [8] Undefined index: pkg_status C:\wamp\www\toyokou_tenso-japan\tenso\Admin\Controller\IndexController.class.php 第 73 行.
SQL: SELECT * FROM `tns_pkg` ORDER BY pkg_id desc LIMIT 1   [ RunTime:0.0000s ]
SQL: SELECT * FROM `tns_pkg` WHERE ( ifRecycle = 0 ) ORDER BY pkg_create_time desc LIMIT 10   [ RunTime:0.0000s ]
SQL: SELECT * FROM `tns_box` WHERE ( ifRecycle = 0 ) ORDER BY box_create_time desc LIMIT 10   [ RunTime:0.0000s ]
SQL: SELECT * FROM `tns_goods` ORDER BY goods_create_time desc LIMIT 10   [ RunTime:0.0000s ]
INFO: [ view_parse ] --START--
INFO: [ template_filter ] --START--
INFO: Run Behavior\ContentReplaceBehavior [ RunTime:0.000000s ]
INFO: [ template_filter ] --END-- [ RunTime:0.000000s ]
NOTIC: [8] Undefined index: Index C:\wamp\www\toyokou_tenso-japan\tenso\Runtime\Cache\Admin\be049fbf61531cf52c390be96397e5b5.php 第 49 行.
NOTIC: [8] Undefined index: Tenso C:\wamp\www\toyokou_tenso-japan\tenso\Runtime\Cache\Admin\be049fbf61531cf52c390be96397e5b5.php 第 50 行.
NOTIC: [8] Undefined index: Tenso C:\wamp\www\toyokou_tenso-japan\tenso\Runtime\Cache\Admin\be049fbf61531cf52c390be96397e5b5.php 第 51 行.
NOTIC: [8] Undefined index: Other C:\wamp\www\toyokou_tenso-japan\tenso\Runtime\Cache\Admin\be049fbf61531cf52c390be96397e5b5.php 第 52 行.
NOTIC: [8] Undefined index: ifCurrent C:\wamp\www\toyokou_tenso-japan\tenso\Runtime\Cache\Admin\be049fbf61531cf52c390be96397e5b5.php 第 57 行.
NOTIC: [8] Undefined index: ifCurrent C:\wamp\www\toyokou_tenso-japan\tenso\Runtime\Cache\Admin\be049fbf61531cf52c390be96397e5b5.php 第 57 行.
NOTIC: [8] Undefined index: ifCurrent C:\wamp\www\toyokou_tenso-japan\tenso\Runtime\Cache\Admin\be049fbf61531cf52c390be96397e5b5.php 第 57 行.
NOTIC: [8] Undefined index: ifCurrent C:\wamp\www\toyokou_tenso-japan\tenso\Runtime\Cache\Admin\be049fbf61531cf52c390be96397e5b5.php 第 57 行.
NOTIC: [8] Undefined index: ifCurrent C:\wamp\www\toyokou_tenso-japan\tenso\Runtime\Cache\Admin\be049fbf61531cf52c390be96397e5b5.php 第 57 行.
NOTIC: [8] Undefined index: ifCurrent C:\wamp\www\toyokou_tenso-japan\tenso\Runtime\Cache\Admin\be049fbf61531cf52c390be96397e5b5.php 第 57 行.
NOTIC: [8] Undefined index: ifCurrent C:\wamp\www\toyokou_tenso-japan\tenso\Runtime\Cache\Admin\be049fbf61531cf52c390be96397e5b5.php 第 57 行.
NOTIC: [8] Undefined index: ifCurrent C:\wamp\www\toyokou_tenso-japan\tenso\Runtime\Cache\Admin\be049fbf61531cf52c390be96397e5b5.php 第 73 行.
NOTIC: [8] Undefined index: ifCurrent C:\wamp\www\toyokou_tenso-japan\tenso\Runtime\Cache\Admin\be049fbf61531cf52c390be96397e5b5.php 第 73 行.
NOTIC: [8] Undefined index: ifCurrent C:\wamp\www\toyokou_tenso-japan\tenso\Runtime\Cache\Admin\be049fbf61531cf52c390be96397e5b5.php 第 73 行.
NOTIC: [8] Undefined index: ifCurrent C:\wamp\www\toyokou_tenso-japan\tenso\Runtime\Cache\Admin\be049fbf61531cf52c390be96397e5b5.php 第 73 行.
NOTIC: [8] Undefined index: ifCurrent C:\wamp\www\toyokou_tenso-japan\tenso\Runtime\Cache\Admin\be049fbf61531cf52c390be96397e5b5.php 第 73 行.
NOTIC: [8] Undefined index: ifCurrent C:\wamp\www\toyokou_tenso-japan\tenso\Runtime\Cache\Admin\be049fbf61531cf52c390be96397e5b5.php 第 73 行.
NOTIC: [8] Undefined index: ifCurrent C:\wamp\www\toyokou_tenso-japan\tenso\Runtime\Cache\Admin\be049fbf61531cf52c390be96397e5b5.php 第 73 行.
NOTIC: [8] Undefined index: goods_status C:\wamp\www\toyokou_tenso-japan\tenso\Runtime\Cache\Admin\be049fbf61531cf52c390be96397e5b5.php 第 201 行.
NOTIC: [8] Undefined index: goods_status C:\wamp\www\toyokou_tenso-japan\tenso\Runtime\Cache\Admin\be049fbf61531cf52c390be96397e5b5.php 第 201 行.
NOTIC: [8] Undefined index: goods_status C:\wamp\www\toyokou_tenso-japan\tenso\Runtime\Cache\Admin\be049fbf61531cf52c390be96397e5b5.php 第 201 行.
NOTIC: [8] Undefined index: goods_status C:\wamp\www\toyokou_tenso-japan\tenso\Runtime\Cache\Admin\be049fbf61531cf52c390be96397e5b5.php 第 201 行.
NOTIC: [8] Undefined index: goods_status C:\wamp\www\toyokou_tenso-japan\tenso\Runtime\Cache\Admin\be049fbf61531cf52c390be96397e5b5.php 第 201 行.
NOTIC: [8] Undefined index: goods_status C:\wamp\www\toyokou_tenso-japan\tenso\Runtime\Cache\Admin\be049fbf61531cf52c390be96397e5b5.php 第 201 行.
NOTIC: [8] Undefined index: goods_status C:\wamp\www\toyokou_tenso-japan\tenso\Runtime\Cache\Admin\be049fbf61531cf52c390be96397e5b5.php 第 201 行.
INFO: Run Behavior\ParseTemplateBehavior [ RunTime:0.061000s ]
INFO: [ view_parse ] --END-- [ RunTime:0.061000s ]
INFO: [ view_filter ] --START--
INFO: Run Behavior\WriteHtmlCacheBehavior [ RunTime:0.000000s ]
INFO: [ view_filter ] --END-- [ RunTime:0.000000s ]
INFO: [ app_end ] --START--
INFO: Run Behavior\ShowPageTraceBehavior [ RunTime:0.000000s ]
INFO: [ app_end ] --END-- [ RunTime:0.000000s ]

[ 2015-05-30T13:40:26+08:00 ] ::1 /toyokou_tenso-japan/tenso/Admin/Index/stock
INFO: [ app_init ] --START--
INFO: Run Behavior\BuildLiteBehavior [ RunTime:0.000000s ]
INFO: [ app_init ] --END-- [ RunTime:0.000000s ]
INFO: [ app_begin ] --START--
INFO: Run Behavior\ReadHtmlCacheBehavior [ RunTime:0.001000s ]
INFO: [ app_begin ] --END-- [ RunTime:0.011001s ]
SQL: SHOW COLUMNS FROM `tns_site` [ RunTime:0.0070s ]
SQL: SHOW COLUMNS FROM `tns_pkg` [ RunTime:0.0070s ]
SQL: SHOW COLUMNS FROM `tns_box` [ RunTime:0.0080s ]
SQL: SHOW COLUMNS FROM `tns_goods` [ RunTime:0.0070s ]
SQL: SELECT * FROM `tns_site` WHERE `prty_name` = 'site_name' LIMIT 1   [ RunTime:0.0010s ]
SQL: SELECT COUNT(*) AS tp_count FROM `tns_pkg` WHERE ( ifRecycle = 0 AND NOT pkg_status = "final" ) LIMIT 1   [ RunTime:0.0010s ]
SQL: SELECT COUNT(*) AS tp_count FROM `tns_pkg` WHERE ( ifRecycle = 0 AND pkg_status = "request" ) LIMIT 1   [ RunTime:0.0010s ]
SQL: SELECT COUNT(*) AS tp_count FROM `tns_pkg` WHERE ( ifRecycle = 0 AND pkg_status = "merge" ) LIMIT 1   [ RunTime:0.0010s ]
SQL: SELECT COUNT(*) AS tp_count FROM `tns_pkg` WHERE ( ifRecycle = 0 AND pkg_status = "payment" ) LIMIT 1   [ RunTime:0.0000s ]
SQL: SELECT COUNT(*) AS tp_count FROM `tns_pkg` WHERE ( ifRecycle = 0 AND pkg_status = "shipping" ) LIMIT 1   [ RunTime:0.0010s ]
SQL: SELECT COUNT(*) AS tp_count FROM `tns_pkg` WHERE ( ifRecycle = 0 AND pkg_status = "confirm" ) LIMIT 1   [ RunTime:0.0010s ]
SQL: SELECT COUNT(*) AS tp_count FROM `tns_pkg` WHERE ( ifRecycle = 0 AND pkg_status = "receipt" ) LIMIT 1   [ RunTime:0.0000s ]
SQL: SELECT COUNT(*) AS tp_count FROM `tns_pkg` WHERE ( ifRecycle = 1 ) LIMIT 1   [ RunTime:0.0010s ]
NOTIC: [8] Undefined variable: ifCurrent_subMenu C:\wamp\www\toyokou_tenso-japan\tenso\Admin\Controller\IndexController.class.php 第 64 行.
NOTIC: [8] Undefined index: username C:\wamp\www\toyokou_tenso-japan\tenso\Admin\Controller\IndexController.class.php 第 65 行.
NOTIC: [8] Undefined index: pkg_status C:\wamp\www\toyokou_tenso-japan\tenso\Admin\Controller\IndexController.class.php 第 73 行.
SQL: SELECT * FROM `tns_pkg` ORDER BY pkg_id desc LIMIT 1   [ RunTime:0.0000s ]
SQL: SELECT * FROM `tns_pkg` WHERE ( ifRecycle = 0 ) ORDER BY pkg_create_time desc LIMIT 10   [ RunTime:0.0000s ]
SQL: SELECT * FROM `tns_box` WHERE ( ifRecycle = 0 ) ORDER BY box_create_time desc LIMIT 10   [ RunTime:0.0000s ]
SQL: SELECT * FROM `tns_goods` ORDER BY goods_create_time desc LIMIT 10   [ RunTime:0.0010s ]
INFO: [ view_parse ] --START--
INFO: [ template_filter ] --START--
INFO: Run Behavior\ContentReplaceBehavior [ RunTime:0.001000s ]
INFO: [ template_filter ] --END-- [ RunTime:0.001000s ]
NOTIC: [8] Undefined index: Index C:\wamp\www\toyokou_tenso-japan\tenso\Runtime\Cache\Admin\be049fbf61531cf52c390be96397e5b5.php 第 49 行.
NOTIC: [8] Undefined index: Tenso C:\wamp\www\toyokou_tenso-japan\tenso\Runtime\Cache\Admin\be049fbf61531cf52c390be96397e5b5.php 第 50 行.
NOTIC: [8] Undefined index: Tenso C:\wamp\www\toyokou_tenso-japan\tenso\Runtime\Cache\Admin\be049fbf61531cf52c390be96397e5b5.php 第 51 行.
NOTIC: [8] Undefined index: Other C:\wamp\www\toyokou_tenso-japan\tenso\Runtime\Cache\Admin\be049fbf61531cf52c390be96397e5b5.php 第 52 行.
NOTIC: [8] Undefined index: ifCurrent C:\wamp\www\toyokou_tenso-japan\tenso\Runtime\Cache\Admin\be049fbf61531cf52c390be96397e5b5.php 第 57 行.
NOTIC: [8] Undefined index: ifCurrent C:\wamp\www\toyokou_tenso-japan\tenso\Runtime\Cache\Admin\be049fbf61531cf52c390be96397e5b5.php 第 57 行.
NOTIC: [8] Undefined index: ifCurrent C:\wamp\www\toyokou_tenso-japan\tenso\Runtime\Cache\Admin\be049fbf61531cf52c390be96397e5b5.php 第 57 行.
NOTIC: [8] Undefined index: ifCurrent C:\wamp\www\toyokou_tenso-japan\tenso\Runtime\Cache\Admin\be049fbf61531cf52c390be96397e5b5.php 第 57 行.
NOTIC: [8] Undefined index: ifCurrent C:\wamp\www\toyokou_tenso-japan\tenso\Runtime\Cache\Admin\be049fbf61531cf52c390be96397e5b5.php 第 57 行.
NOTIC: [8] Undefined index: ifCurrent C:\wamp\www\toyokou_tenso-japan\tenso\Runtime\Cache\Admin\be049fbf61531cf52c390be96397e5b5.php 第 57 行.
NOTIC: [8] Undefined index: ifCurrent C:\wamp\www\toyokou_tenso-japan\tenso\Runtime\Cache\Admin\be049fbf61531cf52c390be96397e5b5.php 第 57 行.
NOTIC: [8] Undefined index: ifCurrent C:\wamp\www\toyokou_tenso-japan\tenso\Runtime\Cache\Admin\be049fbf61531cf52c390be96397e5b5.php 第 73 行.
NOTIC: [8] Undefined index: ifCurrent C:\wamp\www\toyokou_tenso-japan\tenso\Runtime\Cache\Admin\be049fbf61531cf52c390be96397e5b5.php 第 73 行.
NOTIC: [8] Undefined index: ifCurrent C:\wamp\www\toyokou_tenso-japan\tenso\Runtime\Cache\Admin\be049fbf61531cf52c390be96397e5b5.php 第 73 行.
NOTIC: [8] Undefined index: ifCurrent C:\wamp\www\toyokou_tenso-japan\tenso\Runtime\Cache\Admin\be049fbf61531cf52c390be96397e5b5.php 第 73 行.
NOTIC: [8] Undefined index: ifCurrent C:\wamp\www\toyokou_tenso-japan\tenso\Runtime\Cache\Admin\be049fbf61531cf52c390be96397e5b5.php 第 73 行.
NOTIC: [8] Undefined index: ifCurrent C:\wamp\www\toyokou_tenso-japan\tenso\Runtime\Cache\Admin\be049fbf61531cf52c390be96397e5b5.php 第 73 行.
NOTIC: [8] Undefined index: ifCurrent C:\wamp\www\toyokou_tenso-japan\tenso\Runtime\Cache\Admin\be049fbf61531cf52c390be96397e5b5.php 第 73 行.
NOTIC: [8] Undefined index: goods_status C:\wamp\www\toyokou_tenso-japan\tenso\Runtime\Cache\Admin\be049fbf61531cf52c390be96397e5b5.php 第 201 行.
NOTIC: [8] Undefined index: goods_status C:\wamp\www\toyokou_tenso-japan\tenso\Runtime\Cache\Admin\be049fbf61531cf52c390be96397e5b5.php 第 201 行.
NOTIC: [8] Undefined index: goods_status C:\wamp\www\toyokou_tenso-japan\tenso\Runtime\Cache\Admin\be049fbf61531cf52c390be96397e5b5.php 第 201 行.
NOTIC: [8] Undefined index: goods_status C:\wamp\www\toyokou_tenso-japan\tenso\Runtime\Cache\Admin\be049fbf61531cf52c390be96397e5b5.php 第 201 行.
NOTIC: [8] Undefined index: goods_status C:\wamp\www\toyokou_tenso-japan\tenso\Runtime\Cache\Admin\be049fbf61531cf52c390be96397e5b5.php 第 201 行.
NOTIC: [8] Undefined index: goods_status C:\wamp\www\toyokou_tenso-japan\tenso\Runtime\Cache\Admin\be049fbf61531cf52c390be96397e5b5.php 第 201 行.
NOTIC: [8] Undefined index: goods_status C:\wamp\www\toyokou_tenso-japan\tenso\Runtime\Cache\Admin\be049fbf61531cf52c390be96397e5b5.php 第 201 行.
INFO: Run Behavior\ParseTemplateBehavior [ RunTime:0.071004s ]
INFO: [ view_parse ] --END-- [ RunTime:0.072004s ]
INFO: [ view_filter ] --START--
INFO: Run Behavior\WriteHtmlCacheBehavior [ RunTime:0.000000s ]
INFO: [ view_filter ] --END-- [ RunTime:0.002000s ]
INFO: [ app_end ] --START--
INFO: Run Behavior\ShowPageTraceBehavior [ RunTime:0.001000s ]
INFO: [ app_end ] --END-- [ RunTime:0.002000s ]

