[ 2015-05-04T20:48:20+08:00 ] 127.0.0.1 /toyokou_tenso-japan/tenso/Admin/
INFO: [ app_init ] --START--
INFO: Run Behavior\BuildLiteBehavior [ RunTime:0.000000s ]
INFO: [ app_init ] --END-- [ RunTime:0.033001s ]
INFO: [ app_begin ] --START--
INFO: Run Behavior\ReadHtmlCacheBehavior [ RunTime:0.002000s ]
INFO: [ app_begin ] --END-- [ RunTime:0.002000s ]
SQL: SHOW COLUMNS FROM `tns_site` [ RunTime:0.3430s ]
SQL: SHOW COLUMNS FROM `tns_pkg` [ RunTime:0.4190s ]
SQL: SHOW COLUMNS FROM `tns_box` [ RunTime:0.1400s ]
SQL: SHOW COLUMNS FROM `tns_goods` [ RunTime:0.3270s ]
SQL: SELECT * FROM `tns_site` WHERE `prty_name` = 'site_name' LIMIT 1   [ RunTime:0.0330s ]
SQL: SELECT COUNT(*) AS tp_count FROM `tns_pkg` WHERE ( ifRecycle = 0 AND NOT pkg_status = "final" ) LIMIT 1   [ RunTime:0.0010s ]
SQL: SELECT COUNT(*) AS tp_count FROM `tns_pkg` WHERE ( ifRecycle = 0 AND pkg_status = "request" ) LIMIT 1   [ RunTime:0.0000s ]
SQL: SELECT COUNT(*) AS tp_count FROM `tns_pkg` WHERE ( ifRecycle = 0 AND pkg_status = "merge" ) LIMIT 1   [ RunTime:0.0000s ]
SQL: SELECT COUNT(*) AS tp_count FROM `tns_pkg` WHERE ( ifRecycle = 0 AND pkg_status = "payment" ) LIMIT 1   [ RunTime:0.0020s ]
SQL: SELECT COUNT(*) AS tp_count FROM `tns_pkg` WHERE ( ifRecycle = 0 AND pkg_status = "shipping" ) LIMIT 1   [ RunTime:0.0000s ]
SQL: SELECT COUNT(*) AS tp_count FROM `tns_pkg` WHERE ( ifRecycle = 0 AND pkg_status = "confirm" ) LIMIT 1   [ RunTime:0.0000s ]
SQL: SELECT COUNT(*) AS tp_count FROM `tns_pkg` WHERE ( ifRecycle = 0 AND pkg_status = "receipt" ) LIMIT 1   [ RunTime:0.0000s ]
SQL: SELECT COUNT(*) AS tp_count FROM `tns_pkg` WHERE ( ifRecycle = 1 ) LIMIT 1   [ RunTime:0.0000s ]
NOTIC: [8] Undefined variable: ifCurrent_subMenu C:\wamp\www\toyokou_tenso-japan\tenso\Admin\Controller\IndexController.class.php 第 64 行.
NOTIC: [8] Undefined index: username C:\wamp\www\toyokou_tenso-japan\tenso\Admin\Controller\IndexController.class.php 第 65 行.
INFO: [ app_end ] --START--
INFO: Run Behavior\ShowPageTraceBehavior [ RunTime:0.024001s ]
INFO: [ app_end ] --END-- [ RunTime:0.025001s ]

[ 2015-05-04T20:48:20+08:00 ] 127.0.0.1 /toyokou_tenso-japan/tenso/Admin/Index/stock
INFO: [ app_init ] --START--
INFO: Run Behavior\BuildLiteBehavior [ RunTime:0.000000s ]
INFO: [ app_init ] --END-- [ RunTime:0.001000s ]
INFO: [ app_begin ] --START--
INFO: Run Behavior\ReadHtmlCacheBehavior [ RunTime:0.001000s ]
INFO: [ app_begin ] --END-- [ RunTime:0.001000s ]
SQL: SHOW COLUMNS FROM `tns_site` [ RunTime:0.0040s ]
SQL: SHOW COLUMNS FROM `tns_pkg` [ RunTime:0.0040s ]
SQL: SHOW COLUMNS FROM `tns_box` [ RunTime:0.0050s ]
SQL: SHOW COLUMNS FROM `tns_goods` [ RunTime:0.0050s ]
SQL: SELECT * FROM `tns_site` WHERE `prty_name` = 'site_name' LIMIT 1   [ RunTime:0.0000s ]
SQL: SELECT COUNT(*) AS tp_count FROM `tns_pkg` WHERE ( ifRecycle = 0 AND NOT pkg_status = "final" ) LIMIT 1   [ RunTime:0.0000s ]
SQL: SELECT COUNT(*) AS tp_count FROM `tns_pkg` WHERE ( ifRecycle = 0 AND pkg_status = "request" ) LIMIT 1   [ RunTime:0.0000s ]
SQL: SELECT COUNT(*) AS tp_count FROM `tns_pkg` WHERE ( ifRecycle = 0 AND pkg_status = "merge" ) LIMIT 1   [ RunTime:0.0000s ]
SQL: SELECT COUNT(*) AS tp_count FROM `tns_pkg` WHERE ( ifRecycle = 0 AND pkg_status = "payment" ) LIMIT 1   [ RunTime:0.0010s ]
SQL: SELECT COUNT(*) AS tp_count FROM `tns_pkg` WHERE ( ifRecycle = 0 AND pkg_status = "shipping" ) LIMIT 1   [ RunTime:0.0000s ]
SQL: SELECT COUNT(*) AS tp_count FROM `tns_pkg` WHERE ( ifRecycle = 0 AND pkg_status = "confirm" ) LIMIT 1   [ RunTime:0.0000s ]
SQL: SELECT COUNT(*) AS tp_count FROM `tns_pkg` WHERE ( ifRecycle = 0 AND pkg_status = "receipt" ) LIMIT 1   [ RunTime:0.0010s ]
SQL: SELECT COUNT(*) AS tp_count FROM `tns_pkg` WHERE ( ifRecycle = 1 ) LIMIT 1   [ RunTime:0.0010s ]
NOTIC: [8] Undefined variable: ifCurrent_subMenu C:\wamp\www\toyokou_tenso-japan\tenso\Admin\Controller\IndexController.class.php 第 64 行.
NOTIC: [8] Undefined index: username C:\wamp\www\toyokou_tenso-japan\tenso\Admin\Controller\IndexController.class.php 第 65 行.
NOTIC: [8] Undefined index: pkg_status C:\wamp\www\toyokou_tenso-japan\tenso\Admin\Controller\IndexController.class.php 第 73 行.
SQL: SELECT * FROM `tns_pkg` ORDER BY pkg_id desc LIMIT 1   [ RunTime:0.0340s ]
SQL: SELECT * FROM `tns_pkg` WHERE ( ifRecycle = 0 ) ORDER BY pkg_create_time desc LIMIT 10   [ RunTime:0.0010s ]
SQL: SELECT * FROM `tns_box` WHERE ( ifRecycle = 0 ) ORDER BY box_create_time desc LIMIT 10   [ RunTime:0.0230s ]
SQL: SELECT * FROM `tns_goods` ORDER BY goods_create_time desc LIMIT 10   [ RunTime:0.0010s ]
INFO: [ view_parse ] --START--
INFO: [ template_filter ] --START--
INFO: Run Behavior\ContentReplaceBehavior [ RunTime:0.001000s ]
INFO: [ template_filter ] --END-- [ RunTime:0.001000s ]
NOTIC: [8] Undefined index: member C:\wamp\www\toyokou_tenso-japan\tenso\Runtime\Cache\Admin\be049fbf61531cf52c390be96397e5b5.php 第 42 行.
NOTIC: [8] Undefined index: member C:\wamp\www\toyokou_tenso-japan\tenso\Runtime\Cache\Admin\be049fbf61531cf52c390be96397e5b5.php 第 42 行.
NOTIC: [8] Undefined index: Index C:\wamp\www\toyokou_tenso-japan\tenso\Runtime\Cache\Admin\be049fbf61531cf52c390be96397e5b5.php 第 49 行.
NOTIC: [8] Undefined index: Tenso C:\wamp\www\toyokou_tenso-japan\tenso\Runtime\Cache\Admin\be049fbf61531cf52c390be96397e5b5.php 第 50 行.
NOTIC: [8] Undefined index: Tenso C:\wamp\www\toyokou_tenso-japan\tenso\Runtime\Cache\Admin\be049fbf61531cf52c390be96397e5b5.php 第 51 行.
NOTIC: [8] Undefined index: Other C:\wamp\www\toyokou_tenso-japan\tenso\Runtime\Cache\Admin\be049fbf61531cf52c390be96397e5b5.php 第 52 行.
NOTIC: [8] Undefined index: ifCurrent C:\wamp\www\toyokou_tenso-japan\tenso\Runtime\Cache\Admin\be049fbf61531cf52c390be96397e5b5.php 第 57 行.
NOTIC: [8] Undefined index: ifCurrent C:\wamp\www\toyokou_tenso-japan\tenso\Runtime\Cache\Admin\be049fbf61531cf52c390be96397e5b5.php 第 57 行.
NOTIC: [8] Undefined index: ifCurrent C:\wamp\www\toyokou_tenso-japan\tenso\Runtime\Cache\Admin\be049fbf61531cf52c390be96397e5b5.php 第 57 行.
NOTIC: [8] Undefined index: ifCurrent C:\wamp\www\toyokou_tenso-japan\tenso\Runtime\Cache\Admin\be049fbf61531cf52c390be96397e5b5.php 第 57 行.
NOTIC: [8] Undefined index: ifCurrent C:\wamp\www\toyokou_tenso-japan\tenso\Runtime\Cache\Admin\be049fbf61531cf52c390be96397e5b5.php 第 57 行.
NOTIC: [8] Undefined index: ifCurrent C:\wamp\www\toyokou_tenso-japan\tenso\Runtime\Cache\Admin\be049fbf61531cf52c390be96397e5b5.php 第 57 行.
NOTIC: [8] Undefined index: ifCurrent C:\wamp\www\toyokou_tenso-japan\tenso\Runtime\Cache\Admin\be049fbf61531cf52c390be96397e5b5.php 第 57 行.
NOTIC: [8] Undefined index: ifCurrent C:\wamp\www\toyokou_tenso-japan\tenso\Runtime\Cache\Admin\be049fbf61531cf52c390be96397e5b5.php 第 73 行.
NOTIC: [8] Undefined index: ifCurrent C:\wamp\www\toyokou_tenso-japan\tenso\Runtime\Cache\Admin\be049fbf61531cf52c390be96397e5b5.php 第 73 行.
NOTIC: [8] Undefined index: ifCurrent C:\wamp\www\toyokou_tenso-japan\tenso\Runtime\Cache\Admin\be049fbf61531cf52c390be96397e5b5.php 第 73 行.
NOTIC: [8] Undefined index: ifCurrent C:\wamp\www\toyokou_tenso-japan\tenso\Runtime\Cache\Admin\be049fbf61531cf52c390be96397e5b5.php 第 73 行.
NOTIC: [8] Undefined index: ifCurrent C:\wamp\www\toyokou_tenso-japan\tenso\Runtime\Cache\Admin\be049fbf61531cf52c390be96397e5b5.php 第 73 行.
NOTIC: [8] Undefined index: ifCurrent C:\wamp\www\toyokou_tenso-japan\tenso\Runtime\Cache\Admin\be049fbf61531cf52c390be96397e5b5.php 第 73 行.
NOTIC: [8] Undefined index: ifCurrent C:\wamp\www\toyokou_tenso-japan\tenso\Runtime\Cache\Admin\be049fbf61531cf52c390be96397e5b5.php 第 73 行.
NOTIC: [8] Undefined index: pkg_ids C:\wamp\www\toyokou_tenso-japan\tenso\Runtime\Cache\Admin\be049fbf61531cf52c390be96397e5b5.php 第 171 行.
NOTIC: [8] Undefined index: pkg_ids C:\wamp\www\toyokou_tenso-japan\tenso\Runtime\Cache\Admin\be049fbf61531cf52c390be96397e5b5.php 第 171 行.
NOTIC: [8] Undefined index: pkg_id C:\wamp\www\toyokou_tenso-japan\tenso\Runtime\Cache\Admin\be049fbf61531cf52c390be96397e5b5.php 第 197 行.
NOTIC: [8] Undefined index: goods_status C:\wamp\www\toyokou_tenso-japan\tenso\Runtime\Cache\Admin\be049fbf61531cf52c390be96397e5b5.php 第 201 行.
NOTIC: [8] Undefined index: pkg_id C:\wamp\www\toyokou_tenso-japan\tenso\Runtime\Cache\Admin\be049fbf61531cf52c390be96397e5b5.php 第 197 行.
NOTIC: [8] Undefined index: goods_status C:\wamp\www\toyokou_tenso-japan\tenso\Runtime\Cache\Admin\be049fbf61531cf52c390be96397e5b5.php 第 201 行.
NOTIC: [8] Undefined index: pkg_id C:\wamp\www\toyokou_tenso-japan\tenso\Runtime\Cache\Admin\be049fbf61531cf52c390be96397e5b5.php 第 197 行.
NOTIC: [8] Undefined index: goods_status C:\wamp\www\toyokou_tenso-japan\tenso\Runtime\Cache\Admin\be049fbf61531cf52c390be96397e5b5.php 第 201 行.
NOTIC: [8] Undefined index: pkg_id C:\wamp\www\toyokou_tenso-japan\tenso\Runtime\Cache\Admin\be049fbf61531cf52c390be96397e5b5.php 第 197 行.
NOTIC: [8] Undefined index: goods_status C:\wamp\www\toyokou_tenso-japan\tenso\Runtime\Cache\Admin\be049fbf61531cf52c390be96397e5b5.php 第 201 行.
NOTIC: [8] Undefined index: pkg_id C:\wamp\www\toyokou_tenso-japan\tenso\Runtime\Cache\Admin\be049fbf61531cf52c390be96397e5b5.php 第 197 行.
NOTIC: [8] Undefined index: goods_status C:\wamp\www\toyokou_tenso-japan\tenso\Runtime\Cache\Admin\be049fbf61531cf52c390be96397e5b5.php 第 201 行.
NOTIC: [8] Undefined index: pkg_id C:\wamp\www\toyokou_tenso-japan\tenso\Runtime\Cache\Admin\be049fbf61531cf52c390be96397e5b5.php 第 197 行.
NOTIC: [8] Undefined index: goods_status C:\wamp\www\toyokou_tenso-japan\tenso\Runtime\Cache\Admin\be049fbf61531cf52c390be96397e5b5.php 第 201 行.
NOTIC: [8] Undefined index: pkg_id C:\wamp\www\toyokou_tenso-japan\tenso\Runtime\Cache\Admin\be049fbf61531cf52c390be96397e5b5.php 第 197 行.
NOTIC: [8] Undefined index: goods_status C:\wamp\www\toyokou_tenso-japan\tenso\Runtime\Cache\Admin\be049fbf61531cf52c390be96397e5b5.php 第 201 行.
NOTIC: [8] Undefined index: pkg_id C:\wamp\www\toyokou_tenso-japan\tenso\Runtime\Cache\Admin\be049fbf61531cf52c390be96397e5b5.php 第 197 行.
NOTIC: [8] Undefined index: goods_status C:\wamp\www\toyokou_tenso-japan\tenso\Runtime\Cache\Admin\be049fbf61531cf52c390be96397e5b5.php 第 201 行.
NOTIC: [8] Undefined index: pkg_id C:\wamp\www\toyokou_tenso-japan\tenso\Runtime\Cache\Admin\be049fbf61531cf52c390be96397e5b5.php 第 197 行.
NOTIC: [8] Undefined index: goods_status C:\wamp\www\toyokou_tenso-japan\tenso\Runtime\Cache\Admin\be049fbf61531cf52c390be96397e5b5.php 第 201 行.
NOTIC: [8] Undefined index: pkg_id C:\wamp\www\toyokou_tenso-japan\tenso\Runtime\Cache\Admin\be049fbf61531cf52c390be96397e5b5.php 第 197 行.
NOTIC: [8] Undefined index: goods_status C:\wamp\www\toyokou_tenso-japan\tenso\Runtime\Cache\Admin\be049fbf61531cf52c390be96397e5b5.php 第 201 行.
INFO: Run Behavior\ParseTemplateBehavior [ RunTime:0.203012s ]
INFO: [ view_parse ] --END-- [ RunTime:0.203012s ]
INFO: [ view_filter ] --START--
INFO: Run Behavior\WriteHtmlCacheBehavior [ RunTime:0.001000s ]
INFO: [ view_filter ] --END-- [ RunTime:0.001000s ]
INFO: [ app_end ] --START--
INFO: Run Behavior\ShowPageTraceBehavior [ RunTime:0.001000s ]
INFO: [ app_end ] --END-- [ RunTime:0.001000s ]

[ 2015-05-04T20:48:20+08:00 ] 127.0.0.1 /toyokou_tenso-japan/tenso/Admin/login
INFO: [ app_init ] --START--
INFO: Run Behavior\BuildLiteBehavior [ RunTime:0.000000s ]
INFO: [ app_init ] --END-- [ RunTime:0.001000s ]
INFO: [ app_begin ] --START--
INFO: Run Behavior\ReadHtmlCacheBehavior [ RunTime:0.001000s ]
INFO: [ app_begin ] --END-- [ RunTime:0.001000s ]
SQL: SHOW COLUMNS FROM `tns_site` [ RunTime:0.0060s ]
SQL: SELECT * FROM `tns_site` WHERE `prty_name` = 'site_name' LIMIT 1   [ RunTime:0.0010s ]
SQL: SELECT * FROM `tns_site` WHERE `prty_name` = 'admin_username' LIMIT 1   [ RunTime:0.0000s ]
SQL: SELECT * FROM `tns_site` WHERE `prty_name` = 'admin_password' LIMIT 1   [ RunTime:0.0000s ]
NOTIC: [8] Undefined index: member C:\wamp\www\toyokou_tenso-japan\tenso\Admin\Controller\LoginController.class.php 第 15 行.
NOTIC: [8] Undefined index: username C:\wamp\www\toyokou_tenso-japan\tenso\Admin\Controller\LoginController.class.php 第 17 行.
INFO: [ view_parse ] --START--
INFO: [ template_filter ] --START--
INFO: Run Behavior\ContentReplaceBehavior [ RunTime:0.000000s ]
INFO: [ template_filter ] --END-- [ RunTime:0.000000s ]
NOTIC: [8] Undefined index: member C:\wamp\www\toyokou_tenso-japan\tenso\Runtime\Cache\Admin\2a255df3233e9abcdcebadd48eb41ef0.php 第 76 行.
NOTIC: [8] Undefined index: member C:\wamp\www\toyokou_tenso-japan\tenso\Runtime\Cache\Admin\2a255df3233e9abcdcebadd48eb41ef0.php 第 76 行.
NOTIC: [8] Undefined variable: ifCurrent C:\wamp\www\toyokou_tenso-japan\tenso\Runtime\Cache\Admin\2a255df3233e9abcdcebadd48eb41ef0.php 第 83 行.
NOTIC: [8] Undefined variable: ifCurrent C:\wamp\www\toyokou_tenso-japan\tenso\Runtime\Cache\Admin\2a255df3233e9abcdcebadd48eb41ef0.php 第 84 行.
NOTIC: [8] Undefined variable: ifCurrent C:\wamp\www\toyokou_tenso-japan\tenso\Runtime\Cache\Admin\2a255df3233e9abcdcebadd48eb41ef0.php 第 85 行.
NOTIC: [8] Undefined variable: ifCurrent C:\wamp\www\toyokou_tenso-japan\tenso\Runtime\Cache\Admin\2a255df3233e9abcdcebadd48eb41ef0.php 第 86 行.
NOTIC: [8] Undefined variable: subMenu C:\wamp\www\toyokou_tenso-japan\tenso\Runtime\Cache\Admin\2a255df3233e9abcdcebadd48eb41ef0.php 第 91 行.
INFO: Run Behavior\ParseTemplateBehavior [ RunTime:0.080005s ]
INFO: [ view_parse ] --END-- [ RunTime:0.080005s ]
INFO: [ view_filter ] --START--
INFO: Run Behavior\WriteHtmlCacheBehavior [ RunTime:0.000000s ]
INFO: [ view_filter ] --END-- [ RunTime:0.001000s ]
INFO: [ app_end ] --START--
INFO: Run Behavior\ShowPageTraceBehavior [ RunTime:0.001000s ]
INFO: [ app_end ] --END-- [ RunTime:0.001000s ]

[ 2015-05-04T20:55:42+08:00 ] 127.0.0.1 /toyokou_tenso-japan/tenso/Admin/login
INFO: [ app_init ] --START--
INFO: Run Behavior\BuildLiteBehavior [ RunTime:0.000000s ]
INFO: [ app_init ] --END-- [ RunTime:0.001000s ]
INFO: [ app_begin ] --START--
INFO: Run Behavior\ReadHtmlCacheBehavior [ RunTime:0.002001s ]
INFO: [ app_begin ] --END-- [ RunTime:0.002001s ]
SQL: SHOW COLUMNS FROM `tns_site` [ RunTime:0.0050s ]
SQL: SELECT * FROM `tns_site` WHERE `prty_name` = 'site_name' LIMIT 1   [ RunTime:0.0000s ]
SQL: SELECT * FROM `tns_site` WHERE `prty_name` = 'admin_username' LIMIT 1   [ RunTime:0.0000s ]
SQL: SELECT * FROM `tns_site` WHERE `prty_name` = 'admin_password' LIMIT 1   [ RunTime:0.0000s ]
NOTIC: [8] Undefined index: member C:\wamp\www\toyokou_tenso-japan\tenso\Admin\Controller\LoginController.class.php 第 15 行.
SQL: SELECT * FROM `tns_site` WHERE `prty_name` = 'admin_nickname' LIMIT 1   [ RunTime:0.0000s ]
INFO: [ view_parse ] --START--
INFO: [ template_filter ] --START--
INFO: Run Behavior\ContentReplaceBehavior [ RunTime:0.000000s ]
INFO: [ template_filter ] --END-- [ RunTime:0.001000s ]
INFO: Run Behavior\ParseTemplateBehavior [ RunTime:0.071004s ]
INFO: [ view_parse ] --END-- [ RunTime:0.071004s ]
INFO: [ view_filter ] --START--
INFO: Run Behavior\WriteHtmlCacheBehavior [ RunTime:0.001000s ]
INFO: [ view_filter ] --END-- [ RunTime:0.001000s ]
INFO: [ app_end ] --START--
INFO: Run Behavior\ShowPageTraceBehavior [ RunTime:0.001000s ]
INFO: [ app_end ] --END-- [ RunTime:0.002000s ]

[ 2015-05-04T20:55:42+08:00 ] 127.0.0.1 /toyokou_tenso-japan/tenso/Admin/Index/
INFO: [ app_init ] --START--
INFO: Run Behavior\BuildLiteBehavior [ RunTime:0.000000s ]
INFO: [ app_init ] --END-- [ RunTime:0.001000s ]
INFO: [ app_begin ] --START--
INFO: Run Behavior\ReadHtmlCacheBehavior [ RunTime:0.002000s ]
INFO: [ app_begin ] --END-- [ RunTime:0.002000s ]
SQL: SHOW COLUMNS FROM `tns_site` [ RunTime:0.0050s ]
SQL: SHOW COLUMNS FROM `tns_pkg` [ RunTime:0.0060s ]
SQL: SHOW COLUMNS FROM `tns_box` [ RunTime:0.0050s ]
SQL: SHOW COLUMNS FROM `tns_goods` [ RunTime:0.0050s ]
SQL: SELECT * FROM `tns_site` WHERE `prty_name` = 'site_name' LIMIT 1   [ RunTime:0.0000s ]
SQL: SELECT COUNT(*) AS tp_count FROM `tns_pkg` WHERE ( ifRecycle = 0 AND NOT pkg_status = "final" ) LIMIT 1   [ RunTime:0.0000s ]
SQL: SELECT COUNT(*) AS tp_count FROM `tns_pkg` WHERE ( ifRecycle = 0 AND pkg_status = "request" ) LIMIT 1   [ RunTime:0.0000s ]
SQL: SELECT COUNT(*) AS tp_count FROM `tns_pkg` WHERE ( ifRecycle = 0 AND pkg_status = "merge" ) LIMIT 1   [ RunTime:0.0000s ]
SQL: SELECT COUNT(*) AS tp_count FROM `tns_pkg` WHERE ( ifRecycle = 0 AND pkg_status = "payment" ) LIMIT 1   [ RunTime:0.0010s ]
SQL: SELECT COUNT(*) AS tp_count FROM `tns_pkg` WHERE ( ifRecycle = 0 AND pkg_status = "shipping" ) LIMIT 1   [ RunTime:0.0010s ]
SQL: SELECT COUNT(*) AS tp_count FROM `tns_pkg` WHERE ( ifRecycle = 0 AND pkg_status = "confirm" ) LIMIT 1   [ RunTime:0.0000s ]
SQL: SELECT COUNT(*) AS tp_count FROM `tns_pkg` WHERE ( ifRecycle = 0 AND pkg_status = "receipt" ) LIMIT 1   [ RunTime:0.0000s ]
SQL: SELECT COUNT(*) AS tp_count FROM `tns_pkg` WHERE ( ifRecycle = 1 ) LIMIT 1   [ RunTime:0.0000s ]
NOTIC: [8] Undefined variable: ifCurrent_subMenu C:\wamp\www\toyokou_tenso-japan\tenso\Admin\Controller\IndexController.class.php 第 64 行.
NOTIC: [8] Undefined index: username C:\wamp\www\toyokou_tenso-japan\tenso\Admin\Controller\IndexController.class.php 第 65 行.
INFO: [ app_end ] --START--
INFO: Run Behavior\ShowPageTraceBehavior [ RunTime:0.001000s ]
INFO: [ app_end ] --END-- [ RunTime:0.001000s ]

[ 2015-05-04T20:55:42+08:00 ] 127.0.0.1 /toyokou_tenso-japan/tenso/Admin/Index/stock
INFO: [ app_init ] --START--
INFO: Run Behavior\BuildLiteBehavior [ RunTime:0.000000s ]
INFO: [ app_init ] --END-- [ RunTime:0.001000s ]
INFO: [ app_begin ] --START--
INFO: Run Behavior\ReadHtmlCacheBehavior [ RunTime:0.001000s ]
INFO: [ app_begin ] --END-- [ RunTime:0.001000s ]
SQL: SHOW COLUMNS FROM `tns_site` [ RunTime:0.0050s ]
SQL: SHOW COLUMNS FROM `tns_pkg` [ RunTime:0.0040s ]
SQL: SHOW COLUMNS FROM `tns_box` [ RunTime:0.0050s ]
SQL: SHOW COLUMNS FROM `tns_goods` [ RunTime:0.0050s ]
SQL: SELECT * FROM `tns_site` WHERE `prty_name` = 'site_name' LIMIT 1   [ RunTime:0.0000s ]
SQL: SELECT COUNT(*) AS tp_count FROM `tns_pkg` WHERE ( ifRecycle = 0 AND NOT pkg_status = "final" ) LIMIT 1   [ RunTime:0.0000s ]
SQL: SELECT COUNT(*) AS tp_count FROM `tns_pkg` WHERE ( ifRecycle = 0 AND pkg_status = "request" ) LIMIT 1   [ RunTime:0.0000s ]
SQL: SELECT COUNT(*) AS tp_count FROM `tns_pkg` WHERE ( ifRecycle = 0 AND pkg_status = "merge" ) LIMIT 1   [ RunTime:0.0010s ]
SQL: SELECT COUNT(*) AS tp_count FROM `tns_pkg` WHERE ( ifRecycle = 0 AND pkg_status = "payment" ) LIMIT 1   [ RunTime:0.0000s ]
SQL: SELECT COUNT(*) AS tp_count FROM `tns_pkg` WHERE ( ifRecycle = 0 AND pkg_status = "shipping" ) LIMIT 1   [ RunTime:0.0000s ]
SQL: SELECT COUNT(*) AS tp_count FROM `tns_pkg` WHERE ( ifRecycle = 0 AND pkg_status = "confirm" ) LIMIT 1   [ RunTime:0.0000s ]
SQL: SELECT COUNT(*) AS tp_count FROM `tns_pkg` WHERE ( ifRecycle = 0 AND pkg_status = "receipt" ) LIMIT 1   [ RunTime:0.0000s ]
SQL: SELECT COUNT(*) AS tp_count FROM `tns_pkg` WHERE ( ifRecycle = 1 ) LIMIT 1   [ RunTime:0.0010s ]
NOTIC: [8] Undefined variable: ifCurrent_subMenu C:\wamp\www\toyokou_tenso-japan\tenso\Admin\Controller\IndexController.class.php 第 64 行.
NOTIC: [8] Undefined index: username C:\wamp\www\toyokou_tenso-japan\tenso\Admin\Controller\IndexController.class.php 第 65 行.
NOTIC: [8] Undefined index: pkg_status C:\wamp\www\toyokou_tenso-japan\tenso\Admin\Controller\IndexController.class.php 第 73 行.
SQL: SELECT * FROM `tns_pkg` ORDER BY pkg_id desc LIMIT 1   [ RunTime:0.0010s ]
SQL: SELECT * FROM `tns_pkg` WHERE ( ifRecycle = 0 ) ORDER BY pkg_create_time desc LIMIT 10   [ RunTime:0.0010s ]
SQL: SELECT * FROM `tns_box` WHERE ( ifRecycle = 0 ) ORDER BY box_create_time desc LIMIT 10   [ RunTime:0.0000s ]
SQL: SELECT * FROM `tns_goods` ORDER BY goods_create_time desc LIMIT 10   [ RunTime:0.0010s ]
INFO: [ view_parse ] --START--
INFO: [ template_filter ] --START--
INFO: Run Behavior\ContentReplaceBehavior [ RunTime:0.000000s ]
INFO: [ template_filter ] --END-- [ RunTime:0.000000s ]
NOTIC: [8] Undefined index: Index C:\wamp\www\toyokou_tenso-japan\tenso\Runtime\Cache\Admin\be049fbf61531cf52c390be96397e5b5.php 第 49 行.
NOTIC: [8] Undefined index: Tenso C:\wamp\www\toyokou_tenso-japan\tenso\Runtime\Cache\Admin\be049fbf61531cf52c390be96397e5b5.php 第 50 行.
NOTIC: [8] Undefined index: Tenso C:\wamp\www\toyokou_tenso-japan\tenso\Runtime\Cache\Admin\be049fbf61531cf52c390be96397e5b5.php 第 51 行.
NOTIC: [8] Undefined index: Other C:\wamp\www\toyokou_tenso-japan\tenso\Runtime\Cache\Admin\be049fbf61531cf52c390be96397e5b5.php 第 52 行.
NOTIC: [8] Undefined index: ifCurrent C:\wamp\www\toyokou_tenso-japan\tenso\Runtime\Cache\Admin\be049fbf61531cf52c390be96397e5b5.php 第 57 行.
NOTIC: [8] Undefined index: ifCurrent C:\wamp\www\toyokou_tenso-japan\tenso\Runtime\Cache\Admin\be049fbf61531cf52c390be96397e5b5.php 第 57 行.
NOTIC: [8] Undefined index: ifCurrent C:\wamp\www\toyokou_tenso-japan\tenso\Runtime\Cache\Admin\be049fbf61531cf52c390be96397e5b5.php 第 57 行.
NOTIC: [8] Undefined index: ifCurrent C:\wamp\www\toyokou_tenso-japan\tenso\Runtime\Cache\Admin\be049fbf61531cf52c390be96397e5b5.php 第 57 行.
NOTIC: [8] Undefined index: ifCurrent C:\wamp\www\toyokou_tenso-japan\tenso\Runtime\Cache\Admin\be049fbf61531cf52c390be96397e5b5.php 第 57 行.
NOTIC: [8] Undefined index: ifCurrent C:\wamp\www\toyokou_tenso-japan\tenso\Runtime\Cache\Admin\be049fbf61531cf52c390be96397e5b5.php 第 57 行.
NOTIC: [8] Undefined index: ifCurrent C:\wamp\www\toyokou_tenso-japan\tenso\Runtime\Cache\Admin\be049fbf61531cf52c390be96397e5b5.php 第 57 行.
NOTIC: [8] Undefined index: ifCurrent C:\wamp\www\toyokou_tenso-japan\tenso\Runtime\Cache\Admin\be049fbf61531cf52c390be96397e5b5.php 第 73 行.
NOTIC: [8] Undefined index: ifCurrent C:\wamp\www\toyokou_tenso-japan\tenso\Runtime\Cache\Admin\be049fbf61531cf52c390be96397e5b5.php 第 73 行.
NOTIC: [8] Undefined index: ifCurrent C:\wamp\www\toyokou_tenso-japan\tenso\Runtime\Cache\Admin\be049fbf61531cf52c390be96397e5b5.php 第 73 行.
NOTIC: [8] Undefined index: ifCurrent C:\wamp\www\toyokou_tenso-japan\tenso\Runtime\Cache\Admin\be049fbf61531cf52c390be96397e5b5.php 第 73 行.
NOTIC: [8] Undefined index: ifCurrent C:\wamp\www\toyokou_tenso-japan\tenso\Runtime\Cache\Admin\be049fbf61531cf52c390be96397e5b5.php 第 73 行.
NOTIC: [8] Undefined index: ifCurrent C:\wamp\www\toyokou_tenso-japan\tenso\Runtime\Cache\Admin\be049fbf61531cf52c390be96397e5b5.php 第 73 行.
NOTIC: [8] Undefined index: ifCurrent C:\wamp\www\toyokou_tenso-japan\tenso\Runtime\Cache\Admin\be049fbf61531cf52c390be96397e5b5.php 第 73 行.
NOTIC: [8] Undefined index: pkg_ids C:\wamp\www\toyokou_tenso-japan\tenso\Runtime\Cache\Admin\be049fbf61531cf52c390be96397e5b5.php 第 171 行.
NOTIC: [8] Undefined index: pkg_ids C:\wamp\www\toyokou_tenso-japan\tenso\Runtime\Cache\Admin\be049fbf61531cf52c390be96397e5b5.php 第 171 行.
NOTIC: [8] Undefined index: pkg_id C:\wamp\www\toyokou_tenso-japan\tenso\Runtime\Cache\Admin\be049fbf61531cf52c390be96397e5b5.php 第 197 行.
NOTIC: [8] Undefined index: goods_status C:\wamp\www\toyokou_tenso-japan\tenso\Runtime\Cache\Admin\be049fbf61531cf52c390be96397e5b5.php 第 201 行.
NOTIC: [8] Undefined index: pkg_id C:\wamp\www\toyokou_tenso-japan\tenso\Runtime\Cache\Admin\be049fbf61531cf52c390be96397e5b5.php 第 197 行.
NOTIC: [8] Undefined index: goods_status C:\wamp\www\toyokou_tenso-japan\tenso\Runtime\Cache\Admin\be049fbf61531cf52c390be96397e5b5.php 第 201 行.
NOTIC: [8] Undefined index: pkg_id C:\wamp\www\toyokou_tenso-japan\tenso\Runtime\Cache\Admin\be049fbf61531cf52c390be96397e5b5.php 第 197 行.
NOTIC: [8] Undefined index: goods_status C:\wamp\www\toyokou_tenso-japan\tenso\Runtime\Cache\Admin\be049fbf61531cf52c390be96397e5b5.php 第 201 行.
NOTIC: [8] Undefined index: pkg_id C:\wamp\www\toyokou_tenso-japan\tenso\Runtime\Cache\Admin\be049fbf61531cf52c390be96397e5b5.php 第 197 行.
NOTIC: [8] Undefined index: goods_status C:\wamp\www\toyokou_tenso-japan\tenso\Runtime\Cache\Admin\be049fbf61531cf52c390be96397e5b5.php 第 201 行.
NOTIC: [8] Undefined index: pkg_id C:\wamp\www\toyokou_tenso-japan\tenso\Runtime\Cache\Admin\be049fbf61531cf52c390be96397e5b5.php 第 197 行.
NOTIC: [8] Undefined index: goods_status C:\wamp\www\toyokou_tenso-japan\tenso\Runtime\Cache\Admin\be049fbf61531cf52c390be96397e5b5.php 第 201 行.
NOTIC: [8] Undefined index: pkg_id C:\wamp\www\toyokou_tenso-japan\tenso\Runtime\Cache\Admin\be049fbf61531cf52c390be96397e5b5.php 第 197 行.
NOTIC: [8] Undefined index: goods_status C:\wamp\www\toyokou_tenso-japan\tenso\Runtime\Cache\Admin\be049fbf61531cf52c390be96397e5b5.php 第 201 行.
NOTIC: [8] Undefined index: pkg_id C:\wamp\www\toyokou_tenso-japan\tenso\Runtime\Cache\Admin\be049fbf61531cf52c390be96397e5b5.php 第 197 行.
NOTIC: [8] Undefined index: goods_status C:\wamp\www\toyokou_tenso-japan\tenso\Runtime\Cache\Admin\be049fbf61531cf52c390be96397e5b5.php 第 201 行.
NOTIC: [8] Undefined index: pkg_id C:\wamp\www\toyokou_tenso-japan\tenso\Runtime\Cache\Admin\be049fbf61531cf52c390be96397e5b5.php 第 197 行.
NOTIC: [8] Undefined index: goods_status C:\wamp\www\toyokou_tenso-japan\tenso\Runtime\Cache\Admin\be049fbf61531cf52c390be96397e5b5.php 第 201 行.
NOTIC: [8] Undefined index: pkg_id C:\wamp\www\toyokou_tenso-japan\tenso\Runtime\Cache\Admin\be049fbf61531cf52c390be96397e5b5.php 第 197 行.
NOTIC: [8] Undefined index: goods_status C:\wamp\www\toyokou_tenso-japan\tenso\Runtime\Cache\Admin\be049fbf61531cf52c390be96397e5b5.php 第 201 行.
NOTIC: [8] Undefined index: pkg_id C:\wamp\www\toyokou_tenso-japan\tenso\Runtime\Cache\Admin\be049fbf61531cf52c390be96397e5b5.php 第 197 行.
NOTIC: [8] Undefined index: goods_status C:\wamp\www\toyokou_tenso-japan\tenso\Runtime\Cache\Admin\be049fbf61531cf52c390be96397e5b5.php 第 201 行.
INFO: Run Behavior\ParseTemplateBehavior [ RunTime:0.045003s ]
INFO: [ view_parse ] --END-- [ RunTime:0.045003s ]
INFO: [ view_filter ] --START--
INFO: Run Behavior\WriteHtmlCacheBehavior [ RunTime:0.000000s ]
INFO: [ view_filter ] --END-- [ RunTime:0.000000s ]
INFO: [ app_end ] --START--
INFO: Run Behavior\ShowPageTraceBehavior [ RunTime:0.001000s ]
INFO: [ app_end ] --END-- [ RunTime:0.001000s ]

[ 2015-05-04T20:55:47+08:00 ] 127.0.0.1 /toyokou_tenso-japan/tenso/Admin/Index/request.html
INFO: [ app_init ] --START--
INFO: Run Behavior\BuildLiteBehavior [ RunTime:0.000000s ]
INFO: [ app_init ] --END-- [ RunTime:0.000000s ]
INFO: [ app_begin ] --START--
INFO: Run Behavior\ReadHtmlCacheBehavior [ RunTime:0.001000s ]
INFO: [ app_begin ] --END-- [ RunTime:0.001000s ]
SQL: SHOW COLUMNS FROM `tns_site` [ RunTime:0.0040s ]
SQL: SHOW COLUMNS FROM `tns_pkg` [ RunTime:0.0040s ]
SQL: SHOW COLUMNS FROM `tns_box` [ RunTime:0.0050s ]
SQL: SHOW COLUMNS FROM `tns_goods` [ RunTime:0.0040s ]
SQL: SELECT * FROM `tns_site` WHERE `prty_name` = 'site_name' LIMIT 1   [ RunTime:0.0010s ]
SQL: SELECT COUNT(*) AS tp_count FROM `tns_pkg` WHERE ( ifRecycle = 0 AND NOT pkg_status = "final" ) LIMIT 1   [ RunTime:0.0000s ]
SQL: SELECT COUNT(*) AS tp_count FROM `tns_pkg` WHERE ( ifRecycle = 0 AND pkg_status = "request" ) LIMIT 1   [ RunTime:0.0000s ]
SQL: SELECT COUNT(*) AS tp_count FROM `tns_pkg` WHERE ( ifRecycle = 0 AND pkg_status = "merge" ) LIMIT 1   [ RunTime:0.0000s ]
SQL: SELECT COUNT(*) AS tp_count FROM `tns_pkg` WHERE ( ifRecycle = 0 AND pkg_status = "payment" ) LIMIT 1   [ RunTime:0.0000s ]
SQL: SELECT COUNT(*) AS tp_count FROM `tns_pkg` WHERE ( ifRecycle = 0 AND pkg_status = "shipping" ) LIMIT 1   [ RunTime:0.0000s ]
SQL: SELECT COUNT(*) AS tp_count FROM `tns_pkg` WHERE ( ifRecycle = 0 AND pkg_status = "confirm" ) LIMIT 1   [ RunTime:0.0000s ]
SQL: SELECT COUNT(*) AS tp_count FROM `tns_pkg` WHERE ( ifRecycle = 0 AND pkg_status = "receipt" ) LIMIT 1   [ RunTime:0.0000s ]
SQL: SELECT COUNT(*) AS tp_count FROM `tns_pkg` WHERE ( ifRecycle = 1 ) LIMIT 1   [ RunTime:0.0010s ]
NOTIC: [8] Undefined variable: ifCurrent_subMenu C:\wamp\www\toyokou_tenso-japan\tenso\Admin\Controller\IndexController.class.php 第 64 行.
NOTIC: [8] Undefined index: username C:\wamp\www\toyokou_tenso-japan\tenso\Admin\Controller\IndexController.class.php 第 65 行.
NOTIC: [8] Undefined index: pkg_status C:\wamp\www\toyokou_tenso-japan\tenso\Admin\Controller\IndexController.class.php 第 95 行.
SQL: SELECT COUNT(*) AS tp_count FROM `tns_pkg` WHERE ( ifRecycle = 0 AND NOT pkg_status = "final" ) LIMIT 1   [ RunTime:0.0010s ]
SQL: SELECT COUNT(*) AS tp_count FROM `tns_pkg` WHERE ( ifRecycle = 0 AND pkg_status = "request" ) LIMIT 1   [ RunTime:0.0000s ]
SQL: SELECT COUNT(*) AS tp_count FROM `tns_pkg` WHERE ( ifRecycle = 0 AND pkg_status = "merge" ) LIMIT 1   [ RunTime:0.0000s ]
SQL: SELECT COUNT(*) AS tp_count FROM `tns_pkg` WHERE ( ifRecycle = 0 AND pkg_status = "payment" ) LIMIT 1   [ RunTime:0.0010s ]
SQL: SELECT COUNT(*) AS tp_count FROM `tns_pkg` WHERE ( ifRecycle = 0 AND pkg_status = "shipping" ) LIMIT 1   [ RunTime:0.0000s ]
SQL: SELECT COUNT(*) AS tp_count FROM `tns_pkg` WHERE ( ifRecycle = 0 AND pkg_status = "confirm" ) LIMIT 1   [ RunTime:0.0010s ]
SQL: SELECT COUNT(*) AS tp_count FROM `tns_pkg` WHERE ( ifRecycle = 0 AND pkg_status = "receipt" ) LIMIT 1   [ RunTime:0.0000s ]
SQL: SELECT COUNT(*) AS tp_count FROM `tns_pkg` WHERE ( ifRecycle = 1 ) LIMIT 1   [ RunTime:0.0000s ]
SQL: SELECT * FROM `tns_pkg` WHERE ( ifRecycle = 0 AND pkg_status = "request" ) ORDER BY pkg_create_time desc LIMIT 10   [ RunTime:0.0000s ]
INFO: [ view_parse ] --START--
INFO: [ template_filter ] --START--
INFO: Run Behavior\ContentReplaceBehavior [ RunTime:0.000000s ]
INFO: [ template_filter ] --END-- [ RunTime:0.001001s ]
NOTIC: [8] Undefined index: Index C:\wamp\www\toyokou_tenso-japan\tenso\Runtime\Cache\Admin\80f832c5e82914dc4d692e196c746c66.php 第 54 行.
NOTIC: [8] Undefined index: Tenso C:\wamp\www\toyokou_tenso-japan\tenso\Runtime\Cache\Admin\80f832c5e82914dc4d692e196c746c66.php 第 55 行.
NOTIC: [8] Undefined index: Tenso C:\wamp\www\toyokou_tenso-japan\tenso\Runtime\Cache\Admin\80f832c5e82914dc4d692e196c746c66.php 第 56 行.
NOTIC: [8] Undefined index: Other C:\wamp\www\toyokou_tenso-japan\tenso\Runtime\Cache\Admin\80f832c5e82914dc4d692e196c746c66.php 第 57 行.
NOTIC: [8] Undefined index: ifCurrent C:\wamp\www\toyokou_tenso-japan\tenso\Runtime\Cache\Admin\80f832c5e82914dc4d692e196c746c66.php 第 62 行.
NOTIC: [8] Undefined index: ifCurrent C:\wamp\www\toyokou_tenso-japan\tenso\Runtime\Cache\Admin\80f832c5e82914dc4d692e196c746c66.php 第 62 行.
NOTIC: [8] Undefined index: ifCurrent C:\wamp\www\toyokou_tenso-japan\tenso\Runtime\Cache\Admin\80f832c5e82914dc4d692e196c746c66.php 第 62 行.
NOTIC: [8] Undefined index: ifCurrent C:\wamp\www\toyokou_tenso-japan\tenso\Runtime\Cache\Admin\80f832c5e82914dc4d692e196c746c66.php 第 62 行.
NOTIC: [8] Undefined index: ifCurrent C:\wamp\www\toyokou_tenso-japan\tenso\Runtime\Cache\Admin\80f832c5e82914dc4d692e196c746c66.php 第 62 行.
NOTIC: [8] Undefined index: ifCurrent C:\wamp\www\toyokou_tenso-japan\tenso\Runtime\Cache\Admin\80f832c5e82914dc4d692e196c746c66.php 第 62 行.
NOTIC: [8] Undefined index: ifCurrent C:\wamp\www\toyokou_tenso-japan\tenso\Runtime\Cache\Admin\80f832c5e82914dc4d692e196c746c66.php 第 62 行.
NOTIC: [8] Undefined index: ifCurrent C:\wamp\www\toyokou_tenso-japan\tenso\Runtime\Cache\Admin\80f832c5e82914dc4d692e196c746c66.php 第 78 行.
NOTIC: [8] Undefined index: ifCurrent C:\wamp\www\toyokou_tenso-japan\tenso\Runtime\Cache\Admin\80f832c5e82914dc4d692e196c746c66.php 第 78 行.
NOTIC: [8] Undefined index: ifCurrent C:\wamp\www\toyokou_tenso-japan\tenso\Runtime\Cache\Admin\80f832c5e82914dc4d692e196c746c66.php 第 78 行.
NOTIC: [8] Undefined index: ifCurrent C:\wamp\www\toyokou_tenso-japan\tenso\Runtime\Cache\Admin\80f832c5e82914dc4d692e196c746c66.php 第 78 行.
NOTIC: [8] Undefined index: ifCurrent C:\wamp\www\toyokou_tenso-japan\tenso\Runtime\Cache\Admin\80f832c5e82914dc4d692e196c746c66.php 第 78 行.
NOTIC: [8] Undefined index: ifCurrent C:\wamp\www\toyokou_tenso-japan\tenso\Runtime\Cache\Admin\80f832c5e82914dc4d692e196c746c66.php 第 78 行.
NOTIC: [8] Undefined index: ifCurrent C:\wamp\www\toyokou_tenso-japan\tenso\Runtime\Cache\Admin\80f832c5e82914dc4d692e196c746c66.php 第 78 行.
NOTIC: [8] Undefined variable: table C:\wamp\www\toyokou_tenso-japan\tenso\Runtime\Cache\Admin\80f832c5e82914dc4d692e196c746c66.php 第 196 行.
INFO: Run Behavior\ParseTemplateBehavior [ RunTime:0.061003s ]
INFO: [ view_parse ] --END-- [ RunTime:0.062003s ]
INFO: [ view_filter ] --START--
INFO: Run Behavior\WriteHtmlCacheBehavior [ RunTime:0.001000s ]
INFO: [ view_filter ] --END-- [ RunTime:0.002000s ]
INFO: [ app_end ] --START--
INFO: Run Behavior\ShowPageTraceBehavior [ RunTime:0.001000s ]
INFO: [ app_end ] --END-- [ RunTime:0.002000s ]

[ 2015-05-04T20:56:06+08:00 ] 127.0.0.1 /toyokou_tenso-japan/tenso/Admin/Index/request.html
INFO: [ app_init ] --START--
INFO: Run Behavior\BuildLiteBehavior [ RunTime:0.000000s ]
INFO: [ app_init ] --END-- [ RunTime:0.001000s ]
INFO: [ app_begin ] --START--
INFO: Run Behavior\ReadHtmlCacheBehavior [ RunTime:0.000000s ]
INFO: [ app_begin ] --END-- [ RunTime:0.001000s ]
SQL: SHOW COLUMNS FROM `tns_site` [ RunTime:0.0040s ]
SQL: SHOW COLUMNS FROM `tns_pkg` [ RunTime:0.0040s ]
SQL: SHOW COLUMNS FROM `tns_box` [ RunTime:0.0050s ]
SQL: SHOW COLUMNS FROM `tns_goods` [ RunTime:0.0050s ]
SQL: SELECT * FROM `tns_site` WHERE `prty_name` = 'site_name' LIMIT 1   [ RunTime:0.0000s ]
SQL: SELECT COUNT(*) AS tp_count FROM `tns_pkg` WHERE ( ifRecycle = 0 AND NOT pkg_status = "final" ) LIMIT 1   [ RunTime:0.0000s ]
SQL: SELECT COUNT(*) AS tp_count FROM `tns_pkg` WHERE ( ifRecycle = 0 AND pkg_status = "request" ) LIMIT 1   [ RunTime:0.0000s ]
SQL: SELECT COUNT(*) AS tp_count FROM `tns_pkg` WHERE ( ifRecycle = 0 AND pkg_status = "merge" ) LIMIT 1   [ RunTime:0.0010s ]
SQL: SELECT COUNT(*) AS tp_count FROM `tns_pkg` WHERE ( ifRecycle = 0 AND pkg_status = "payment" ) LIMIT 1   [ RunTime:0.0000s ]
SQL: SELECT COUNT(*) AS tp_count FROM `tns_pkg` WHERE ( ifRecycle = 0 AND pkg_status = "shipping" ) LIMIT 1   [ RunTime:0.0000s ]
SQL: SELECT COUNT(*) AS tp_count FROM `tns_pkg` WHERE ( ifRecycle = 0 AND pkg_status = "confirm" ) LIMIT 1   [ RunTime:0.0010s ]
SQL: SELECT COUNT(*) AS tp_count FROM `tns_pkg` WHERE ( ifRecycle = 0 AND pkg_status = "receipt" ) LIMIT 1   [ RunTime:0.0000s ]
SQL: SELECT COUNT(*) AS tp_count FROM `tns_pkg` WHERE ( ifRecycle = 1 ) LIMIT 1   [ RunTime:0.0010s ]
NOTIC: [8] Undefined variable: ifCurrent_subMenu C:\wamp\www\toyokou_tenso-japan\tenso\Admin\Controller\IndexController.class.php 第 64 行.
NOTIC: [8] Undefined index: username C:\wamp\www\toyokou_tenso-japan\tenso\Admin\Controller\IndexController.class.php 第 65 行.
SQL: UPDATE `tns_pkg` SET `pkg_id`='150415027',`pkg_status`='merge' WHERE ( pkg_id=150415027 ) [ RunTime:0.2230s ]
SQL: INSERT INTO `tns_goods` (`goods_title`,`goods_num`) VALUES ('茶叶','1') [ RunTime:0.1570s ]
SQL: INSERT INTO `tns_goods` (`goods_title`,`goods_num`) VALUES ('袜子','1') [ RunTime:0.0320s ]
NOTIC: [8] Undefined index: pkg_ship_ifNotice C:\wamp\www\toyokou_tenso-japan\tenso\Admin\Controller\IndexController.class.php 第 128 行.
NOTIC: [8] Undefined index: pkg_ship_notice C:\wamp\www\toyokou_tenso-japan\tenso\Admin\Controller\IndexController.class.php 第 128 行.
SQL: UPDATE `tns_pkg` SET `pkg_id`='150415027',`pkg_status`='merge',`pkg_ship_receiver`='',`pkg_ship_address`='',`pkg_ship_phone`='',`pkg_ship_way`='ems',`pkg_ship_fee`='0',`pkg_ship_ifNotice`=NULL,`pkg_ship_email`='',`pkg_ship_notice`=NULL WHERE ( pkg_id=150415027 ) [ RunTime:0.0010s ]
SQL: SELECT COUNT(*) AS tp_count FROM `tns_pkg` WHERE ( ifRecycle = 0 AND NOT pkg_status = "final" ) LIMIT 1   [ RunTime:0.0000s ]
SQL: SELECT COUNT(*) AS tp_count FROM `tns_pkg` WHERE ( ifRecycle = 0 AND pkg_status = "request" ) LIMIT 1   [ RunTime:0.0000s ]
SQL: SELECT COUNT(*) AS tp_count FROM `tns_pkg` WHERE ( ifRecycle = 0 AND pkg_status = "merge" ) LIMIT 1   [ RunTime:0.0000s ]
SQL: SELECT COUNT(*) AS tp_count FROM `tns_pkg` WHERE ( ifRecycle = 0 AND pkg_status = "payment" ) LIMIT 1   [ RunTime:0.0000s ]
SQL: SELECT COUNT(*) AS tp_count FROM `tns_pkg` WHERE ( ifRecycle = 0 AND pkg_status = "shipping" ) LIMIT 1   [ RunTime:0.0000s ]
SQL: SELECT COUNT(*) AS tp_count FROM `tns_pkg` WHERE ( ifRecycle = 0 AND pkg_status = "confirm" ) LIMIT 1   [ RunTime:0.0000s ]
SQL: SELECT COUNT(*) AS tp_count FROM `tns_pkg` WHERE ( ifRecycle = 0 AND pkg_status = "receipt" ) LIMIT 1   [ RunTime:0.0000s ]
SQL: SELECT COUNT(*) AS tp_count FROM `tns_pkg` WHERE ( ifRecycle = 1 ) LIMIT 1   [ RunTime:0.0000s ]
SQL: SELECT * FROM `tns_pkg` WHERE ( ifRecycle = 0 AND pkg_status = "request" ) ORDER BY pkg_create_time desc LIMIT 10   [ RunTime:0.0000s ]
INFO: [ view_parse ] --START--
INFO: [ template_filter ] --START--
INFO: Run Behavior\ContentReplaceBehavior [ RunTime:0.000000s ]
INFO: [ template_filter ] --END-- [ RunTime:0.001000s ]
NOTIC: [8] Undefined index: Index C:\wamp\www\toyokou_tenso-japan\tenso\Runtime\Cache\Admin\80f832c5e82914dc4d692e196c746c66.php 第 54 行.
NOTIC: [8] Undefined index: Tenso C:\wamp\www\toyokou_tenso-japan\tenso\Runtime\Cache\Admin\80f832c5e82914dc4d692e196c746c66.php 第 55 行.
NOTIC: [8] Undefined index: Tenso C:\wamp\www\toyokou_tenso-japan\tenso\Runtime\Cache\Admin\80f832c5e82914dc4d692e196c746c66.php 第 56 行.
NOTIC: [8] Undefined index: Other C:\wamp\www\toyokou_tenso-japan\tenso\Runtime\Cache\Admin\80f832c5e82914dc4d692e196c746c66.php 第 57 行.
NOTIC: [8] Undefined index: ifCurrent C:\wamp\www\toyokou_tenso-japan\tenso\Runtime\Cache\Admin\80f832c5e82914dc4d692e196c746c66.php 第 62 行.
NOTIC: [8] Undefined index: ifCurrent C:\wamp\www\toyokou_tenso-japan\tenso\Runtime\Cache\Admin\80f832c5e82914dc4d692e196c746c66.php 第 62 行.
NOTIC: [8] Undefined index: ifCurrent C:\wamp\www\toyokou_tenso-japan\tenso\Runtime\Cache\Admin\80f832c5e82914dc4d692e196c746c66.php 第 62 行.
NOTIC: [8] Undefined index: ifCurrent C:\wamp\www\toyokou_tenso-japan\tenso\Runtime\Cache\Admin\80f832c5e82914dc4d692e196c746c66.php 第 62 行.
NOTIC: [8] Undefined index: ifCurrent C:\wamp\www\toyokou_tenso-japan\tenso\Runtime\Cache\Admin\80f832c5e82914dc4d692e196c746c66.php 第 62 行.
NOTIC: [8] Undefined index: ifCurrent C:\wamp\www\toyokou_tenso-japan\tenso\Runtime\Cache\Admin\80f832c5e82914dc4d692e196c746c66.php 第 62 行.
NOTIC: [8] Undefined index: ifCurrent C:\wamp\www\toyokou_tenso-japan\tenso\Runtime\Cache\Admin\80f832c5e82914dc4d692e196c746c66.php 第 62 行.
NOTIC: [8] Undefined index: ifCurrent C:\wamp\www\toyokou_tenso-japan\tenso\Runtime\Cache\Admin\80f832c5e82914dc4d692e196c746c66.php 第 78 行.
NOTIC: [8] Undefined index: ifCurrent C:\wamp\www\toyokou_tenso-japan\tenso\Runtime\Cache\Admin\80f832c5e82914dc4d692e196c746c66.php 第 78 行.
NOTIC: [8] Undefined index: ifCurrent C:\wamp\www\toyokou_tenso-japan\tenso\Runtime\Cache\Admin\80f832c5e82914dc4d692e196c746c66.php 第 78 行.
NOTIC: [8] Undefined index: ifCurrent C:\wamp\www\toyokou_tenso-japan\tenso\Runtime\Cache\Admin\80f832c5e82914dc4d692e196c746c66.php 第 78 行.
NOTIC: [8] Undefined index: ifCurrent C:\wamp\www\toyokou_tenso-japan\tenso\Runtime\Cache\Admin\80f832c5e82914dc4d692e196c746c66.php 第 78 行.
NOTIC: [8] Undefined index: ifCurrent C:\wamp\www\toyokou_tenso-japan\tenso\Runtime\Cache\Admin\80f832c5e82914dc4d692e196c746c66.php 第 78 行.
NOTIC: [8] Undefined index: ifCurrent C:\wamp\www\toyokou_tenso-japan\tenso\Runtime\Cache\Admin\80f832c5e82914dc4d692e196c746c66.php 第 78 行.
NOTIC: [8] Undefined variable: table C:\wamp\www\toyokou_tenso-japan\tenso\Runtime\Cache\Admin\80f832c5e82914dc4d692e196c746c66.php 第 196 行.
INFO: Run Behavior\ParseTemplateBehavior [ RunTime:0.037002s ]
INFO: [ view_parse ] --END-- [ RunTime:0.037002s ]
INFO: [ view_filter ] --START--
INFO: Run Behavior\WriteHtmlCacheBehavior [ RunTime:0.001000s ]
INFO: [ view_filter ] --END-- [ RunTime:0.001000s ]
INFO: [ app_end ] --START--
INFO: Run Behavior\ShowPageTraceBehavior [ RunTime:0.001000s ]
INFO: [ app_end ] --END-- [ RunTime:0.001000s ]

[ 2015-05-04T20:56:09+08:00 ] 127.0.0.1 /toyokou_tenso-japan/tenso/Admin/Index/merge.html
INFO: [ app_init ] --START--
INFO: Run Behavior\BuildLiteBehavior [ RunTime:0.000000s ]
INFO: [ app_init ] --END-- [ RunTime:0.001000s ]
INFO: [ app_begin ] --START--
INFO: Run Behavior\ReadHtmlCacheBehavior [ RunTime:0.001000s ]
INFO: [ app_begin ] --END-- [ RunTime:0.001000s ]
SQL: SHOW COLUMNS FROM `tns_site` [ RunTime:0.0060s ]
SQL: SHOW COLUMNS FROM `tns_pkg` [ RunTime:0.0040s ]
SQL: SHOW COLUMNS FROM `tns_box` [ RunTime:0.0050s ]
SQL: SHOW COLUMNS FROM `tns_goods` [ RunTime:0.0050s ]
SQL: SELECT * FROM `tns_site` WHERE `prty_name` = 'site_name' LIMIT 1   [ RunTime:0.0010s ]
SQL: SELECT COUNT(*) AS tp_count FROM `tns_pkg` WHERE ( ifRecycle = 0 AND NOT pkg_status = "final" ) LIMIT 1   [ RunTime:0.0000s ]
SQL: SELECT COUNT(*) AS tp_count FROM `tns_pkg` WHERE ( ifRecycle = 0 AND pkg_status = "request" ) LIMIT 1   [ RunTime:0.0010s ]
SQL: SELECT COUNT(*) AS tp_count FROM `tns_pkg` WHERE ( ifRecycle = 0 AND pkg_status = "merge" ) LIMIT 1   [ RunTime:0.0000s ]
SQL: SELECT COUNT(*) AS tp_count FROM `tns_pkg` WHERE ( ifRecycle = 0 AND pkg_status = "payment" ) LIMIT 1   [ RunTime:0.0000s ]
SQL: SELECT COUNT(*) AS tp_count FROM `tns_pkg` WHERE ( ifRecycle = 0 AND pkg_status = "shipping" ) LIMIT 1   [ RunTime:0.0010s ]
SQL: SELECT COUNT(*) AS tp_count FROM `tns_pkg` WHERE ( ifRecycle = 0 AND pkg_status = "confirm" ) LIMIT 1   [ RunTime:0.0010s ]
SQL: SELECT COUNT(*) AS tp_count FROM `tns_pkg` WHERE ( ifRecycle = 0 AND pkg_status = "receipt" ) LIMIT 1   [ RunTime:0.0010s ]
SQL: SELECT COUNT(*) AS tp_count FROM `tns_pkg` WHERE ( ifRecycle = 1 ) LIMIT 1   [ RunTime:0.0000s ]
NOTIC: [8] Undefined variable: ifCurrent_subMenu C:\wamp\www\toyokou_tenso-japan\tenso\Admin\Controller\IndexController.class.php 第 64 行.
NOTIC: [8] Undefined index: username C:\wamp\www\toyokou_tenso-japan\tenso\Admin\Controller\IndexController.class.php 第 65 行.
SQL: SELECT * FROM `tns_box` ORDER BY box_id desc LIMIT 1   [ RunTime:0.0000s ]
SQL: SELECT * FROM `tns_pkg` WHERE ( ifRecycle = 0 AND pkg_status = "merge" ) ORDER BY pkg_create_time desc LIMIT 10   [ RunTime:0.0010s ]
SQL: SELECT * FROM `tns_box` WHERE ( ifRecycle = 0 AND box_status = "merge" ) ORDER BY box_create_time desc LIMIT 10   [ RunTime:0.0010s ]
INFO: [ view_parse ] --START--
INFO: [ template_filter ] --START--
INFO: Run Behavior\ContentReplaceBehavior [ RunTime:0.001000s ]
INFO: [ template_filter ] --END-- [ RunTime:0.001000s ]
NOTIC: [8] Undefined index: Index C:\wamp\www\toyokou_tenso-japan\tenso\Runtime\Cache\Admin\691e0d81d655646d0b0f1655f4ae6aa8.php 第 54 行.
NOTIC: [8] Undefined index: Tenso C:\wamp\www\toyokou_tenso-japan\tenso\Runtime\Cache\Admin\691e0d81d655646d0b0f1655f4ae6aa8.php 第 55 行.
NOTIC: [8] Undefined index: Tenso C:\wamp\www\toyokou_tenso-japan\tenso\Runtime\Cache\Admin\691e0d81d655646d0b0f1655f4ae6aa8.php 第 56 行.
NOTIC: [8] Undefined index: Other C:\wamp\www\toyokou_tenso-japan\tenso\Runtime\Cache\Admin\691e0d81d655646d0b0f1655f4ae6aa8.php 第 57 行.
NOTIC: [8] Undefined index: ifCurrent C:\wamp\www\toyokou_tenso-japan\tenso\Runtime\Cache\Admin\691e0d81d655646d0b0f1655f4ae6aa8.php 第 62 行.
NOTIC: [8] Undefined index: ifCurrent C:\wamp\www\toyokou_tenso-japan\tenso\Runtime\Cache\Admin\691e0d81d655646d0b0f1655f4ae6aa8.php 第 62 行.
NOTIC: [8] Undefined index: ifCurrent C:\wamp\www\toyokou_tenso-japan\tenso\Runtime\Cache\Admin\691e0d81d655646d0b0f1655f4ae6aa8.php 第 62 行.
NOTIC: [8] Undefined index: ifCurrent C:\wamp\www\toyokou_tenso-japan\tenso\Runtime\Cache\Admin\691e0d81d655646d0b0f1655f4ae6aa8.php 第 62 行.
NOTIC: [8] Undefined index: ifCurrent C:\wamp\www\toyokou_tenso-japan\tenso\Runtime\Cache\Admin\691e0d81d655646d0b0f1655f4ae6aa8.php 第 62 行.
NOTIC: [8] Undefined index: ifCurrent C:\wamp\www\toyokou_tenso-japan\tenso\Runtime\Cache\Admin\691e0d81d655646d0b0f1655f4ae6aa8.php 第 62 行.
NOTIC: [8] Undefined index: ifCurrent C:\wamp\www\toyokou_tenso-japan\tenso\Runtime\Cache\Admin\691e0d81d655646d0b0f1655f4ae6aa8.php 第 62 行.
NOTIC: [8] Undefined index: ifCurrent C:\wamp\www\toyokou_tenso-japan\tenso\Runtime\Cache\Admin\691e0d81d655646d0b0f1655f4ae6aa8.php 第 78 行.
NOTIC: [8] Undefined index: ifCurrent C:\wamp\www\toyokou_tenso-japan\tenso\Runtime\Cache\Admin\691e0d81d655646d0b0f1655f4ae6aa8.php 第 78 行.
NOTIC: [8] Undefined index: ifCurrent C:\wamp\www\toyokou_tenso-japan\tenso\Runtime\Cache\Admin\691e0d81d655646d0b0f1655f4ae6aa8.php 第 78 行.
NOTIC: [8] Undefined index: ifCurrent C:\wamp\www\toyokou_tenso-japan\tenso\Runtime\Cache\Admin\691e0d81d655646d0b0f1655f4ae6aa8.php 第 78 行.
NOTIC: [8] Undefined index: ifCurrent C:\wamp\www\toyokou_tenso-japan\tenso\Runtime\Cache\Admin\691e0d81d655646d0b0f1655f4ae6aa8.php 第 78 行.
NOTIC: [8] Undefined index: ifCurrent C:\wamp\www\toyokou_tenso-japan\tenso\Runtime\Cache\Admin\691e0d81d655646d0b0f1655f4ae6aa8.php 第 78 行.
NOTIC: [8] Undefined index: ifCurrent C:\wamp\www\toyokou_tenso-japan\tenso\Runtime\Cache\Admin\691e0d81d655646d0b0f1655f4ae6aa8.php 第 78 行.
NOTIC: [8] Undefined index: pkg_ids C:\wamp\www\toyokou_tenso-japan\tenso\Runtime\Cache\Admin\691e0d81d655646d0b0f1655f4ae6aa8.php 第 109 行.
NOTIC: [8] Undefined index: goods C:\wamp\www\toyokou_tenso-japan\tenso\Runtime\Cache\Admin\691e0d81d655646d0b0f1655f4ae6aa8.php 第 110 行.
NOTIC: [8] Undefined index: pkg_ids C:\wamp\www\toyokou_tenso-japan\tenso\Runtime\Cache\Admin\691e0d81d655646d0b0f1655f4ae6aa8.php 第 109 行.
NOTIC: [8] Undefined index: goods C:\wamp\www\toyokou_tenso-japan\tenso\Runtime\Cache\Admin\691e0d81d655646d0b0f1655f4ae6aa8.php 第 110 行.
NOTIC: [8] Undefined index: merge_ids C:\wamp\www\toyokou_tenso-japan\tenso\Runtime\Cache\Admin\691e0d81d655646d0b0f1655f4ae6aa8.php 第 139 行.
NOTIC: [8] Undefined variable: table C:\wamp\www\toyokou_tenso-japan\tenso\Runtime\Cache\Admin\691e0d81d655646d0b0f1655f4ae6aa8.php 第 243 行.
INFO: Run Behavior\ParseTemplateBehavior [ RunTime:0.141008s ]
INFO: [ view_parse ] --END-- [ RunTime:0.141008s ]
INFO: [ view_filter ] --START--
INFO: Run Behavior\WriteHtmlCacheBehavior [ RunTime:0.000000s ]
INFO: [ view_filter ] --END-- [ RunTime:0.000000s ]
INFO: [ app_end ] --START--
INFO: Run Behavior\ShowPageTraceBehavior [ RunTime:0.001000s ]
INFO: [ app_end ] --END-- [ RunTime:0.001000s ]

[ 2015-05-04T20:56:11+08:00 ] 127.0.0.1 /toyokou_tenso-japan/tenso/Admin/Index/request.html
INFO: [ app_init ] --START--
INFO: Run Behavior\BuildLiteBehavior [ RunTime:0.000000s ]
INFO: [ app_init ] --END-- [ RunTime:0.000000s ]
INFO: [ app_begin ] --START--
INFO: Run Behavior\ReadHtmlCacheBehavior [ RunTime:0.001000s ]
INFO: [ app_begin ] --END-- [ RunTime:0.001000s ]
SQL: SHOW COLUMNS FROM `tns_site` [ RunTime:0.0050s ]
SQL: SHOW COLUMNS FROM `tns_pkg` [ RunTime:0.0060s ]
SQL: SHOW COLUMNS FROM `tns_box` [ RunTime:0.0050s ]
SQL: SHOW COLUMNS FROM `tns_goods` [ RunTime:0.0050s ]
SQL: SELECT * FROM `tns_site` WHERE `prty_name` = 'site_name' LIMIT 1   [ RunTime:0.0000s ]
SQL: SELECT COUNT(*) AS tp_count FROM `tns_pkg` WHERE ( ifRecycle = 0 AND NOT pkg_status = "final" ) LIMIT 1   [ RunTime:0.0000s ]
SQL: SELECT COUNT(*) AS tp_count FROM `tns_pkg` WHERE ( ifRecycle = 0 AND pkg_status = "request" ) LIMIT 1   [ RunTime:0.0010s ]
SQL: SELECT COUNT(*) AS tp_count FROM `tns_pkg` WHERE ( ifRecycle = 0 AND pkg_status = "merge" ) LIMIT 1   [ RunTime:0.0000s ]
SQL: SELECT COUNT(*) AS tp_count FROM `tns_pkg` WHERE ( ifRecycle = 0 AND pkg_status = "payment" ) LIMIT 1   [ RunTime:0.0000s ]
SQL: SELECT COUNT(*) AS tp_count FROM `tns_pkg` WHERE ( ifRecycle = 0 AND pkg_status = "shipping" ) LIMIT 1   [ RunTime:0.0000s ]
SQL: SELECT COUNT(*) AS tp_count FROM `tns_pkg` WHERE ( ifRecycle = 0 AND pkg_status = "confirm" ) LIMIT 1   [ RunTime:0.0000s ]
SQL: SELECT COUNT(*) AS tp_count FROM `tns_pkg` WHERE ( ifRecycle = 0 AND pkg_status = "receipt" ) LIMIT 1   [ RunTime:0.0010s ]
SQL: SELECT COUNT(*) AS tp_count FROM `tns_pkg` WHERE ( ifRecycle = 1 ) LIMIT 1   [ RunTime:0.0000s ]
NOTIC: [8] Undefined variable: ifCurrent_subMenu C:\wamp\www\toyokou_tenso-japan\tenso\Admin\Controller\IndexController.class.php 第 64 行.
NOTIC: [8] Undefined index: username C:\wamp\www\toyokou_tenso-japan\tenso\Admin\Controller\IndexController.class.php 第 65 行.
NOTIC: [8] Undefined index: pkg_status C:\wamp\www\toyokou_tenso-japan\tenso\Admin\Controller\IndexController.class.php 第 95 行.
SQL: SELECT COUNT(*) AS tp_count FROM `tns_pkg` WHERE ( ifRecycle = 0 AND NOT pkg_status = "final" ) LIMIT 1   [ RunTime:0.0000s ]
SQL: SELECT COUNT(*) AS tp_count FROM `tns_pkg` WHERE ( ifRecycle = 0 AND pkg_status = "request" ) LIMIT 1   [ RunTime:0.0010s ]
SQL: SELECT COUNT(*) AS tp_count FROM `tns_pkg` WHERE ( ifRecycle = 0 AND pkg_status = "merge" ) LIMIT 1   [ RunTime:0.0000s ]
SQL: SELECT COUNT(*) AS tp_count FROM `tns_pkg` WHERE ( ifRecycle = 0 AND pkg_status = "payment" ) LIMIT 1   [ RunTime:0.0000s ]
SQL: SELECT COUNT(*) AS tp_count FROM `tns_pkg` WHERE ( ifRecycle = 0 AND pkg_status = "shipping" ) LIMIT 1   [ RunTime:0.0000s ]
SQL: SELECT COUNT(*) AS tp_count FROM `tns_pkg` WHERE ( ifRecycle = 0 AND pkg_status = "confirm" ) LIMIT 1   [ RunTime:0.0000s ]
SQL: SELECT COUNT(*) AS tp_count FROM `tns_pkg` WHERE ( ifRecycle = 0 AND pkg_status = "receipt" ) LIMIT 1   [ RunTime:0.0000s ]
SQL: SELECT COUNT(*) AS tp_count FROM `tns_pkg` WHERE ( ifRecycle = 1 ) LIMIT 1   [ RunTime:0.0010s ]
SQL: SELECT * FROM `tns_pkg` WHERE ( ifRecycle = 0 AND pkg_status = "request" ) ORDER BY pkg_create_time desc LIMIT 10   [ RunTime:0.0000s ]
INFO: [ view_parse ] --START--
INFO: [ template_filter ] --START--
INFO: Run Behavior\ContentReplaceBehavior [ RunTime:0.000000s ]
INFO: [ template_filter ] --END-- [ RunTime:0.000000s ]
NOTIC: [8] Undefined index: Index C:\wamp\www\toyokou_tenso-japan\tenso\Runtime\Cache\Admin\80f832c5e82914dc4d692e196c746c66.php 第 54 行.
NOTIC: [8] Undefined index: Tenso C:\wamp\www\toyokou_tenso-japan\tenso\Runtime\Cache\Admin\80f832c5e82914dc4d692e196c746c66.php 第 55 行.
NOTIC: [8] Undefined index: Tenso C:\wamp\www\toyokou_tenso-japan\tenso\Runtime\Cache\Admin\80f832c5e82914dc4d692e196c746c66.php 第 56 行.
NOTIC: [8] Undefined index: Other C:\wamp\www\toyokou_tenso-japan\tenso\Runtime\Cache\Admin\80f832c5e82914dc4d692e196c746c66.php 第 57 行.
NOTIC: [8] Undefined index: ifCurrent C:\wamp\www\toyokou_tenso-japan\tenso\Runtime\Cache\Admin\80f832c5e82914dc4d692e196c746c66.php 第 62 行.
NOTIC: [8] Undefined index: ifCurrent C:\wamp\www\toyokou_tenso-japan\tenso\Runtime\Cache\Admin\80f832c5e82914dc4d692e196c746c66.php 第 62 行.
NOTIC: [8] Undefined index: ifCurrent C:\wamp\www\toyokou_tenso-japan\tenso\Runtime\Cache\Admin\80f832c5e82914dc4d692e196c746c66.php 第 62 行.
NOTIC: [8] Undefined index: ifCurrent C:\wamp\www\toyokou_tenso-japan\tenso\Runtime\Cache\Admin\80f832c5e82914dc4d692e196c746c66.php 第 62 行.
NOTIC: [8] Undefined index: ifCurrent C:\wamp\www\toyokou_tenso-japan\tenso\Runtime\Cache\Admin\80f832c5e82914dc4d692e196c746c66.php 第 62 行.
NOTIC: [8] Undefined index: ifCurrent C:\wamp\www\toyokou_tenso-japan\tenso\Runtime\Cache\Admin\80f832c5e82914dc4d692e196c746c66.php 第 62 行.
NOTIC: [8] Undefined index: ifCurrent C:\wamp\www\toyokou_tenso-japan\tenso\Runtime\Cache\Admin\80f832c5e82914dc4d692e196c746c66.php 第 62 行.
NOTIC: [8] Undefined index: ifCurrent C:\wamp\www\toyokou_tenso-japan\tenso\Runtime\Cache\Admin\80f832c5e82914dc4d692e196c746c66.php 第 78 行.
NOTIC: [8] Undefined index: ifCurrent C:\wamp\www\toyokou_tenso-japan\tenso\Runtime\Cache\Admin\80f832c5e82914dc4d692e196c746c66.php 第 78 行.
NOTIC: [8] Undefined index: ifCurrent C:\wamp\www\toyokou_tenso-japan\tenso\Runtime\Cache\Admin\80f832c5e82914dc4d692e196c746c66.php 第 78 行.
NOTIC: [8] Undefined index: ifCurrent C:\wamp\www\toyokou_tenso-japan\tenso\Runtime\Cache\Admin\80f832c5e82914dc4d692e196c746c66.php 第 78 行.
NOTIC: [8] Undefined index: ifCurrent C:\wamp\www\toyokou_tenso-japan\tenso\Runtime\Cache\Admin\80f832c5e82914dc4d692e196c746c66.php 第 78 行.
NOTIC: [8] Undefined index: ifCurrent C:\wamp\www\toyokou_tenso-japan\tenso\Runtime\Cache\Admin\80f832c5e82914dc4d692e196c746c66.php 第 78 行.
NOTIC: [8] Undefined index: ifCurrent C:\wamp\www\toyokou_tenso-japan\tenso\Runtime\Cache\Admin\80f832c5e82914dc4d692e196c746c66.php 第 78 行.
NOTIC: [8] Undefined variable: table C:\wamp\www\toyokou_tenso-japan\tenso\Runtime\Cache\Admin\80f832c5e82914dc4d692e196c746c66.php 第 196 行.
INFO: Run Behavior\ParseTemplateBehavior [ RunTime:0.034002s ]
INFO: [ view_parse ] --END-- [ RunTime:0.034002s ]
INFO: [ view_filter ] --START--
INFO: Run Behavior\WriteHtmlCacheBehavior [ RunTime:0.001000s ]
INFO: [ view_filter ] --END-- [ RunTime:0.001000s ]
INFO: [ app_end ] --START--
INFO: Run Behavior\ShowPageTraceBehavior [ RunTime:0.001000s ]
INFO: [ app_end ] --END-- [ RunTime:0.001000s ]

[ 2015-05-04T20:56:28+08:00 ] 127.0.0.1 /toyokou_tenso-japan/tenso/Admin/Index/merge.html
INFO: [ app_init ] --START--
INFO: Run Behavior\BuildLiteBehavior [ RunTime:0.000000s ]
INFO: [ app_init ] --END-- [ RunTime:0.001000s ]
INFO: [ app_begin ] --START--
INFO: Run Behavior\ReadHtmlCacheBehavior [ RunTime:0.001000s ]
INFO: [ app_begin ] --END-- [ RunTime:0.001000s ]
SQL: SHOW COLUMNS FROM `tns_site` [ RunTime:0.0050s ]
SQL: SHOW COLUMNS FROM `tns_pkg` [ RunTime:0.0050s ]
SQL: SHOW COLUMNS FROM `tns_box` [ RunTime:0.0040s ]
SQL: SHOW COLUMNS FROM `tns_goods` [ RunTime:0.0050s ]
SQL: SELECT * FROM `tns_site` WHERE `prty_name` = 'site_name' LIMIT 1   [ RunTime:0.0010s ]
SQL: SELECT COUNT(*) AS tp_count FROM `tns_pkg` WHERE ( ifRecycle = 0 AND NOT pkg_status = "final" ) LIMIT 1   [ RunTime:0.0010s ]
SQL: SELECT COUNT(*) AS tp_count FROM `tns_pkg` WHERE ( ifRecycle = 0 AND pkg_status = "request" ) LIMIT 1   [ RunTime:0.0010s ]
SQL: SELECT COUNT(*) AS tp_count FROM `tns_pkg` WHERE ( ifRecycle = 0 AND pkg_status = "merge" ) LIMIT 1   [ RunTime:0.0000s ]
SQL: SELECT COUNT(*) AS tp_count FROM `tns_pkg` WHERE ( ifRecycle = 0 AND pkg_status = "payment" ) LIMIT 1   [ RunTime:0.0000s ]
SQL: SELECT COUNT(*) AS tp_count FROM `tns_pkg` WHERE ( ifRecycle = 0 AND pkg_status = "shipping" ) LIMIT 1   [ RunTime:0.0000s ]
SQL: SELECT COUNT(*) AS tp_count FROM `tns_pkg` WHERE ( ifRecycle = 0 AND pkg_status = "confirm" ) LIMIT 1   [ RunTime:0.0010s ]
SQL: SELECT COUNT(*) AS tp_count FROM `tns_pkg` WHERE ( ifRecycle = 0 AND pkg_status = "receipt" ) LIMIT 1   [ RunTime:0.0000s ]
SQL: SELECT COUNT(*) AS tp_count FROM `tns_pkg` WHERE ( ifRecycle = 1 ) LIMIT 1   [ RunTime:0.0000s ]
NOTIC: [8] Undefined variable: ifCurrent_subMenu C:\wamp\www\toyokou_tenso-japan\tenso\Admin\Controller\IndexController.class.php 第 64 行.
NOTIC: [8] Undefined index: username C:\wamp\www\toyokou_tenso-japan\tenso\Admin\Controller\IndexController.class.php 第 65 行.
SQL: SELECT * FROM `tns_box` ORDER BY box_id desc LIMIT 1   [ RunTime:0.0000s ]
SQL: SELECT * FROM `tns_pkg` WHERE ( ifRecycle = 0 AND pkg_status = "merge" ) ORDER BY pkg_create_time desc LIMIT 10   [ RunTime:0.0000s ]
SQL: SELECT * FROM `tns_box` WHERE ( ifRecycle = 0 AND box_status = "merge" ) ORDER BY box_create_time desc LIMIT 10   [ RunTime:0.0000s ]
INFO: [ view_parse ] --START--
INFO: [ template_filter ] --START--
INFO: Run Behavior\ContentReplaceBehavior [ RunTime:0.000000s ]
INFO: [ template_filter ] --END-- [ RunTime:0.000000s ]
NOTIC: [8] Undefined index: Index C:\wamp\www\toyokou_tenso-japan\tenso\Runtime\Cache\Admin\691e0d81d655646d0b0f1655f4ae6aa8.php 第 54 行.
NOTIC: [8] Undefined index: Tenso C:\wamp\www\toyokou_tenso-japan\tenso\Runtime\Cache\Admin\691e0d81d655646d0b0f1655f4ae6aa8.php 第 55 行.
NOTIC: [8] Undefined index: Tenso C:\wamp\www\toyokou_tenso-japan\tenso\Runtime\Cache\Admin\691e0d81d655646d0b0f1655f4ae6aa8.php 第 56 行.
NOTIC: [8] Undefined index: Other C:\wamp\www\toyokou_tenso-japan\tenso\Runtime\Cache\Admin\691e0d81d655646d0b0f1655f4ae6aa8.php 第 57 行.
NOTIC: [8] Undefined index: ifCurrent C:\wamp\www\toyokou_tenso-japan\tenso\Runtime\Cache\Admin\691e0d81d655646d0b0f1655f4ae6aa8.php 第 62 行.
NOTIC: [8] Undefined index: ifCurrent C:\wamp\www\toyokou_tenso-japan\tenso\Runtime\Cache\Admin\691e0d81d655646d0b0f1655f4ae6aa8.php 第 62 行.
NOTIC: [8] Undefined index: ifCurrent C:\wamp\www\toyokou_tenso-japan\tenso\Runtime\Cache\Admin\691e0d81d655646d0b0f1655f4ae6aa8.php 第 62 行.
NOTIC: [8] Undefined index: ifCurrent C:\wamp\www\toyokou_tenso-japan\tenso\Runtime\Cache\Admin\691e0d81d655646d0b0f1655f4ae6aa8.php 第 62 行.
NOTIC: [8] Undefined index: ifCurrent C:\wamp\www\toyokou_tenso-japan\tenso\Runtime\Cache\Admin\691e0d81d655646d0b0f1655f4ae6aa8.php 第 62 行.
NOTIC: [8] Undefined index: ifCurrent C:\wamp\www\toyokou_tenso-japan\tenso\Runtime\Cache\Admin\691e0d81d655646d0b0f1655f4ae6aa8.php 第 62 行.
NOTIC: [8] Undefined index: ifCurrent C:\wamp\www\toyokou_tenso-japan\tenso\Runtime\Cache\Admin\691e0d81d655646d0b0f1655f4ae6aa8.php 第 62 行.
NOTIC: [8] Undefined index: ifCurrent C:\wamp\www\toyokou_tenso-japan\tenso\Runtime\Cache\Admin\691e0d81d655646d0b0f1655f4ae6aa8.php 第 78 行.
NOTIC: [8] Undefined index: ifCurrent C:\wamp\www\toyokou_tenso-japan\tenso\Runtime\Cache\Admin\691e0d81d655646d0b0f1655f4ae6aa8.php 第 78 行.
NOTIC: [8] Undefined index: ifCurrent C:\wamp\www\toyokou_tenso-japan\tenso\Runtime\Cache\Admin\691e0d81d655646d0b0f1655f4ae6aa8.php 第 78 行.
NOTIC: [8] Undefined index: ifCurrent C:\wamp\www\toyokou_tenso-japan\tenso\Runtime\Cache\Admin\691e0d81d655646d0b0f1655f4ae6aa8.php 第 78 行.
NOTIC: [8] Undefined index: ifCurrent C:\wamp\www\toyokou_tenso-japan\tenso\Runtime\Cache\Admin\691e0d81d655646d0b0f1655f4ae6aa8.php 第 78 行.
NOTIC: [8] Undefined index: ifCurrent C:\wamp\www\toyokou_tenso-japan\tenso\Runtime\Cache\Admin\691e0d81d655646d0b0f1655f4ae6aa8.php 第 78 行.
NOTIC: [8] Undefined index: ifCurrent C:\wamp\www\toyokou_tenso-japan\tenso\Runtime\Cache\Admin\691e0d81d655646d0b0f1655f4ae6aa8.php 第 78 行.
NOTIC: [8] Undefined index: pkg_ids C:\wamp\www\toyokou_tenso-japan\tenso\Runtime\Cache\Admin\691e0d81d655646d0b0f1655f4ae6aa8.php 第 109 行.
NOTIC: [8] Undefined index: goods C:\wamp\www\toyokou_tenso-japan\tenso\Runtime\Cache\Admin\691e0d81d655646d0b0f1655f4ae6aa8.php 第 110 行.
NOTIC: [8] Undefined index: pkg_ids C:\wamp\www\toyokou_tenso-japan\tenso\Runtime\Cache\Admin\691e0d81d655646d0b0f1655f4ae6aa8.php 第 109 行.
NOTIC: [8] Undefined index: goods C:\wamp\www\toyokou_tenso-japan\tenso\Runtime\Cache\Admin\691e0d81d655646d0b0f1655f4ae6aa8.php 第 110 行.
NOTIC: [8] Undefined index: merge_ids C:\wamp\www\toyokou_tenso-japan\tenso\Runtime\Cache\Admin\691e0d81d655646d0b0f1655f4ae6aa8.php 第 139 行.
NOTIC: [8] Undefined variable: table C:\wamp\www\toyokou_tenso-japan\tenso\Runtime\Cache\Admin\691e0d81d655646d0b0f1655f4ae6aa8.php 第 243 行.
INFO: Run Behavior\ParseTemplateBehavior [ RunTime:0.040002s ]
INFO: [ view_parse ] --END-- [ RunTime:0.040002s ]
INFO: [ view_filter ] --START--
INFO: Run Behavior\WriteHtmlCacheBehavior [ RunTime:0.001000s ]
INFO: [ view_filter ] --END-- [ RunTime:0.001000s ]
INFO: [ app_end ] --START--
INFO: Run Behavior\ShowPageTraceBehavior [ RunTime:0.001000s ]
INFO: [ app_end ] --END-- [ RunTime:0.001000s ]

[ 2015-05-04T20:56:39+08:00 ] 127.0.0.1 /toyokou_tenso-japan/tenso/Admin/Index/request.html
INFO: [ app_init ] --START--
INFO: Run Behavior\BuildLiteBehavior [ RunTime:0.000000s ]
INFO: [ app_init ] --END-- [ RunTime:0.000000s ]
INFO: [ app_begin ] --START--
INFO: Run Behavior\ReadHtmlCacheBehavior [ RunTime:0.000000s ]
INFO: [ app_begin ] --END-- [ RunTime:0.002000s ]
SQL: SHOW COLUMNS FROM `tns_site` [ RunTime:0.0050s ]
SQL: SHOW COLUMNS FROM `tns_pkg` [ RunTime:0.0060s ]
SQL: SHOW COLUMNS FROM `tns_box` [ RunTime:0.0040s ]
SQL: SHOW COLUMNS FROM `tns_goods` [ RunTime:0.0050s ]
SQL: SELECT * FROM `tns_site` WHERE `prty_name` = 'site_name' LIMIT 1   [ RunTime:0.0010s ]
SQL: SELECT COUNT(*) AS tp_count FROM `tns_pkg` WHERE ( ifRecycle = 0 AND NOT pkg_status = "final" ) LIMIT 1   [ RunTime:0.0000s ]
SQL: SELECT COUNT(*) AS tp_count FROM `tns_pkg` WHERE ( ifRecycle = 0 AND pkg_status = "request" ) LIMIT 1   [ RunTime:0.0000s ]
SQL: SELECT COUNT(*) AS tp_count FROM `tns_pkg` WHERE ( ifRecycle = 0 AND pkg_status = "merge" ) LIMIT 1   [ RunTime:0.0010s ]
SQL: SELECT COUNT(*) AS tp_count FROM `tns_pkg` WHERE ( ifRecycle = 0 AND pkg_status = "payment" ) LIMIT 1   [ RunTime:0.0000s ]
SQL: SELECT COUNT(*) AS tp_count FROM `tns_pkg` WHERE ( ifRecycle = 0 AND pkg_status = "shipping" ) LIMIT 1   [ RunTime:0.0000s ]
SQL: SELECT COUNT(*) AS tp_count FROM `tns_pkg` WHERE ( ifRecycle = 0 AND pkg_status = "confirm" ) LIMIT 1   [ RunTime:0.0000s ]
SQL: SELECT COUNT(*) AS tp_count FROM `tns_pkg` WHERE ( ifRecycle = 0 AND pkg_status = "receipt" ) LIMIT 1   [ RunTime:0.0000s ]
SQL: SELECT COUNT(*) AS tp_count FROM `tns_pkg` WHERE ( ifRecycle = 1 ) LIMIT 1   [ RunTime:0.0000s ]
NOTIC: [8] Undefined variable: ifCurrent_subMenu C:\wamp\www\toyokou_tenso-japan\tenso\Admin\Controller\IndexController.class.php 第 64 行.
NOTIC: [8] Undefined index: username C:\wamp\www\toyokou_tenso-japan\tenso\Admin\Controller\IndexController.class.php 第 65 行.
NOTIC: [8] Undefined index: pkg_status C:\wamp\www\toyokou_tenso-japan\tenso\Admin\Controller\IndexController.class.php 第 95 行.
SQL: SELECT COUNT(*) AS tp_count FROM `tns_pkg` WHERE ( ifRecycle = 0 AND NOT pkg_status = "final" ) LIMIT 1   [ RunTime:0.0000s ]
SQL: SELECT COUNT(*) AS tp_count FROM `tns_pkg` WHERE ( ifRecycle = 0 AND pkg_status = "request" ) LIMIT 1   [ RunTime:0.0000s ]
SQL: SELECT COUNT(*) AS tp_count FROM `tns_pkg` WHERE ( ifRecycle = 0 AND pkg_status = "merge" ) LIMIT 1   [ RunTime:0.0010s ]
SQL: SELECT COUNT(*) AS tp_count FROM `tns_pkg` WHERE ( ifRecycle = 0 AND pkg_status = "payment" ) LIMIT 1   [ RunTime:0.0010s ]
SQL: SELECT COUNT(*) AS tp_count FROM `tns_pkg` WHERE ( ifRecycle = 0 AND pkg_status = "shipping" ) LIMIT 1   [ RunTime:0.0000s ]
SQL: SELECT COUNT(*) AS tp_count FROM `tns_pkg` WHERE ( ifRecycle = 0 AND pkg_status = "confirm" ) LIMIT 1   [ RunTime:0.0000s ]
SQL: SELECT COUNT(*) AS tp_count FROM `tns_pkg` WHERE ( ifRecycle = 0 AND pkg_status = "receipt" ) LIMIT 1   [ RunTime:0.0000s ]
SQL: SELECT COUNT(*) AS tp_count FROM `tns_pkg` WHERE ( ifRecycle = 1 ) LIMIT 1   [ RunTime:0.0000s ]
SQL: SELECT * FROM `tns_pkg` WHERE ( ifRecycle = 0 AND pkg_status = "request" ) ORDER BY pkg_create_time desc LIMIT 10   [ RunTime:0.0000s ]
INFO: [ view_parse ] --START--
INFO: [ template_filter ] --START--
INFO: Run Behavior\ContentReplaceBehavior [ RunTime:0.001000s ]
INFO: [ template_filter ] --END-- [ RunTime:0.001000s ]
NOTIC: [8] Undefined index: Index C:\wamp\www\toyokou_tenso-japan\tenso\Runtime\Cache\Admin\80f832c5e82914dc4d692e196c746c66.php 第 54 行.
NOTIC: [8] Undefined index: Tenso C:\wamp\www\toyokou_tenso-japan\tenso\Runtime\Cache\Admin\80f832c5e82914dc4d692e196c746c66.php 第 55 行.
NOTIC: [8] Undefined index: Tenso C:\wamp\www\toyokou_tenso-japan\tenso\Runtime\Cache\Admin\80f832c5e82914dc4d692e196c746c66.php 第 56 行.
NOTIC: [8] Undefined index: Other C:\wamp\www\toyokou_tenso-japan\tenso\Runtime\Cache\Admin\80f832c5e82914dc4d692e196c746c66.php 第 57 行.
NOTIC: [8] Undefined index: ifCurrent C:\wamp\www\toyokou_tenso-japan\tenso\Runtime\Cache\Admin\80f832c5e82914dc4d692e196c746c66.php 第 62 行.
NOTIC: [8] Undefined index: ifCurrent C:\wamp\www\toyokou_tenso-japan\tenso\Runtime\Cache\Admin\80f832c5e82914dc4d692e196c746c66.php 第 62 行.
NOTIC: [8] Undefined index: ifCurrent C:\wamp\www\toyokou_tenso-japan\tenso\Runtime\Cache\Admin\80f832c5e82914dc4d692e196c746c66.php 第 62 行.
NOTIC: [8] Undefined index: ifCurrent C:\wamp\www\toyokou_tenso-japan\tenso\Runtime\Cache\Admin\80f832c5e82914dc4d692e196c746c66.php 第 62 行.
NOTIC: [8] Undefined index: ifCurrent C:\wamp\www\toyokou_tenso-japan\tenso\Runtime\Cache\Admin\80f832c5e82914dc4d692e196c746c66.php 第 62 行.
NOTIC: [8] Undefined index: ifCurrent C:\wamp\www\toyokou_tenso-japan\tenso\Runtime\Cache\Admin\80f832c5e82914dc4d692e196c746c66.php 第 62 行.
NOTIC: [8] Undefined index: ifCurrent C:\wamp\www\toyokou_tenso-japan\tenso\Runtime\Cache\Admin\80f832c5e82914dc4d692e196c746c66.php 第 62 行.
NOTIC: [8] Undefined index: ifCurrent C:\wamp\www\toyokou_tenso-japan\tenso\Runtime\Cache\Admin\80f832c5e82914dc4d692e196c746c66.php 第 78 行.
NOTIC: [8] Undefined index: ifCurrent C:\wamp\www\toyokou_tenso-japan\tenso\Runtime\Cache\Admin\80f832c5e82914dc4d692e196c746c66.php 第 78 行.
NOTIC: [8] Undefined index: ifCurrent C:\wamp\www\toyokou_tenso-japan\tenso\Runtime\Cache\Admin\80f832c5e82914dc4d692e196c746c66.php 第 78 行.
NOTIC: [8] Undefined index: ifCurrent C:\wamp\www\toyokou_tenso-japan\tenso\Runtime\Cache\Admin\80f832c5e82914dc4d692e196c746c66.php 第 78 行.
NOTIC: [8] Undefined index: ifCurrent C:\wamp\www\toyokou_tenso-japan\tenso\Runtime\Cache\Admin\80f832c5e82914dc4d692e196c746c66.php 第 78 行.
NOTIC: [8] Undefined index: ifCurrent C:\wamp\www\toyokou_tenso-japan\tenso\Runtime\Cache\Admin\80f832c5e82914dc4d692e196c746c66.php 第 78 行.
NOTIC: [8] Undefined index: ifCurrent C:\wamp\www\toyokou_tenso-japan\tenso\Runtime\Cache\Admin\80f832c5e82914dc4d692e196c746c66.php 第 78 行.
NOTIC: [8] Undefined variable: table C:\wamp\www\toyokou_tenso-japan\tenso\Runtime\Cache\Admin\80f832c5e82914dc4d692e196c746c66.php 第 196 行.
INFO: Run Behavior\ParseTemplateBehavior [ RunTime:0.034002s ]
INFO: [ view_parse ] --END-- [ RunTime:0.035002s ]
INFO: [ view_filter ] --START--
INFO: Run Behavior\WriteHtmlCacheBehavior [ RunTime:0.000000s ]
INFO: [ view_filter ] --END-- [ RunTime:0.001000s ]
INFO: [ app_end ] --START--
INFO: Run Behavior\ShowPageTraceBehavior [ RunTime:0.000000s ]
INFO: [ app_end ] --END-- [ RunTime:0.001000s ]

[ 2015-05-04T20:56:56+08:00 ] 127.0.0.1 /toyokou_tenso-japan/tenso/Admin/Index/request.html
INFO: [ app_init ] --START--
INFO: Run Behavior\BuildLiteBehavior [ RunTime:0.000000s ]
INFO: [ app_init ] --END-- [ RunTime:0.001000s ]
INFO: [ app_begin ] --START--
INFO: Run Behavior\ReadHtmlCacheBehavior [ RunTime:0.000000s ]
INFO: [ app_begin ] --END-- [ RunTime:0.002000s ]
SQL: SHOW COLUMNS FROM `tns_site` [ RunTime:0.0050s ]
SQL: SHOW COLUMNS FROM `tns_pkg` [ RunTime:0.0050s ]
SQL: SHOW COLUMNS FROM `tns_box` [ RunTime:0.0070s ]
SQL: SHOW COLUMNS FROM `tns_goods` [ RunTime:0.0050s ]
SQL: SELECT * FROM `tns_site` WHERE `prty_name` = 'site_name' LIMIT 1   [ RunTime:0.0000s ]
SQL: SELECT COUNT(*) AS tp_count FROM `tns_pkg` WHERE ( ifRecycle = 0 AND NOT pkg_status = "final" ) LIMIT 1   [ RunTime:0.0010s ]
SQL: SELECT COUNT(*) AS tp_count FROM `tns_pkg` WHERE ( ifRecycle = 0 AND pkg_status = "request" ) LIMIT 1   [ RunTime:0.0000s ]
SQL: SELECT COUNT(*) AS tp_count FROM `tns_pkg` WHERE ( ifRecycle = 0 AND pkg_status = "merge" ) LIMIT 1   [ RunTime:0.0010s ]
SQL: SELECT COUNT(*) AS tp_count FROM `tns_pkg` WHERE ( ifRecycle = 0 AND pkg_status = "payment" ) LIMIT 1   [ RunTime:0.0010s ]
SQL: SELECT COUNT(*) AS tp_count FROM `tns_pkg` WHERE ( ifRecycle = 0 AND pkg_status = "shipping" ) LIMIT 1   [ RunTime:0.0010s ]
SQL: SELECT COUNT(*) AS tp_count FROM `tns_pkg` WHERE ( ifRecycle = 0 AND pkg_status = "confirm" ) LIMIT 1   [ RunTime:0.0000s ]
SQL: SELECT COUNT(*) AS tp_count FROM `tns_pkg` WHERE ( ifRecycle = 0 AND pkg_status = "receipt" ) LIMIT 1   [ RunTime:0.0000s ]
SQL: SELECT COUNT(*) AS tp_count FROM `tns_pkg` WHERE ( ifRecycle = 1 ) LIMIT 1   [ RunTime:0.0000s ]
NOTIC: [8] Undefined variable: ifCurrent_subMenu C:\wamp\www\toyokou_tenso-japan\tenso\Admin\Controller\IndexController.class.php 第 64 行.
NOTIC: [8] Undefined index: username C:\wamp\www\toyokou_tenso-japan\tenso\Admin\Controller\IndexController.class.php 第 65 行.
SQL: UPDATE `tns_pkg` SET `pkg_id`='150415023',`pkg_status`='merge' WHERE ( pkg_id=150415023 ) [ RunTime:0.0010s ]
SQL: INSERT INTO `tns_goods` (`goods_title`,`goods_num`) VALUES ('test','0') [ RunTime:0.1290s ]
SQL: INSERT INTO `tns_goods` (`goods_title`,`goods_num`) VALUES ('test2','1') [ RunTime:0.1100s ]
NOTIC: [8] Undefined index: pkg_ship_ifNotice C:\wamp\www\toyokou_tenso-japan\tenso\Admin\Controller\IndexController.class.php 第 128 行.
NOTIC: [8] Undefined index: pkg_ship_notice C:\wamp\www\toyokou_tenso-japan\tenso\Admin\Controller\IndexController.class.php 第 128 行.
SQL: UPDATE `tns_pkg` SET `pkg_id`='150415023',`pkg_status`='merge',`pkg_ship_receiver`='',`pkg_ship_address`='',`pkg_ship_phone`='',`pkg_ship_way`='ems',`pkg_ship_fee`='0',`pkg_ship_ifNotice`=NULL,`pkg_ship_email`='',`pkg_ship_notice`=NULL WHERE ( pkg_id=150415023 ) [ RunTime:0.0000s ]
SQL: SELECT COUNT(*) AS tp_count FROM `tns_pkg` WHERE ( ifRecycle = 0 AND NOT pkg_status = "final" ) LIMIT 1   [ RunTime:0.0000s ]
SQL: SELECT COUNT(*) AS tp_count FROM `tns_pkg` WHERE ( ifRecycle = 0 AND pkg_status = "request" ) LIMIT 1   [ RunTime:0.0000s ]
SQL: SELECT COUNT(*) AS tp_count FROM `tns_pkg` WHERE ( ifRecycle = 0 AND pkg_status = "merge" ) LIMIT 1   [ RunTime:0.0000s ]
SQL: SELECT COUNT(*) AS tp_count FROM `tns_pkg` WHERE ( ifRecycle = 0 AND pkg_status = "payment" ) LIMIT 1   [ RunTime:0.0000s ]
SQL: SELECT COUNT(*) AS tp_count FROM `tns_pkg` WHERE ( ifRecycle = 0 AND pkg_status = "shipping" ) LIMIT 1   [ RunTime:0.0000s ]
SQL: SELECT COUNT(*) AS tp_count FROM `tns_pkg` WHERE ( ifRecycle = 0 AND pkg_status = "confirm" ) LIMIT 1   [ RunTime:0.0000s ]
SQL: SELECT COUNT(*) AS tp_count FROM `tns_pkg` WHERE ( ifRecycle = 0 AND pkg_status = "receipt" ) LIMIT 1   [ RunTime:0.0000s ]
SQL: SELECT COUNT(*) AS tp_count FROM `tns_pkg` WHERE ( ifRecycle = 1 ) LIMIT 1   [ RunTime:0.0000s ]
SQL: SELECT * FROM `tns_pkg` WHERE ( ifRecycle = 0 AND pkg_status = "request" ) ORDER BY pkg_create_time desc LIMIT 10   [ RunTime:0.0000s ]
INFO: [ view_parse ] --START--
INFO: [ template_filter ] --START--
INFO: Run Behavior\ContentReplaceBehavior [ RunTime:0.000000s ]
INFO: [ template_filter ] --END-- [ RunTime:0.000000s ]
NOTIC: [8] Undefined index: Index C:\wamp\www\toyokou_tenso-japan\tenso\Runtime\Cache\Admin\80f832c5e82914dc4d692e196c746c66.php 第 54 行.
NOTIC: [8] Undefined index: Tenso C:\wamp\www\toyokou_tenso-japan\tenso\Runtime\Cache\Admin\80f832c5e82914dc4d692e196c746c66.php 第 55 行.
NOTIC: [8] Undefined index: Tenso C:\wamp\www\toyokou_tenso-japan\tenso\Runtime\Cache\Admin\80f832c5e82914dc4d692e196c746c66.php 第 56 行.
NOTIC: [8] Undefined index: Other C:\wamp\www\toyokou_tenso-japan\tenso\Runtime\Cache\Admin\80f832c5e82914dc4d692e196c746c66.php 第 57 行.
NOTIC: [8] Undefined index: ifCurrent C:\wamp\www\toyokou_tenso-japan\tenso\Runtime\Cache\Admin\80f832c5e82914dc4d692e196c746c66.php 第 62 行.
NOTIC: [8] Undefined index: ifCurrent C:\wamp\www\toyokou_tenso-japan\tenso\Runtime\Cache\Admin\80f832c5e82914dc4d692e196c746c66.php 第 62 行.
NOTIC: [8] Undefined index: ifCurrent C:\wamp\www\toyokou_tenso-japan\tenso\Runtime\Cache\Admin\80f832c5e82914dc4d692e196c746c66.php 第 62 行.
NOTIC: [8] Undefined index: ifCurrent C:\wamp\www\toyokou_tenso-japan\tenso\Runtime\Cache\Admin\80f832c5e82914dc4d692e196c746c66.php 第 62 行.
NOTIC: [8] Undefined index: ifCurrent C:\wamp\www\toyokou_tenso-japan\tenso\Runtime\Cache\Admin\80f832c5e82914dc4d692e196c746c66.php 第 62 行.
NOTIC: [8] Undefined index: ifCurrent C:\wamp\www\toyokou_tenso-japan\tenso\Runtime\Cache\Admin\80f832c5e82914dc4d692e196c746c66.php 第 62 行.
NOTIC: [8] Undefined index: ifCurrent C:\wamp\www\toyokou_tenso-japan\tenso\Runtime\Cache\Admin\80f832c5e82914dc4d692e196c746c66.php 第 62 行.
NOTIC: [8] Undefined index: ifCurrent C:\wamp\www\toyokou_tenso-japan\tenso\Runtime\Cache\Admin\80f832c5e82914dc4d692e196c746c66.php 第 78 行.
NOTIC: [8] Undefined index: ifCurrent C:\wamp\www\toyokou_tenso-japan\tenso\Runtime\Cache\Admin\80f832c5e82914dc4d692e196c746c66.php 第 78 行.
NOTIC: [8] Undefined index: ifCurrent C:\wamp\www\toyokou_tenso-japan\tenso\Runtime\Cache\Admin\80f832c5e82914dc4d692e196c746c66.php 第 78 行.
NOTIC: [8] Undefined index: ifCurrent C:\wamp\www\toyokou_tenso-japan\tenso\Runtime\Cache\Admin\80f832c5e82914dc4d692e196c746c66.php 第 78 行.
NOTIC: [8] Undefined index: ifCurrent C:\wamp\www\toyokou_tenso-japan\tenso\Runtime\Cache\Admin\80f832c5e82914dc4d692e196c746c66.php 第 78 行.
NOTIC: [8] Undefined index: ifCurrent C:\wamp\www\toyokou_tenso-japan\tenso\Runtime\Cache\Admin\80f832c5e82914dc4d692e196c746c66.php 第 78 行.
NOTIC: [8] Undefined index: ifCurrent C:\wamp\www\toyokou_tenso-japan\tenso\Runtime\Cache\Admin\80f832c5e82914dc4d692e196c746c66.php 第 78 行.
NOTIC: [8] Undefined variable: table C:\wamp\www\toyokou_tenso-japan\tenso\Runtime\Cache\Admin\80f832c5e82914dc4d692e196c746c66.php 第 196 行.
INFO: Run Behavior\ParseTemplateBehavior [ RunTime:0.035002s ]
INFO: [ view_parse ] --END-- [ RunTime:0.035002s ]
INFO: [ view_filter ] --START--
INFO: Run Behavior\WriteHtmlCacheBehavior [ RunTime:0.001000s ]
INFO: [ view_filter ] --END-- [ RunTime:0.001000s ]
INFO: [ app_end ] --START--
INFO: Run Behavior\ShowPageTraceBehavior [ RunTime:0.001000s ]
INFO: [ app_end ] --END-- [ RunTime:0.001000s ]

[ 2015-05-04T20:57:08+08:00 ] 127.0.0.1 /toyokou_tenso-japan/tenso/Admin/Index/request.html
INFO: [ app_init ] --START--
INFO: Run Behavior\BuildLiteBehavior [ RunTime:0.000000s ]
INFO: [ app_init ] --END-- [ RunTime:0.001000s ]
INFO: [ app_begin ] --START--
INFO: Run Behavior\ReadHtmlCacheBehavior [ RunTime:0.001000s ]
INFO: [ app_begin ] --END-- [ RunTime:0.001000s ]
SQL: SHOW COLUMNS FROM `tns_site` [ RunTime:0.0060s ]
SQL: SHOW COLUMNS FROM `tns_pkg` [ RunTime:0.0060s ]
SQL: SHOW COLUMNS FROM `tns_box` [ RunTime:0.0050s ]
SQL: SHOW COLUMNS FROM `tns_goods` [ RunTime:0.0060s ]
SQL: SELECT * FROM `tns_site` WHERE `prty_name` = 'site_name' LIMIT 1   [ RunTime:0.0010s ]
SQL: SELECT COUNT(*) AS tp_count FROM `tns_pkg` WHERE ( ifRecycle = 0 AND NOT pkg_status = "final" ) LIMIT 1   [ RunTime:0.0000s ]
SQL: SELECT COUNT(*) AS tp_count FROM `tns_pkg` WHERE ( ifRecycle = 0 AND pkg_status = "request" ) LIMIT 1   [ RunTime:0.0000s ]
SQL: SELECT COUNT(*) AS tp_count FROM `tns_pkg` WHERE ( ifRecycle = 0 AND pkg_status = "merge" ) LIMIT 1   [ RunTime:0.0000s ]
SQL: SELECT COUNT(*) AS tp_count FROM `tns_pkg` WHERE ( ifRecycle = 0 AND pkg_status = "payment" ) LIMIT 1   [ RunTime:0.0000s ]
SQL: SELECT COUNT(*) AS tp_count FROM `tns_pkg` WHERE ( ifRecycle = 0 AND pkg_status = "shipping" ) LIMIT 1   [ RunTime:0.0000s ]
SQL: SELECT COUNT(*) AS tp_count FROM `tns_pkg` WHERE ( ifRecycle = 0 AND pkg_status = "confirm" ) LIMIT 1   [ RunTime:0.0000s ]
SQL: SELECT COUNT(*) AS tp_count FROM `tns_pkg` WHERE ( ifRecycle = 0 AND pkg_status = "receipt" ) LIMIT 1   [ RunTime:0.0000s ]
SQL: SELECT COUNT(*) AS tp_count FROM `tns_pkg` WHERE ( ifRecycle = 1 ) LIMIT 1   [ RunTime:0.0010s ]
NOTIC: [8] Undefined variable: ifCurrent_subMenu C:\wamp\www\toyokou_tenso-japan\tenso\Admin\Controller\IndexController.class.php 第 64 行.
NOTIC: [8] Undefined index: username C:\wamp\www\toyokou_tenso-japan\tenso\Admin\Controller\IndexController.class.php 第 65 行.
SQL: UPDATE `tns_pkg` SET `pkg_id`='150415029',`pkg_status`='merge' WHERE ( pkg_id=150415029 ) [ RunTime:0.0000s ]
SQL: INSERT INTO `tns_goods` (`goods_title`,`goods_num`) VALUES ('test','1') [ RunTime:0.1010s ]
SQL: INSERT INTO `tns_goods` (`goods_title`,`goods_num`) VALUES ('test2','1') [ RunTime:0.0430s ]
NOTIC: [8] Undefined index: pkg_ship_ifNotice C:\wamp\www\toyokou_tenso-japan\tenso\Admin\Controller\IndexController.class.php 第 128 行.
NOTIC: [8] Undefined index: pkg_ship_notice C:\wamp\www\toyokou_tenso-japan\tenso\Admin\Controller\IndexController.class.php 第 128 行.
SQL: UPDATE `tns_pkg` SET `pkg_id`='150415029',`pkg_status`='merge',`pkg_ship_receiver`='',`pkg_ship_address`='',`pkg_ship_phone`='',`pkg_ship_way`='ems',`pkg_ship_fee`='0',`pkg_ship_ifNotice`=NULL,`pkg_ship_email`='',`pkg_ship_notice`=NULL WHERE ( pkg_id=150415029 ) [ RunTime:0.0010s ]
SQL: SELECT COUNT(*) AS tp_count FROM `tns_pkg` WHERE ( ifRecycle = 0 AND NOT pkg_status = "final" ) LIMIT 1   [ RunTime:0.0010s ]
SQL: SELECT COUNT(*) AS tp_count FROM `tns_pkg` WHERE ( ifRecycle = 0 AND pkg_status = "request" ) LIMIT 1   [ RunTime:0.0010s ]
SQL: SELECT COUNT(*) AS tp_count FROM `tns_pkg` WHERE ( ifRecycle = 0 AND pkg_status = "merge" ) LIMIT 1   [ RunTime:0.0010s ]
SQL: SELECT COUNT(*) AS tp_count FROM `tns_pkg` WHERE ( ifRecycle = 0 AND pkg_status = "payment" ) LIMIT 1   [ RunTime:0.0000s ]
SQL: SELECT COUNT(*) AS tp_count FROM `tns_pkg` WHERE ( ifRecycle = 0 AND pkg_status = "shipping" ) LIMIT 1   [ RunTime:0.0010s ]
SQL: SELECT COUNT(*) AS tp_count FROM `tns_pkg` WHERE ( ifRecycle = 0 AND pkg_status = "confirm" ) LIMIT 1   [ RunTime:0.0010s ]
SQL: SELECT COUNT(*) AS tp_count FROM `tns_pkg` WHERE ( ifRecycle = 0 AND pkg_status = "receipt" ) LIMIT 1   [ RunTime:0.0010s ]
SQL: SELECT COUNT(*) AS tp_count FROM `tns_pkg` WHERE ( ifRecycle = 1 ) LIMIT 1   [ RunTime:0.0010s ]
SQL: SELECT * FROM `tns_pkg` WHERE ( ifRecycle = 0 AND pkg_status = "request" ) ORDER BY pkg_create_time desc LIMIT 10   [ RunTime:0.0000s ]
INFO: [ view_parse ] --START--
INFO: [ template_filter ] --START--
INFO: Run Behavior\ContentReplaceBehavior [ RunTime:0.000000s ]
INFO: [ template_filter ] --END-- [ RunTime:0.001000s ]
NOTIC: [8] Undefined index: Index C:\wamp\www\toyokou_tenso-japan\tenso\Runtime\Cache\Admin\80f832c5e82914dc4d692e196c746c66.php 第 54 行.
NOTIC: [8] Undefined index: Tenso C:\wamp\www\toyokou_tenso-japan\tenso\Runtime\Cache\Admin\80f832c5e82914dc4d692e196c746c66.php 第 55 行.
NOTIC: [8] Undefined index: Tenso C:\wamp\www\toyokou_tenso-japan\tenso\Runtime\Cache\Admin\80f832c5e82914dc4d692e196c746c66.php 第 56 行.
NOTIC: [8] Undefined index: Other C:\wamp\www\toyokou_tenso-japan\tenso\Runtime\Cache\Admin\80f832c5e82914dc4d692e196c746c66.php 第 57 行.
NOTIC: [8] Undefined index: ifCurrent C:\wamp\www\toyokou_tenso-japan\tenso\Runtime\Cache\Admin\80f832c5e82914dc4d692e196c746c66.php 第 62 行.
NOTIC: [8] Undefined index: ifCurrent C:\wamp\www\toyokou_tenso-japan\tenso\Runtime\Cache\Admin\80f832c5e82914dc4d692e196c746c66.php 第 62 行.
NOTIC: [8] Undefined index: ifCurrent C:\wamp\www\toyokou_tenso-japan\tenso\Runtime\Cache\Admin\80f832c5e82914dc4d692e196c746c66.php 第 62 行.
NOTIC: [8] Undefined index: ifCurrent C:\wamp\www\toyokou_tenso-japan\tenso\Runtime\Cache\Admin\80f832c5e82914dc4d692e196c746c66.php 第 62 行.
NOTIC: [8] Undefined index: ifCurrent C:\wamp\www\toyokou_tenso-japan\tenso\Runtime\Cache\Admin\80f832c5e82914dc4d692e196c746c66.php 第 62 行.
NOTIC: [8] Undefined index: ifCurrent C:\wamp\www\toyokou_tenso-japan\tenso\Runtime\Cache\Admin\80f832c5e82914dc4d692e196c746c66.php 第 62 行.
NOTIC: [8] Undefined index: ifCurrent C:\wamp\www\toyokou_tenso-japan\tenso\Runtime\Cache\Admin\80f832c5e82914dc4d692e196c746c66.php 第 62 行.
NOTIC: [8] Undefined index: ifCurrent C:\wamp\www\toyokou_tenso-japan\tenso\Runtime\Cache\Admin\80f832c5e82914dc4d692e196c746c66.php 第 78 行.
NOTIC: [8] Undefined index: ifCurrent C:\wamp\www\toyokou_tenso-japan\tenso\Runtime\Cache\Admin\80f832c5e82914dc4d692e196c746c66.php 第 78 行.
NOTIC: [8] Undefined index: ifCurrent C:\wamp\www\toyokou_tenso-japan\tenso\Runtime\Cache\Admin\80f832c5e82914dc4d692e196c746c66.php 第 78 行.
NOTIC: [8] Undefined index: ifCurrent C:\wamp\www\toyokou_tenso-japan\tenso\Runtime\Cache\Admin\80f832c5e82914dc4d692e196c746c66.php 第 78 行.
NOTIC: [8] Undefined index: ifCurrent C:\wamp\www\toyokou_tenso-japan\tenso\Runtime\Cache\Admin\80f832c5e82914dc4d692e196c746c66.php 第 78 行.
NOTIC: [8] Undefined index: ifCurrent C:\wamp\www\toyokou_tenso-japan\tenso\Runtime\Cache\Admin\80f832c5e82914dc4d692e196c746c66.php 第 78 行.
NOTIC: [8] Undefined index: ifCurrent C:\wamp\www\toyokou_tenso-japan\tenso\Runtime\Cache\Admin\80f832c5e82914dc4d692e196c746c66.php 第 78 行.
NOTIC: [8] Undefined variable: table C:\wamp\www\toyokou_tenso-japan\tenso\Runtime\Cache\Admin\80f832c5e82914dc4d692e196c746c66.php 第 196 行.
INFO: Run Behavior\ParseTemplateBehavior [ RunTime:0.039003s ]
INFO: [ view_parse ] --END-- [ RunTime:0.039003s ]
INFO: [ view_filter ] --START--
INFO: Run Behavior\WriteHtmlCacheBehavior [ RunTime:0.001000s ]
INFO: [ view_filter ] --END-- [ RunTime:0.002000s ]
INFO: [ app_end ] --START--
INFO: Run Behavior\ShowPageTraceBehavior [ RunTime:0.001000s ]
INFO: [ app_end ] --END-- [ RunTime:0.001000s ]

[ 2015-05-04T20:57:10+08:00 ] 127.0.0.1 /toyokou_tenso-japan/tenso/Admin/Index/merge.html
INFO: [ app_init ] --START--
INFO: Run Behavior\BuildLiteBehavior [ RunTime:0.000000s ]
INFO: [ app_init ] --END-- [ RunTime:0.001000s ]
INFO: [ app_begin ] --START--
INFO: Run Behavior\ReadHtmlCacheBehavior [ RunTime:0.001000s ]
INFO: [ app_begin ] --END-- [ RunTime:0.001000s ]
SQL: SHOW COLUMNS FROM `tns_site` [ RunTime:0.0050s ]
SQL: SHOW COLUMNS FROM `tns_pkg` [ RunTime:0.0050s ]
SQL: SHOW COLUMNS FROM `tns_box` [ RunTime:0.0050s ]
SQL: SHOW COLUMNS FROM `tns_goods` [ RunTime:0.0050s ]
SQL: SELECT * FROM `tns_site` WHERE `prty_name` = 'site_name' LIMIT 1   [ RunTime:0.0000s ]
SQL: SELECT COUNT(*) AS tp_count FROM `tns_pkg` WHERE ( ifRecycle = 0 AND NOT pkg_status = "final" ) LIMIT 1   [ RunTime:0.0010s ]
SQL: SELECT COUNT(*) AS tp_count FROM `tns_pkg` WHERE ( ifRecycle = 0 AND pkg_status = "request" ) LIMIT 1   [ RunTime:0.0000s ]
SQL: SELECT COUNT(*) AS tp_count FROM `tns_pkg` WHERE ( ifRecycle = 0 AND pkg_status = "merge" ) LIMIT 1   [ RunTime:0.0000s ]
SQL: SELECT COUNT(*) AS tp_count FROM `tns_pkg` WHERE ( ifRecycle = 0 AND pkg_status = "payment" ) LIMIT 1   [ RunTime:0.0010s ]
SQL: SELECT COUNT(*) AS tp_count FROM `tns_pkg` WHERE ( ifRecycle = 0 AND pkg_status = "shipping" ) LIMIT 1   [ RunTime:0.0000s ]
SQL: SELECT COUNT(*) AS tp_count FROM `tns_pkg` WHERE ( ifRecycle = 0 AND pkg_status = "confirm" ) LIMIT 1   [ RunTime:0.0000s ]
SQL: SELECT COUNT(*) AS tp_count FROM `tns_pkg` WHERE ( ifRecycle = 0 AND pkg_status = "receipt" ) LIMIT 1   [ RunTime:0.0000s ]
SQL: SELECT COUNT(*) AS tp_count FROM `tns_pkg` WHERE ( ifRecycle = 1 ) LIMIT 1   [ RunTime:0.0010s ]
NOTIC: [8] Undefined variable: ifCurrent_subMenu C:\wamp\www\toyokou_tenso-japan\tenso\Admin\Controller\IndexController.class.php 第 64 行.
NOTIC: [8] Undefined index: username C:\wamp\www\toyokou_tenso-japan\tenso\Admin\Controller\IndexController.class.php 第 65 行.
SQL: SELECT * FROM `tns_box` ORDER BY box_id desc LIMIT 1   [ RunTime:0.0010s ]
SQL: SELECT * FROM `tns_pkg` WHERE ( ifRecycle = 0 AND pkg_status = "merge" ) ORDER BY pkg_create_time desc LIMIT 10   [ RunTime:0.0010s ]
SQL: SELECT * FROM `tns_box` WHERE ( ifRecycle = 0 AND box_status = "merge" ) ORDER BY box_create_time desc LIMIT 10   [ RunTime:0.0000s ]
INFO: [ view_parse ] --START--
INFO: [ template_filter ] --START--
INFO: Run Behavior\ContentReplaceBehavior [ RunTime:0.001000s ]
INFO: [ template_filter ] --END-- [ RunTime:0.001000s ]
NOTIC: [8] Undefined index: Index C:\wamp\www\toyokou_tenso-japan\tenso\Runtime\Cache\Admin\691e0d81d655646d0b0f1655f4ae6aa8.php 第 54 行.
NOTIC: [8] Undefined index: Tenso C:\wamp\www\toyokou_tenso-japan\tenso\Runtime\Cache\Admin\691e0d81d655646d0b0f1655f4ae6aa8.php 第 55 行.
NOTIC: [8] Undefined index: Tenso C:\wamp\www\toyokou_tenso-japan\tenso\Runtime\Cache\Admin\691e0d81d655646d0b0f1655f4ae6aa8.php 第 56 行.
NOTIC: [8] Undefined index: Other C:\wamp\www\toyokou_tenso-japan\tenso\Runtime\Cache\Admin\691e0d81d655646d0b0f1655f4ae6aa8.php 第 57 行.
NOTIC: [8] Undefined index: ifCurrent C:\wamp\www\toyokou_tenso-japan\tenso\Runtime\Cache\Admin\691e0d81d655646d0b0f1655f4ae6aa8.php 第 62 行.
NOTIC: [8] Undefined index: ifCurrent C:\wamp\www\toyokou_tenso-japan\tenso\Runtime\Cache\Admin\691e0d81d655646d0b0f1655f4ae6aa8.php 第 62 行.
NOTIC: [8] Undefined index: ifCurrent C:\wamp\www\toyokou_tenso-japan\tenso\Runtime\Cache\Admin\691e0d81d655646d0b0f1655f4ae6aa8.php 第 62 行.
NOTIC: [8] Undefined index: ifCurrent C:\wamp\www\toyokou_tenso-japan\tenso\Runtime\Cache\Admin\691e0d81d655646d0b0f1655f4ae6aa8.php 第 62 行.
NOTIC: [8] Undefined index: ifCurrent C:\wamp\www\toyokou_tenso-japan\tenso\Runtime\Cache\Admin\691e0d81d655646d0b0f1655f4ae6aa8.php 第 62 行.
NOTIC: [8] Undefined index: ifCurrent C:\wamp\www\toyokou_tenso-japan\tenso\Runtime\Cache\Admin\691e0d81d655646d0b0f1655f4ae6aa8.php 第 62 行.
NOTIC: [8] Undefined index: ifCurrent C:\wamp\www\toyokou_tenso-japan\tenso\Runtime\Cache\Admin\691e0d81d655646d0b0f1655f4ae6aa8.php 第 62 行.
NOTIC: [8] Undefined index: ifCurrent C:\wamp\www\toyokou_tenso-japan\tenso\Runtime\Cache\Admin\691e0d81d655646d0b0f1655f4ae6aa8.php 第 78 行.
NOTIC: [8] Undefined index: ifCurrent C:\wamp\www\toyokou_tenso-japan\tenso\Runtime\Cache\Admin\691e0d81d655646d0b0f1655f4ae6aa8.php 第 78 行.
NOTIC: [8] Undefined index: ifCurrent C:\wamp\www\toyokou_tenso-japan\tenso\Runtime\Cache\Admin\691e0d81d655646d0b0f1655f4ae6aa8.php 第 78 行.
NOTIC: [8] Undefined index: ifCurrent C:\wamp\www\toyokou_tenso-japan\tenso\Runtime\Cache\Admin\691e0d81d655646d0b0f1655f4ae6aa8.php 第 78 行.
NOTIC: [8] Undefined index: ifCurrent C:\wamp\www\toyokou_tenso-japan\tenso\Runtime\Cache\Admin\691e0d81d655646d0b0f1655f4ae6aa8.php 第 78 行.
NOTIC: [8] Undefined index: ifCurrent C:\wamp\www\toyokou_tenso-japan\tenso\Runtime\Cache\Admin\691e0d81d655646d0b0f1655f4ae6aa8.php 第 78 行.
NOTIC: [8] Undefined index: ifCurrent C:\wamp\www\toyokou_tenso-japan\tenso\Runtime\Cache\Admin\691e0d81d655646d0b0f1655f4ae6aa8.php 第 78 行.
NOTIC: [8] Undefined index: pkg_ids C:\wamp\www\toyokou_tenso-japan\tenso\Runtime\Cache\Admin\691e0d81d655646d0b0f1655f4ae6aa8.php 第 109 行.
NOTIC: [8] Undefined index: goods C:\wamp\www\toyokou_tenso-japan\tenso\Runtime\Cache\Admin\691e0d81d655646d0b0f1655f4ae6aa8.php 第 110 行.
NOTIC: [8] Undefined index: pkg_ids C:\wamp\www\toyokou_tenso-japan\tenso\Runtime\Cache\Admin\691e0d81d655646d0b0f1655f4ae6aa8.php 第 109 行.
NOTIC: [8] Undefined index: goods C:\wamp\www\toyokou_tenso-japan\tenso\Runtime\Cache\Admin\691e0d81d655646d0b0f1655f4ae6aa8.php 第 110 行.
NOTIC: [8] Undefined index: merge_ids C:\wamp\www\toyokou_tenso-japan\tenso\Runtime\Cache\Admin\691e0d81d655646d0b0f1655f4ae6aa8.php 第 139 行.
NOTIC: [8] Undefined index: merge_ids C:\wamp\www\toyokou_tenso-japan\tenso\Runtime\Cache\Admin\691e0d81d655646d0b0f1655f4ae6aa8.php 第 139 行.
NOTIC: [8] Undefined index: merge_ids C:\wamp\www\toyokou_tenso-japan\tenso\Runtime\Cache\Admin\691e0d81d655646d0b0f1655f4ae6aa8.php 第 139 行.
NOTIC: [8] Undefined variable: table C:\wamp\www\toyokou_tenso-japan\tenso\Runtime\Cache\Admin\691e0d81d655646d0b0f1655f4ae6aa8.php 第 243 行.
INFO: Run Behavior\ParseTemplateBehavior [ RunTime:0.047003s ]
INFO: [ view_parse ] --END-- [ RunTime:0.047003s ]
INFO: [ view_filter ] --START--
INFO: Run Behavior\WriteHtmlCacheBehavior [ RunTime:0.001000s ]
INFO: [ view_filter ] --END-- [ RunTime:0.001000s ]
INFO: [ app_end ] --START--
INFO: Run Behavior\ShowPageTraceBehavior [ RunTime:0.000000s ]
INFO: [ app_end ] --END-- [ RunTime:0.002000s ]

