[ 2015-05-06T12:11:07+08:00 ] 127.0.0.1 /toyokou_tenso-japan/tenso/Admin/Index/request.html
INFO: [ app_init ] --START--
INFO: Run Behavior\BuildLiteBehavior [ RunTime:0.000000s ]
INFO: [ app_init ] --END-- [ RunTime:0.001000s ]
INFO: [ app_begin ] --START--
INFO: Run Behavior\ReadHtmlCacheBehavior [ RunTime:0.002000s ]
INFO: [ app_begin ] --END-- [ RunTime:0.002000s ]
SQL: SHOW COLUMNS FROM `tns_site` [ RunTime:0.0040s ]
SQL: SHOW COLUMNS FROM `tns_pkg` [ RunTime:0.0050s ]
SQL: SHOW COLUMNS FROM `tns_box` [ RunTime:0.0040s ]
SQL: SHOW COLUMNS FROM `tns_goods` [ RunTime:0.0040s ]
SQL: SELECT * FROM `tns_site` WHERE `prty_name` = 'site_name' LIMIT 1   [ RunTime:0.0000s ]
SQL: SELECT COUNT(*) AS tp_count FROM `tns_pkg` WHERE ( ifRecycle = 0 AND NOT pkg_status = "final" ) LIMIT 1   [ RunTime:0.0000s ]
SQL: SELECT COUNT(*) AS tp_count FROM `tns_pkg` WHERE ( ifRecycle = 0 AND pkg_status = "request" ) LIMIT 1   [ RunTime:0.0000s ]
SQL: SELECT COUNT(*) AS tp_count FROM `tns_pkg` WHERE ( ifRecycle = 0 AND pkg_status = "merge" ) LIMIT 1   [ RunTime:0.0000s ]
SQL: SELECT COUNT(*) AS tp_count FROM `tns_pkg` WHERE ( ifRecycle = 0 AND pkg_status = "payment" ) LIMIT 1   [ RunTime:0.0010s ]
SQL: SELECT COUNT(*) AS tp_count FROM `tns_pkg` WHERE ( ifRecycle = 0 AND pkg_status = "shipping" ) LIMIT 1   [ RunTime:0.0000s ]
SQL: SELECT COUNT(*) AS tp_count FROM `tns_pkg` WHERE ( ifRecycle = 0 AND pkg_status = "confirm" ) LIMIT 1   [ RunTime:0.0000s ]
SQL: SELECT COUNT(*) AS tp_count FROM `tns_pkg` WHERE ( ifRecycle = 0 AND pkg_status = "receipt" ) LIMIT 1   [ RunTime:0.0000s ]
SQL: SELECT COUNT(*) AS tp_count FROM `tns_pkg` WHERE ( ifRecycle = 1 ) LIMIT 1   [ RunTime:0.0000s ]
NOTIC: [8] Undefined variable: ifCurrent_subMenu C:\wamp\www\toyokou_tenso-japan\tenso\Admin\Controller\IndexController.class.php 第 64 行.
NOTIC: [8] Undefined index: username C:\wamp\www\toyokou_tenso-japan\tenso\Admin\Controller\IndexController.class.php 第 65 行.
NOTIC: [8] Undefined index: pkg_status C:\wamp\www\toyokou_tenso-japan\tenso\Admin\Controller\IndexController.class.php 第 95 行.
SQL: SELECT COUNT(*) AS tp_count FROM `tns_pkg` WHERE ( ifRecycle = 0 AND NOT pkg_status = "final" ) LIMIT 1   [ RunTime:0.0000s ]
SQL: SELECT COUNT(*) AS tp_count FROM `tns_pkg` WHERE ( ifRecycle = 0 AND pkg_status = "request" ) LIMIT 1   [ RunTime:0.0000s ]
SQL: SELECT COUNT(*) AS tp_count FROM `tns_pkg` WHERE ( ifRecycle = 0 AND pkg_status = "merge" ) LIMIT 1   [ RunTime:0.0010s ]
SQL: SELECT COUNT(*) AS tp_count FROM `tns_pkg` WHERE ( ifRecycle = 0 AND pkg_status = "payment" ) LIMIT 1   [ RunTime:0.0000s ]
SQL: SELECT COUNT(*) AS tp_count FROM `tns_pkg` WHERE ( ifRecycle = 0 AND pkg_status = "shipping" ) LIMIT 1   [ RunTime:0.0000s ]
SQL: SELECT COUNT(*) AS tp_count FROM `tns_pkg` WHERE ( ifRecycle = 0 AND pkg_status = "confirm" ) LIMIT 1   [ RunTime:0.0000s ]
SQL: SELECT COUNT(*) AS tp_count FROM `tns_pkg` WHERE ( ifRecycle = 0 AND pkg_status = "receipt" ) LIMIT 1   [ RunTime:0.0010s ]
SQL: SELECT COUNT(*) AS tp_count FROM `tns_pkg` WHERE ( ifRecycle = 1 ) LIMIT 1   [ RunTime:0.0000s ]
SQL: SELECT * FROM `tns_pkg` WHERE ( ifRecycle = 0 AND pkg_status = "request" ) ORDER BY pkg_create_time desc LIMIT 10   [ RunTime:0.0000s ]
INFO: [ view_parse ] --START--
INFO: [ template_filter ] --START--
INFO: Run Behavior\ContentReplaceBehavior [ RunTime:0.001000s ]
INFO: [ template_filter ] --END-- [ RunTime:0.001000s ]
NOTIC: [8] Undefined index: member C:\wamp\www\toyokou_tenso-japan\tenso\Runtime\Cache\Admin\80f832c5e82914dc4d692e196c746c66.php 第 47 行.
NOTIC: [8] Undefined index: member C:\wamp\www\toyokou_tenso-japan\tenso\Runtime\Cache\Admin\80f832c5e82914dc4d692e196c746c66.php 第 47 行.
NOTIC: [8] Undefined index: Index C:\wamp\www\toyokou_tenso-japan\tenso\Runtime\Cache\Admin\80f832c5e82914dc4d692e196c746c66.php 第 54 行.
NOTIC: [8] Undefined index: Tenso C:\wamp\www\toyokou_tenso-japan\tenso\Runtime\Cache\Admin\80f832c5e82914dc4d692e196c746c66.php 第 55 行.
NOTIC: [8] Undefined index: Tenso C:\wamp\www\toyokou_tenso-japan\tenso\Runtime\Cache\Admin\80f832c5e82914dc4d692e196c746c66.php 第 56 行.
NOTIC: [8] Undefined index: Other C:\wamp\www\toyokou_tenso-japan\tenso\Runtime\Cache\Admin\80f832c5e82914dc4d692e196c746c66.php 第 57 行.
NOTIC: [8] Undefined index: ifCurrent C:\wamp\www\toyokou_tenso-japan\tenso\Runtime\Cache\Admin\80f832c5e82914dc4d692e196c746c66.php 第 62 行.
NOTIC: [8] Undefined index: ifCurrent C:\wamp\www\toyokou_tenso-japan\tenso\Runtime\Cache\Admin\80f832c5e82914dc4d692e196c746c66.php 第 62 行.
NOTIC: [8] Undefined index: ifCurrent C:\wamp\www\toyokou_tenso-japan\tenso\Runtime\Cache\Admin\80f832c5e82914dc4d692e196c746c66.php 第 62 行.
NOTIC: [8] Undefined index: ifCurrent C:\wamp\www\toyokou_tenso-japan\tenso\Runtime\Cache\Admin\80f832c5e82914dc4d692e196c746c66.php 第 62 行.
NOTIC: [8] Undefined index: ifCurrent C:\wamp\www\toyokou_tenso-japan\tenso\Runtime\Cache\Admin\80f832c5e82914dc4d692e196c746c66.php 第 62 行.
NOTIC: [8] Undefined index: ifCurrent C:\wamp\www\toyokou_tenso-japan\tenso\Runtime\Cache\Admin\80f832c5e82914dc4d692e196c746c66.php 第 62 行.
NOTIC: [8] Undefined index: ifCurrent C:\wamp\www\toyokou_tenso-japan\tenso\Runtime\Cache\Admin\80f832c5e82914dc4d692e196c746c66.php 第 62 行.
NOTIC: [8] Undefined index: ifCurrent C:\wamp\www\toyokou_tenso-japan\tenso\Runtime\Cache\Admin\80f832c5e82914dc4d692e196c746c66.php 第 78 行.
NOTIC: [8] Undefined index: ifCurrent C:\wamp\www\toyokou_tenso-japan\tenso\Runtime\Cache\Admin\80f832c5e82914dc4d692e196c746c66.php 第 78 行.
NOTIC: [8] Undefined index: ifCurrent C:\wamp\www\toyokou_tenso-japan\tenso\Runtime\Cache\Admin\80f832c5e82914dc4d692e196c746c66.php 第 78 行.
NOTIC: [8] Undefined index: ifCurrent C:\wamp\www\toyokou_tenso-japan\tenso\Runtime\Cache\Admin\80f832c5e82914dc4d692e196c746c66.php 第 78 行.
NOTIC: [8] Undefined index: ifCurrent C:\wamp\www\toyokou_tenso-japan\tenso\Runtime\Cache\Admin\80f832c5e82914dc4d692e196c746c66.php 第 78 行.
NOTIC: [8] Undefined index: ifCurrent C:\wamp\www\toyokou_tenso-japan\tenso\Runtime\Cache\Admin\80f832c5e82914dc4d692e196c746c66.php 第 78 行.
NOTIC: [8] Undefined index: ifCurrent C:\wamp\www\toyokou_tenso-japan\tenso\Runtime\Cache\Admin\80f832c5e82914dc4d692e196c746c66.php 第 78 行.
NOTIC: [8] Undefined variable: table C:\wamp\www\toyokou_tenso-japan\tenso\Runtime\Cache\Admin\80f832c5e82914dc4d692e196c746c66.php 第 196 行.
INFO: Run Behavior\ParseTemplateBehavior [ RunTime:0.071004s ]
INFO: [ view_parse ] --END-- [ RunTime:0.071004s ]
INFO: [ view_filter ] --START--
INFO: Run Behavior\WriteHtmlCacheBehavior [ RunTime:0.002000s ]
INFO: [ view_filter ] --END-- [ RunTime:0.002000s ]
INFO: [ app_end ] --START--
INFO: Run Behavior\ShowPageTraceBehavior [ RunTime:0.001000s ]
INFO: [ app_end ] --END-- [ RunTime:0.002000s ]

[ 2015-05-06T12:11:07+08:00 ] 127.0.0.1 /toyokou_tenso-japan/tenso/Admin/login
INFO: [ app_init ] --START--
INFO: Run Behavior\BuildLiteBehavior [ RunTime:0.000000s ]
INFO: [ app_init ] --END-- [ RunTime:0.001000s ]
INFO: [ app_begin ] --START--
INFO: Run Behavior\ReadHtmlCacheBehavior [ RunTime:0.001000s ]
INFO: [ app_begin ] --END-- [ RunTime:0.001000s ]
SQL: SHOW COLUMNS FROM `tns_site` [ RunTime:0.0040s ]
SQL: SELECT * FROM `tns_site` WHERE `prty_name` = 'site_name' LIMIT 1   [ RunTime:0.0000s ]
SQL: SELECT * FROM `tns_site` WHERE `prty_name` = 'admin_username' LIMIT 1   [ RunTime:0.0000s ]
SQL: SELECT * FROM `tns_site` WHERE `prty_name` = 'admin_password' LIMIT 1   [ RunTime:0.0000s ]
NOTIC: [8] Undefined index: member C:\wamp\www\toyokou_tenso-japan\tenso\Admin\Controller\LoginController.class.php 第 15 行.
NOTIC: [8] Undefined index: username C:\wamp\www\toyokou_tenso-japan\tenso\Admin\Controller\LoginController.class.php 第 17 行.
INFO: [ view_parse ] --START--
INFO: [ template_filter ] --START--
INFO: Run Behavior\ContentReplaceBehavior [ RunTime:0.000000s ]
INFO: [ template_filter ] --END-- [ RunTime:0.001000s ]
NOTIC: [8] Undefined index: member C:\wamp\www\toyokou_tenso-japan\tenso\Runtime\Cache\Admin\2a255df3233e9abcdcebadd48eb41ef0.php 第 76 行.
NOTIC: [8] Undefined index: member C:\wamp\www\toyokou_tenso-japan\tenso\Runtime\Cache\Admin\2a255df3233e9abcdcebadd48eb41ef0.php 第 76 行.
NOTIC: [8] Undefined variable: ifCurrent C:\wamp\www\toyokou_tenso-japan\tenso\Runtime\Cache\Admin\2a255df3233e9abcdcebadd48eb41ef0.php 第 83 行.
NOTIC: [8] Undefined variable: ifCurrent C:\wamp\www\toyokou_tenso-japan\tenso\Runtime\Cache\Admin\2a255df3233e9abcdcebadd48eb41ef0.php 第 84 行.
NOTIC: [8] Undefined variable: ifCurrent C:\wamp\www\toyokou_tenso-japan\tenso\Runtime\Cache\Admin\2a255df3233e9abcdcebadd48eb41ef0.php 第 85 行.
NOTIC: [8] Undefined variable: ifCurrent C:\wamp\www\toyokou_tenso-japan\tenso\Runtime\Cache\Admin\2a255df3233e9abcdcebadd48eb41ef0.php 第 86 行.
NOTIC: [8] Undefined variable: subMenu C:\wamp\www\toyokou_tenso-japan\tenso\Runtime\Cache\Admin\2a255df3233e9abcdcebadd48eb41ef0.php 第 91 行.
INFO: Run Behavior\ParseTemplateBehavior [ RunTime:0.036002s ]
INFO: [ view_parse ] --END-- [ RunTime:0.036002s ]
INFO: [ view_filter ] --START--
INFO: Run Behavior\WriteHtmlCacheBehavior [ RunTime:0.000000s ]
INFO: [ view_filter ] --END-- [ RunTime:0.001000s ]
INFO: [ app_end ] --START--
INFO: Run Behavior\ShowPageTraceBehavior [ RunTime:0.001000s ]
INFO: [ app_end ] --END-- [ RunTime:0.001000s ]

[ 2015-05-06T12:11:12+08:00 ] 127.0.0.1 /toyokou_tenso-japan/tenso/Admin/login
INFO: [ app_init ] --START--
INFO: Run Behavior\BuildLiteBehavior [ RunTime:0.000000s ]
INFO: [ app_init ] --END-- [ RunTime:0.001000s ]
INFO: [ app_begin ] --START--
INFO: Run Behavior\ReadHtmlCacheBehavior [ RunTime:0.001001s ]
INFO: [ app_begin ] --END-- [ RunTime:0.002001s ]
SQL: SHOW COLUMNS FROM `tns_site` [ RunTime:0.0060s ]
SQL: SELECT * FROM `tns_site` WHERE `prty_name` = 'site_name' LIMIT 1   [ RunTime:0.0010s ]
SQL: SELECT * FROM `tns_site` WHERE `prty_name` = 'admin_username' LIMIT 1   [ RunTime:0.0000s ]
SQL: SELECT * FROM `tns_site` WHERE `prty_name` = 'admin_password' LIMIT 1   [ RunTime:0.0000s ]
NOTIC: [8] Undefined index: member C:\wamp\www\toyokou_tenso-japan\tenso\Admin\Controller\LoginController.class.php 第 15 行.
SQL: SELECT * FROM `tns_site` WHERE `prty_name` = 'admin_nickname' LIMIT 1   [ RunTime:0.0000s ]
INFO: [ view_parse ] --START--
INFO: [ template_filter ] --START--
INFO: Run Behavior\ContentReplaceBehavior [ RunTime:0.001000s ]
INFO: [ template_filter ] --END-- [ RunTime:0.001000s ]
INFO: Run Behavior\ParseTemplateBehavior [ RunTime:0.033002s ]
INFO: [ view_parse ] --END-- [ RunTime:0.034002s ]
INFO: [ view_filter ] --START--
INFO: Run Behavior\WriteHtmlCacheBehavior [ RunTime:0.001000s ]
INFO: [ view_filter ] --END-- [ RunTime:0.002000s ]
INFO: [ app_end ] --START--
INFO: Run Behavior\ShowPageTraceBehavior [ RunTime:0.001000s ]
INFO: [ app_end ] --END-- [ RunTime:0.002000s ]

[ 2015-05-06T12:11:12+08:00 ] 127.0.0.1 /toyokou_tenso-japan/tenso/Admin/Index/
INFO: [ app_init ] --START--
INFO: Run Behavior\BuildLiteBehavior [ RunTime:0.000000s ]
INFO: [ app_init ] --END-- [ RunTime:0.000000s ]
INFO: [ app_begin ] --START--
INFO: Run Behavior\ReadHtmlCacheBehavior [ RunTime:0.001000s ]
INFO: [ app_begin ] --END-- [ RunTime:0.001000s ]
SQL: SHOW COLUMNS FROM `tns_site` [ RunTime:0.0050s ]
SQL: SHOW COLUMNS FROM `tns_pkg` [ RunTime:0.0050s ]
SQL: SHOW COLUMNS FROM `tns_box` [ RunTime:0.0030s ]
SQL: SHOW COLUMNS FROM `tns_goods` [ RunTime:0.0040s ]
SQL: SELECT * FROM `tns_site` WHERE `prty_name` = 'site_name' LIMIT 1   [ RunTime:0.0010s ]
SQL: SELECT COUNT(*) AS tp_count FROM `tns_pkg` WHERE ( ifRecycle = 0 AND NOT pkg_status = "final" ) LIMIT 1   [ RunTime:0.0010s ]
SQL: SELECT COUNT(*) AS tp_count FROM `tns_pkg` WHERE ( ifRecycle = 0 AND pkg_status = "request" ) LIMIT 1   [ RunTime:0.0000s ]
SQL: SELECT COUNT(*) AS tp_count FROM `tns_pkg` WHERE ( ifRecycle = 0 AND pkg_status = "merge" ) LIMIT 1   [ RunTime:0.0010s ]
SQL: SELECT COUNT(*) AS tp_count FROM `tns_pkg` WHERE ( ifRecycle = 0 AND pkg_status = "payment" ) LIMIT 1   [ RunTime:0.0010s ]
SQL: SELECT COUNT(*) AS tp_count FROM `tns_pkg` WHERE ( ifRecycle = 0 AND pkg_status = "shipping" ) LIMIT 1   [ RunTime:0.0010s ]
SQL: SELECT COUNT(*) AS tp_count FROM `tns_pkg` WHERE ( ifRecycle = 0 AND pkg_status = "confirm" ) LIMIT 1   [ RunTime:0.0010s ]
SQL: SELECT COUNT(*) AS tp_count FROM `tns_pkg` WHERE ( ifRecycle = 0 AND pkg_status = "receipt" ) LIMIT 1   [ RunTime:0.0000s ]
SQL: SELECT COUNT(*) AS tp_count FROM `tns_pkg` WHERE ( ifRecycle = 1 ) LIMIT 1   [ RunTime:0.0000s ]
NOTIC: [8] Undefined variable: ifCurrent_subMenu C:\wamp\www\toyokou_tenso-japan\tenso\Admin\Controller\IndexController.class.php 第 64 行.
NOTIC: [8] Undefined index: username C:\wamp\www\toyokou_tenso-japan\tenso\Admin\Controller\IndexController.class.php 第 65 行.
INFO: [ app_end ] --START--
INFO: Run Behavior\ShowPageTraceBehavior [ RunTime:0.001000s ]
INFO: [ app_end ] --END-- [ RunTime:0.001000s ]

[ 2015-05-06T12:11:13+08:00 ] 127.0.0.1 /toyokou_tenso-japan/tenso/Admin/Index/stock
INFO: [ app_init ] --START--
INFO: Run Behavior\BuildLiteBehavior [ RunTime:0.000000s ]
INFO: [ app_init ] --END-- [ RunTime:0.001000s ]
INFO: [ app_begin ] --START--
INFO: Run Behavior\ReadHtmlCacheBehavior [ RunTime:0.002000s ]
INFO: [ app_begin ] --END-- [ RunTime:0.002000s ]
SQL: SHOW COLUMNS FROM `tns_site` [ RunTime:0.0050s ]
SQL: SHOW COLUMNS FROM `tns_pkg` [ RunTime:0.0050s ]
SQL: SHOW COLUMNS FROM `tns_box` [ RunTime:0.0040s ]
SQL: SHOW COLUMNS FROM `tns_goods` [ RunTime:0.0040s ]
SQL: SELECT * FROM `tns_site` WHERE `prty_name` = 'site_name' LIMIT 1   [ RunTime:0.0010s ]
SQL: SELECT COUNT(*) AS tp_count FROM `tns_pkg` WHERE ( ifRecycle = 0 AND NOT pkg_status = "final" ) LIMIT 1   [ RunTime:0.0000s ]
SQL: SELECT COUNT(*) AS tp_count FROM `tns_pkg` WHERE ( ifRecycle = 0 AND pkg_status = "request" ) LIMIT 1   [ RunTime:0.0010s ]
SQL: SELECT COUNT(*) AS tp_count FROM `tns_pkg` WHERE ( ifRecycle = 0 AND pkg_status = "merge" ) LIMIT 1   [ RunTime:0.0010s ]
SQL: SELECT COUNT(*) AS tp_count FROM `tns_pkg` WHERE ( ifRecycle = 0 AND pkg_status = "payment" ) LIMIT 1   [ RunTime:0.0010s ]
SQL: SELECT COUNT(*) AS tp_count FROM `tns_pkg` WHERE ( ifRecycle = 0 AND pkg_status = "shipping" ) LIMIT 1   [ RunTime:0.0000s ]
SQL: SELECT COUNT(*) AS tp_count FROM `tns_pkg` WHERE ( ifRecycle = 0 AND pkg_status = "confirm" ) LIMIT 1   [ RunTime:0.0000s ]
SQL: SELECT COUNT(*) AS tp_count FROM `tns_pkg` WHERE ( ifRecycle = 0 AND pkg_status = "receipt" ) LIMIT 1   [ RunTime:0.0000s ]
SQL: SELECT COUNT(*) AS tp_count FROM `tns_pkg` WHERE ( ifRecycle = 1 ) LIMIT 1   [ RunTime:0.0000s ]
NOTIC: [8] Undefined variable: ifCurrent_subMenu C:\wamp\www\toyokou_tenso-japan\tenso\Admin\Controller\IndexController.class.php 第 64 行.
NOTIC: [8] Undefined index: username C:\wamp\www\toyokou_tenso-japan\tenso\Admin\Controller\IndexController.class.php 第 65 行.
NOTIC: [8] Undefined index: pkg_status C:\wamp\www\toyokou_tenso-japan\tenso\Admin\Controller\IndexController.class.php 第 73 行.
SQL: SELECT * FROM `tns_pkg` ORDER BY pkg_id desc LIMIT 1   [ RunTime:0.0010s ]
SQL: SELECT * FROM `tns_pkg` WHERE ( ifRecycle = 0 ) ORDER BY pkg_create_time desc LIMIT 10   [ RunTime:0.0010s ]
SQL: SELECT * FROM `tns_box` WHERE ( ifRecycle = 0 ) ORDER BY box_create_time desc LIMIT 10   [ RunTime:0.0010s ]
SQL: SELECT * FROM `tns_goods` ORDER BY goods_create_time desc LIMIT 10   [ RunTime:0.0000s ]
INFO: [ view_parse ] --START--
INFO: [ template_filter ] --START--
INFO: Run Behavior\ContentReplaceBehavior [ RunTime:0.000000s ]
INFO: [ template_filter ] --END-- [ RunTime:0.000000s ]
NOTIC: [8] Undefined index: Index C:\wamp\www\toyokou_tenso-japan\tenso\Runtime\Cache\Admin\be049fbf61531cf52c390be96397e5b5.php 第 49 行.
NOTIC: [8] Undefined index: Tenso C:\wamp\www\toyokou_tenso-japan\tenso\Runtime\Cache\Admin\be049fbf61531cf52c390be96397e5b5.php 第 50 行.
NOTIC: [8] Undefined index: Tenso C:\wamp\www\toyokou_tenso-japan\tenso\Runtime\Cache\Admin\be049fbf61531cf52c390be96397e5b5.php 第 51 行.
NOTIC: [8] Undefined index: Other C:\wamp\www\toyokou_tenso-japan\tenso\Runtime\Cache\Admin\be049fbf61531cf52c390be96397e5b5.php 第 52 行.
NOTIC: [8] Undefined index: ifCurrent C:\wamp\www\toyokou_tenso-japan\tenso\Runtime\Cache\Admin\be049fbf61531cf52c390be96397e5b5.php 第 57 行.
NOTIC: [8] Undefined index: ifCurrent C:\wamp\www\toyokou_tenso-japan\tenso\Runtime\Cache\Admin\be049fbf61531cf52c390be96397e5b5.php 第 57 行.
NOTIC: [8] Undefined index: ifCurrent C:\wamp\www\toyokou_tenso-japan\tenso\Runtime\Cache\Admin\be049fbf61531cf52c390be96397e5b5.php 第 57 行.
NOTIC: [8] Undefined index: ifCurrent C:\wamp\www\toyokou_tenso-japan\tenso\Runtime\Cache\Admin\be049fbf61531cf52c390be96397e5b5.php 第 57 行.
NOTIC: [8] Undefined index: ifCurrent C:\wamp\www\toyokou_tenso-japan\tenso\Runtime\Cache\Admin\be049fbf61531cf52c390be96397e5b5.php 第 57 行.
NOTIC: [8] Undefined index: ifCurrent C:\wamp\www\toyokou_tenso-japan\tenso\Runtime\Cache\Admin\be049fbf61531cf52c390be96397e5b5.php 第 57 行.
NOTIC: [8] Undefined index: ifCurrent C:\wamp\www\toyokou_tenso-japan\tenso\Runtime\Cache\Admin\be049fbf61531cf52c390be96397e5b5.php 第 57 行.
NOTIC: [8] Undefined index: ifCurrent C:\wamp\www\toyokou_tenso-japan\tenso\Runtime\Cache\Admin\be049fbf61531cf52c390be96397e5b5.php 第 73 行.
NOTIC: [8] Undefined index: ifCurrent C:\wamp\www\toyokou_tenso-japan\tenso\Runtime\Cache\Admin\be049fbf61531cf52c390be96397e5b5.php 第 73 行.
NOTIC: [8] Undefined index: ifCurrent C:\wamp\www\toyokou_tenso-japan\tenso\Runtime\Cache\Admin\be049fbf61531cf52c390be96397e5b5.php 第 73 行.
NOTIC: [8] Undefined index: ifCurrent C:\wamp\www\toyokou_tenso-japan\tenso\Runtime\Cache\Admin\be049fbf61531cf52c390be96397e5b5.php 第 73 行.
NOTIC: [8] Undefined index: ifCurrent C:\wamp\www\toyokou_tenso-japan\tenso\Runtime\Cache\Admin\be049fbf61531cf52c390be96397e5b5.php 第 73 行.
NOTIC: [8] Undefined index: ifCurrent C:\wamp\www\toyokou_tenso-japan\tenso\Runtime\Cache\Admin\be049fbf61531cf52c390be96397e5b5.php 第 73 行.
NOTIC: [8] Undefined index: ifCurrent C:\wamp\www\toyokou_tenso-japan\tenso\Runtime\Cache\Admin\be049fbf61531cf52c390be96397e5b5.php 第 73 行.
NOTIC: [8] Undefined index: pkg_ids C:\wamp\www\toyokou_tenso-japan\tenso\Runtime\Cache\Admin\be049fbf61531cf52c390be96397e5b5.php 第 171 行.
NOTIC: [8] Undefined index: pkg_ids C:\wamp\www\toyokou_tenso-japan\tenso\Runtime\Cache\Admin\be049fbf61531cf52c390be96397e5b5.php 第 171 行.
NOTIC: [8] Undefined index: goods_status C:\wamp\www\toyokou_tenso-japan\tenso\Runtime\Cache\Admin\be049fbf61531cf52c390be96397e5b5.php 第 201 行.
NOTIC: [8] Undefined index: goods_status C:\wamp\www\toyokou_tenso-japan\tenso\Runtime\Cache\Admin\be049fbf61531cf52c390be96397e5b5.php 第 201 行.
NOTIC: [8] Undefined index: goods_status C:\wamp\www\toyokou_tenso-japan\tenso\Runtime\Cache\Admin\be049fbf61531cf52c390be96397e5b5.php 第 201 行.
NOTIC: [8] Undefined index: goods_status C:\wamp\www\toyokou_tenso-japan\tenso\Runtime\Cache\Admin\be049fbf61531cf52c390be96397e5b5.php 第 201 行.
NOTIC: [8] Undefined index: goods_status C:\wamp\www\toyokou_tenso-japan\tenso\Runtime\Cache\Admin\be049fbf61531cf52c390be96397e5b5.php 第 201 行.
NOTIC: [8] Undefined index: goods_status C:\wamp\www\toyokou_tenso-japan\tenso\Runtime\Cache\Admin\be049fbf61531cf52c390be96397e5b5.php 第 201 行.
INFO: Run Behavior\ParseTemplateBehavior [ RunTime:0.112006s ]
INFO: [ view_parse ] --END-- [ RunTime:0.112006s ]
INFO: [ view_filter ] --START--
INFO: Run Behavior\WriteHtmlCacheBehavior [ RunTime:0.001000s ]
INFO: [ view_filter ] --END-- [ RunTime:0.002000s ]
INFO: [ app_end ] --START--
INFO: Run Behavior\ShowPageTraceBehavior [ RunTime:0.001000s ]
INFO: [ app_end ] --END-- [ RunTime:0.001000s ]

[ 2015-05-06T12:11:15+08:00 ] 127.0.0.1 /toyokou_tenso-japan/tenso/Admin/Index/merge.html
INFO: [ app_init ] --START--
INFO: Run Behavior\BuildLiteBehavior [ RunTime:0.000000s ]
INFO: [ app_init ] --END-- [ RunTime:0.001000s ]
INFO: [ app_begin ] --START--
INFO: Run Behavior\ReadHtmlCacheBehavior [ RunTime:0.001000s ]
INFO: [ app_begin ] --END-- [ RunTime:0.001000s ]
SQL: SHOW COLUMNS FROM `tns_site` [ RunTime:0.0040s ]
SQL: SHOW COLUMNS FROM `tns_pkg` [ RunTime:0.0050s ]
SQL: SHOW COLUMNS FROM `tns_box` [ RunTime:0.0050s ]
SQL: SHOW COLUMNS FROM `tns_goods` [ RunTime:0.0040s ]
SQL: SELECT * FROM `tns_site` WHERE `prty_name` = 'site_name' LIMIT 1   [ RunTime:0.0000s ]
SQL: SELECT COUNT(*) AS tp_count FROM `tns_pkg` WHERE ( ifRecycle = 0 AND NOT pkg_status = "final" ) LIMIT 1   [ RunTime:0.0000s ]
SQL: SELECT COUNT(*) AS tp_count FROM `tns_pkg` WHERE ( ifRecycle = 0 AND pkg_status = "request" ) LIMIT 1   [ RunTime:0.0000s ]
SQL: SELECT COUNT(*) AS tp_count FROM `tns_pkg` WHERE ( ifRecycle = 0 AND pkg_status = "merge" ) LIMIT 1   [ RunTime:0.0000s ]
SQL: SELECT COUNT(*) AS tp_count FROM `tns_pkg` WHERE ( ifRecycle = 0 AND pkg_status = "payment" ) LIMIT 1   [ RunTime:0.0000s ]
SQL: SELECT COUNT(*) AS tp_count FROM `tns_pkg` WHERE ( ifRecycle = 0 AND pkg_status = "shipping" ) LIMIT 1   [ RunTime:0.0000s ]
SQL: SELECT COUNT(*) AS tp_count FROM `tns_pkg` WHERE ( ifRecycle = 0 AND pkg_status = "confirm" ) LIMIT 1   [ RunTime:0.0000s ]
SQL: SELECT COUNT(*) AS tp_count FROM `tns_pkg` WHERE ( ifRecycle = 0 AND pkg_status = "receipt" ) LIMIT 1   [ RunTime:0.0000s ]
SQL: SELECT COUNT(*) AS tp_count FROM `tns_pkg` WHERE ( ifRecycle = 1 ) LIMIT 1   [ RunTime:0.0010s ]
NOTIC: [8] Undefined variable: ifCurrent_subMenu C:\wamp\www\toyokou_tenso-japan\tenso\Admin\Controller\IndexController.class.php 第 64 行.
NOTIC: [8] Undefined index: username C:\wamp\www\toyokou_tenso-japan\tenso\Admin\Controller\IndexController.class.php 第 65 行.
SQL: SELECT * FROM `tns_box` ORDER BY box_id desc LIMIT 1   [ RunTime:0.0000s ]
SQL: SELECT * FROM `tns_pkg` WHERE ( ifRecycle = 0 AND pkg_status = "merge" ) ORDER BY pkg_create_time desc LIMIT 10   [ RunTime:0.0000s ]
SQL: SELECT * FROM `tns_box` WHERE ( ifRecycle = 0 AND box_status = "merge" ) ORDER BY box_create_time desc LIMIT 10   [ RunTime:0.0000s ]
INFO: [ view_parse ] --START--
INFO: [ template_filter ] --START--
INFO: Run Behavior\ContentReplaceBehavior [ RunTime:0.000000s ]
INFO: [ template_filter ] --END-- [ RunTime:0.000000s ]
NOTIC: [8] Undefined index: Index C:\wamp\www\toyokou_tenso-japan\tenso\Runtime\Cache\Admin\691e0d81d655646d0b0f1655f4ae6aa8.php 第 54 行.
NOTIC: [8] Undefined index: Tenso C:\wamp\www\toyokou_tenso-japan\tenso\Runtime\Cache\Admin\691e0d81d655646d0b0f1655f4ae6aa8.php 第 55 行.
NOTIC: [8] Undefined index: Tenso C:\wamp\www\toyokou_tenso-japan\tenso\Runtime\Cache\Admin\691e0d81d655646d0b0f1655f4ae6aa8.php 第 56 行.
NOTIC: [8] Undefined index: Other C:\wamp\www\toyokou_tenso-japan\tenso\Runtime\Cache\Admin\691e0d81d655646d0b0f1655f4ae6aa8.php 第 57 行.
NOTIC: [8] Undefined index: ifCurrent C:\wamp\www\toyokou_tenso-japan\tenso\Runtime\Cache\Admin\691e0d81d655646d0b0f1655f4ae6aa8.php 第 62 行.
NOTIC: [8] Undefined index: ifCurrent C:\wamp\www\toyokou_tenso-japan\tenso\Runtime\Cache\Admin\691e0d81d655646d0b0f1655f4ae6aa8.php 第 62 行.
NOTIC: [8] Undefined index: ifCurrent C:\wamp\www\toyokou_tenso-japan\tenso\Runtime\Cache\Admin\691e0d81d655646d0b0f1655f4ae6aa8.php 第 62 行.
NOTIC: [8] Undefined index: ifCurrent C:\wamp\www\toyokou_tenso-japan\tenso\Runtime\Cache\Admin\691e0d81d655646d0b0f1655f4ae6aa8.php 第 62 行.
NOTIC: [8] Undefined index: ifCurrent C:\wamp\www\toyokou_tenso-japan\tenso\Runtime\Cache\Admin\691e0d81d655646d0b0f1655f4ae6aa8.php 第 62 行.
NOTIC: [8] Undefined index: ifCurrent C:\wamp\www\toyokou_tenso-japan\tenso\Runtime\Cache\Admin\691e0d81d655646d0b0f1655f4ae6aa8.php 第 62 行.
NOTIC: [8] Undefined index: ifCurrent C:\wamp\www\toyokou_tenso-japan\tenso\Runtime\Cache\Admin\691e0d81d655646d0b0f1655f4ae6aa8.php 第 62 行.
NOTIC: [8] Undefined index: ifCurrent C:\wamp\www\toyokou_tenso-japan\tenso\Runtime\Cache\Admin\691e0d81d655646d0b0f1655f4ae6aa8.php 第 78 行.
NOTIC: [8] Undefined index: ifCurrent C:\wamp\www\toyokou_tenso-japan\tenso\Runtime\Cache\Admin\691e0d81d655646d0b0f1655f4ae6aa8.php 第 78 行.
NOTIC: [8] Undefined index: ifCurrent C:\wamp\www\toyokou_tenso-japan\tenso\Runtime\Cache\Admin\691e0d81d655646d0b0f1655f4ae6aa8.php 第 78 行.
NOTIC: [8] Undefined index: ifCurrent C:\wamp\www\toyokou_tenso-japan\tenso\Runtime\Cache\Admin\691e0d81d655646d0b0f1655f4ae6aa8.php 第 78 行.
NOTIC: [8] Undefined index: ifCurrent C:\wamp\www\toyokou_tenso-japan\tenso\Runtime\Cache\Admin\691e0d81d655646d0b0f1655f4ae6aa8.php 第 78 行.
NOTIC: [8] Undefined index: ifCurrent C:\wamp\www\toyokou_tenso-japan\tenso\Runtime\Cache\Admin\691e0d81d655646d0b0f1655f4ae6aa8.php 第 78 行.
NOTIC: [8] Undefined index: ifCurrent C:\wamp\www\toyokou_tenso-japan\tenso\Runtime\Cache\Admin\691e0d81d655646d0b0f1655f4ae6aa8.php 第 78 行.
NOTIC: [8] Undefined index: pkg_ids C:\wamp\www\toyokou_tenso-japan\tenso\Runtime\Cache\Admin\691e0d81d655646d0b0f1655f4ae6aa8.php 第 109 行.
NOTIC: [8] Undefined index: goods C:\wamp\www\toyokou_tenso-japan\tenso\Runtime\Cache\Admin\691e0d81d655646d0b0f1655f4ae6aa8.php 第 110 行.
NOTIC: [8] Undefined index: pkg_ids C:\wamp\www\toyokou_tenso-japan\tenso\Runtime\Cache\Admin\691e0d81d655646d0b0f1655f4ae6aa8.php 第 109 行.
NOTIC: [8] Undefined index: goods C:\wamp\www\toyokou_tenso-japan\tenso\Runtime\Cache\Admin\691e0d81d655646d0b0f1655f4ae6aa8.php 第 110 行.
NOTIC: [8] Undefined index: merge_ids C:\wamp\www\toyokou_tenso-japan\tenso\Runtime\Cache\Admin\691e0d81d655646d0b0f1655f4ae6aa8.php 第 139 行.
NOTIC: [8] Undefined index: merge_ids C:\wamp\www\toyokou_tenso-japan\tenso\Runtime\Cache\Admin\691e0d81d655646d0b0f1655f4ae6aa8.php 第 139 行.
NOTIC: [8] Undefined index: merge_ids C:\wamp\www\toyokou_tenso-japan\tenso\Runtime\Cache\Admin\691e0d81d655646d0b0f1655f4ae6aa8.php 第 139 行.
NOTIC: [8] Undefined index: merge_ids C:\wamp\www\toyokou_tenso-japan\tenso\Runtime\Cache\Admin\691e0d81d655646d0b0f1655f4ae6aa8.php 第 139 行.
NOTIC: [8] Undefined index: merge_ids C:\wamp\www\toyokou_tenso-japan\tenso\Runtime\Cache\Admin\691e0d81d655646d0b0f1655f4ae6aa8.php 第 139 行.
NOTIC: [8] Undefined index: merge_ids C:\wamp\www\toyokou_tenso-japan\tenso\Runtime\Cache\Admin\691e0d81d655646d0b0f1655f4ae6aa8.php 第 139 行.
NOTIC: [8] Undefined variable: table C:\wamp\www\toyokou_tenso-japan\tenso\Runtime\Cache\Admin\691e0d81d655646d0b0f1655f4ae6aa8.php 第 243 行.
INFO: Run Behavior\ParseTemplateBehavior [ RunTime:0.068004s ]
INFO: [ view_parse ] --END-- [ RunTime:0.068004s ]
INFO: [ view_filter ] --START--
INFO: Run Behavior\WriteHtmlCacheBehavior [ RunTime:0.001000s ]
INFO: [ view_filter ] --END-- [ RunTime:0.001000s ]
INFO: [ app_end ] --START--
INFO: Run Behavior\ShowPageTraceBehavior [ RunTime:0.001000s ]
INFO: [ app_end ] --END-- [ RunTime:0.001000s ]

[ 2015-05-06T12:11:17+08:00 ] 127.0.0.1 /toyokou_tenso-japan/tenso/Admin/Index/request.html
INFO: [ app_init ] --START--
INFO: Run Behavior\BuildLiteBehavior [ RunTime:0.000000s ]
INFO: [ app_init ] --END-- [ RunTime:0.000000s ]
INFO: [ app_begin ] --START--
INFO: Run Behavior\ReadHtmlCacheBehavior [ RunTime:0.001000s ]
INFO: [ app_begin ] --END-- [ RunTime:0.001000s ]
SQL: SHOW COLUMNS FROM `tns_site` [ RunTime:0.0050s ]
SQL: SHOW COLUMNS FROM `tns_pkg` [ RunTime:0.0050s ]
SQL: SHOW COLUMNS FROM `tns_box` [ RunTime:0.0040s ]
SQL: SHOW COLUMNS FROM `tns_goods` [ RunTime:0.0050s ]
SQL: SELECT * FROM `tns_site` WHERE `prty_name` = 'site_name' LIMIT 1   [ RunTime:0.0000s ]
SQL: SELECT COUNT(*) AS tp_count FROM `tns_pkg` WHERE ( ifRecycle = 0 AND NOT pkg_status = "final" ) LIMIT 1   [ RunTime:0.0000s ]
SQL: SELECT COUNT(*) AS tp_count FROM `tns_pkg` WHERE ( ifRecycle = 0 AND pkg_status = "request" ) LIMIT 1   [ RunTime:0.0000s ]
SQL: SELECT COUNT(*) AS tp_count FROM `tns_pkg` WHERE ( ifRecycle = 0 AND pkg_status = "merge" ) LIMIT 1   [ RunTime:0.0000s ]
SQL: SELECT COUNT(*) AS tp_count FROM `tns_pkg` WHERE ( ifRecycle = 0 AND pkg_status = "payment" ) LIMIT 1   [ RunTime:0.0000s ]
SQL: SELECT COUNT(*) AS tp_count FROM `tns_pkg` WHERE ( ifRecycle = 0 AND pkg_status = "shipping" ) LIMIT 1   [ RunTime:0.0010s ]
SQL: SELECT COUNT(*) AS tp_count FROM `tns_pkg` WHERE ( ifRecycle = 0 AND pkg_status = "confirm" ) LIMIT 1   [ RunTime:0.0000s ]
SQL: SELECT COUNT(*) AS tp_count FROM `tns_pkg` WHERE ( ifRecycle = 0 AND pkg_status = "receipt" ) LIMIT 1   [ RunTime:0.0000s ]
SQL: SELECT COUNT(*) AS tp_count FROM `tns_pkg` WHERE ( ifRecycle = 1 ) LIMIT 1   [ RunTime:0.0000s ]
NOTIC: [8] Undefined variable: ifCurrent_subMenu C:\wamp\www\toyokou_tenso-japan\tenso\Admin\Controller\IndexController.class.php 第 64 行.
NOTIC: [8] Undefined index: username C:\wamp\www\toyokou_tenso-japan\tenso\Admin\Controller\IndexController.class.php 第 65 行.
NOTIC: [8] Undefined index: pkg_status C:\wamp\www\toyokou_tenso-japan\tenso\Admin\Controller\IndexController.class.php 第 95 行.
SQL: SELECT COUNT(*) AS tp_count FROM `tns_pkg` WHERE ( ifRecycle = 0 AND NOT pkg_status = "final" ) LIMIT 1   [ RunTime:0.0000s ]
SQL: SELECT COUNT(*) AS tp_count FROM `tns_pkg` WHERE ( ifRecycle = 0 AND pkg_status = "request" ) LIMIT 1   [ RunTime:0.0000s ]
SQL: SELECT COUNT(*) AS tp_count FROM `tns_pkg` WHERE ( ifRecycle = 0 AND pkg_status = "merge" ) LIMIT 1   [ RunTime:0.0010s ]
SQL: SELECT COUNT(*) AS tp_count FROM `tns_pkg` WHERE ( ifRecycle = 0 AND pkg_status = "payment" ) LIMIT 1   [ RunTime:0.0000s ]
SQL: SELECT COUNT(*) AS tp_count FROM `tns_pkg` WHERE ( ifRecycle = 0 AND pkg_status = "shipping" ) LIMIT 1   [ RunTime:0.0000s ]
SQL: SELECT COUNT(*) AS tp_count FROM `tns_pkg` WHERE ( ifRecycle = 0 AND pkg_status = "confirm" ) LIMIT 1   [ RunTime:0.0000s ]
SQL: SELECT COUNT(*) AS tp_count FROM `tns_pkg` WHERE ( ifRecycle = 0 AND pkg_status = "receipt" ) LIMIT 1   [ RunTime:0.0010s ]
SQL: SELECT COUNT(*) AS tp_count FROM `tns_pkg` WHERE ( ifRecycle = 1 ) LIMIT 1   [ RunTime:0.0000s ]
SQL: SELECT * FROM `tns_pkg` WHERE ( ifRecycle = 0 AND pkg_status = "request" ) ORDER BY pkg_create_time desc LIMIT 10   [ RunTime:0.0000s ]
INFO: [ view_parse ] --START--
INFO: [ template_filter ] --START--
INFO: Run Behavior\ContentReplaceBehavior [ RunTime:0.000000s ]
INFO: [ template_filter ] --END-- [ RunTime:0.000000s ]
NOTIC: [8] Undefined index: Index C:\wamp\www\toyokou_tenso-japan\tenso\Runtime\Cache\Admin\80f832c5e82914dc4d692e196c746c66.php 第 54 行.
NOTIC: [8] Undefined index: Tenso C:\wamp\www\toyokou_tenso-japan\tenso\Runtime\Cache\Admin\80f832c5e82914dc4d692e196c746c66.php 第 55 行.
NOTIC: [8] Undefined index: Tenso C:\wamp\www\toyokou_tenso-japan\tenso\Runtime\Cache\Admin\80f832c5e82914dc4d692e196c746c66.php 第 56 行.
NOTIC: [8] Undefined index: Other C:\wamp\www\toyokou_tenso-japan\tenso\Runtime\Cache\Admin\80f832c5e82914dc4d692e196c746c66.php 第 57 行.
NOTIC: [8] Undefined index: ifCurrent C:\wamp\www\toyokou_tenso-japan\tenso\Runtime\Cache\Admin\80f832c5e82914dc4d692e196c746c66.php 第 62 行.
NOTIC: [8] Undefined index: ifCurrent C:\wamp\www\toyokou_tenso-japan\tenso\Runtime\Cache\Admin\80f832c5e82914dc4d692e196c746c66.php 第 62 行.
NOTIC: [8] Undefined index: ifCurrent C:\wamp\www\toyokou_tenso-japan\tenso\Runtime\Cache\Admin\80f832c5e82914dc4d692e196c746c66.php 第 62 行.
NOTIC: [8] Undefined index: ifCurrent C:\wamp\www\toyokou_tenso-japan\tenso\Runtime\Cache\Admin\80f832c5e82914dc4d692e196c746c66.php 第 62 行.
NOTIC: [8] Undefined index: ifCurrent C:\wamp\www\toyokou_tenso-japan\tenso\Runtime\Cache\Admin\80f832c5e82914dc4d692e196c746c66.php 第 62 行.
NOTIC: [8] Undefined index: ifCurrent C:\wamp\www\toyokou_tenso-japan\tenso\Runtime\Cache\Admin\80f832c5e82914dc4d692e196c746c66.php 第 62 行.
NOTIC: [8] Undefined index: ifCurrent C:\wamp\www\toyokou_tenso-japan\tenso\Runtime\Cache\Admin\80f832c5e82914dc4d692e196c746c66.php 第 62 行.
NOTIC: [8] Undefined index: ifCurrent C:\wamp\www\toyokou_tenso-japan\tenso\Runtime\Cache\Admin\80f832c5e82914dc4d692e196c746c66.php 第 78 行.
NOTIC: [8] Undefined index: ifCurrent C:\wamp\www\toyokou_tenso-japan\tenso\Runtime\Cache\Admin\80f832c5e82914dc4d692e196c746c66.php 第 78 行.
NOTIC: [8] Undefined index: ifCurrent C:\wamp\www\toyokou_tenso-japan\tenso\Runtime\Cache\Admin\80f832c5e82914dc4d692e196c746c66.php 第 78 行.
NOTIC: [8] Undefined index: ifCurrent C:\wamp\www\toyokou_tenso-japan\tenso\Runtime\Cache\Admin\80f832c5e82914dc4d692e196c746c66.php 第 78 行.
NOTIC: [8] Undefined index: ifCurrent C:\wamp\www\toyokou_tenso-japan\tenso\Runtime\Cache\Admin\80f832c5e82914dc4d692e196c746c66.php 第 78 行.
NOTIC: [8] Undefined index: ifCurrent C:\wamp\www\toyokou_tenso-japan\tenso\Runtime\Cache\Admin\80f832c5e82914dc4d692e196c746c66.php 第 78 行.
NOTIC: [8] Undefined index: ifCurrent C:\wamp\www\toyokou_tenso-japan\tenso\Runtime\Cache\Admin\80f832c5e82914dc4d692e196c746c66.php 第 78 行.
NOTIC: [8] Undefined variable: table C:\wamp\www\toyokou_tenso-japan\tenso\Runtime\Cache\Admin\80f832c5e82914dc4d692e196c746c66.php 第 196 行.
INFO: Run Behavior\ParseTemplateBehavior [ RunTime:0.036002s ]
INFO: [ view_parse ] --END-- [ RunTime:0.036002s ]
INFO: [ view_filter ] --START--
INFO: Run Behavior\WriteHtmlCacheBehavior [ RunTime:0.001000s ]
INFO: [ view_filter ] --END-- [ RunTime:0.001000s ]
INFO: [ app_end ] --START--
INFO: Run Behavior\ShowPageTraceBehavior [ RunTime:0.002000s ]
INFO: [ app_end ] --END-- [ RunTime:0.002000s ]

[ 2015-05-06T21:27:43+08:00 ] 127.0.0.1 /toyokou_tenso-japan/tenso/Admin/Index/merge.html
INFO: [ app_init ] --START--
INFO: Run Behavior\BuildLiteBehavior [ RunTime:0.000000s ]
INFO: [ app_init ] --END-- [ RunTime:0.001000s ]
INFO: [ app_begin ] --START--
INFO: Run Behavior\ReadHtmlCacheBehavior [ RunTime:0.001000s ]
INFO: [ app_begin ] --END-- [ RunTime:0.001000s ]
SQL: SHOW COLUMNS FROM `tns_site` [ RunTime:0.0120s ]
SQL: SHOW COLUMNS FROM `tns_pkg` [ RunTime:0.0080s ]
SQL: SHOW COLUMNS FROM `tns_box` [ RunTime:0.0050s ]
SQL: SHOW COLUMNS FROM `tns_goods` [ RunTime:0.0060s ]
SQL: SELECT * FROM `tns_site` WHERE `prty_name` = 'site_name' LIMIT 1   [ RunTime:0.0000s ]
SQL: SELECT COUNT(*) AS tp_count FROM `tns_pkg` WHERE ( ifRecycle = 0 AND NOT pkg_status = "final" ) LIMIT 1   [ RunTime:0.0000s ]
SQL: SELECT COUNT(*) AS tp_count FROM `tns_pkg` WHERE ( ifRecycle = 0 AND pkg_status = "request" ) LIMIT 1   [ RunTime:0.0000s ]
SQL: SELECT COUNT(*) AS tp_count FROM `tns_pkg` WHERE ( ifRecycle = 0 AND pkg_status = "merge" ) LIMIT 1   [ RunTime:0.0000s ]
SQL: SELECT COUNT(*) AS tp_count FROM `tns_pkg` WHERE ( ifRecycle = 0 AND pkg_status = "payment" ) LIMIT 1   [ RunTime:0.0010s ]
SQL: SELECT COUNT(*) AS tp_count FROM `tns_pkg` WHERE ( ifRecycle = 0 AND pkg_status = "shipping" ) LIMIT 1   [ RunTime:0.0000s ]
SQL: SELECT COUNT(*) AS tp_count FROM `tns_pkg` WHERE ( ifRecycle = 0 AND pkg_status = "confirm" ) LIMIT 1   [ RunTime:0.0000s ]
SQL: SELECT COUNT(*) AS tp_count FROM `tns_pkg` WHERE ( ifRecycle = 0 AND pkg_status = "receipt" ) LIMIT 1   [ RunTime:0.0000s ]
SQL: SELECT COUNT(*) AS tp_count FROM `tns_pkg` WHERE ( ifRecycle = 1 ) LIMIT 1   [ RunTime:0.0000s ]
NOTIC: [8] Undefined variable: ifCurrent_subMenu C:\wamp\www\toyokou_tenso-japan\tenso\Admin\Controller\IndexController.class.php 第 64 行.
NOTIC: [8] Undefined index: username C:\wamp\www\toyokou_tenso-japan\tenso\Admin\Controller\IndexController.class.php 第 65 行.
SQL: SELECT * FROM `tns_box` ORDER BY box_id desc LIMIT 1   [ RunTime:0.0000s ]
SQL: SELECT * FROM `tns_pkg` WHERE ( ifRecycle = 0 AND pkg_status = "merge" ) ORDER BY pkg_create_time desc LIMIT 10   [ RunTime:0.0010s ]
SQL: SELECT * FROM `tns_box` WHERE ( ifRecycle = 0 AND box_status = "merge" ) ORDER BY box_create_time desc LIMIT 10   [ RunTime:0.0010s ]
INFO: [ view_parse ] --START--
INFO: [ template_filter ] --START--
INFO: Run Behavior\ContentReplaceBehavior [ RunTime:0.000000s ]
INFO: [ template_filter ] --END-- [ RunTime:0.000000s ]
NOTIC: [8] Undefined index: member C:\wamp\www\toyokou_tenso-japan\tenso\Runtime\Cache\Admin\691e0d81d655646d0b0f1655f4ae6aa8.php 第 47 行.
NOTIC: [8] Undefined index: member C:\wamp\www\toyokou_tenso-japan\tenso\Runtime\Cache\Admin\691e0d81d655646d0b0f1655f4ae6aa8.php 第 47 行.
NOTIC: [8] Undefined index: Index C:\wamp\www\toyokou_tenso-japan\tenso\Runtime\Cache\Admin\691e0d81d655646d0b0f1655f4ae6aa8.php 第 54 行.
NOTIC: [8] Undefined index: Tenso C:\wamp\www\toyokou_tenso-japan\tenso\Runtime\Cache\Admin\691e0d81d655646d0b0f1655f4ae6aa8.php 第 55 行.
NOTIC: [8] Undefined index: Tenso C:\wamp\www\toyokou_tenso-japan\tenso\Runtime\Cache\Admin\691e0d81d655646d0b0f1655f4ae6aa8.php 第 56 行.
NOTIC: [8] Undefined index: Other C:\wamp\www\toyokou_tenso-japan\tenso\Runtime\Cache\Admin\691e0d81d655646d0b0f1655f4ae6aa8.php 第 57 行.
NOTIC: [8] Undefined index: ifCurrent C:\wamp\www\toyokou_tenso-japan\tenso\Runtime\Cache\Admin\691e0d81d655646d0b0f1655f4ae6aa8.php 第 62 行.
NOTIC: [8] Undefined index: ifCurrent C:\wamp\www\toyokou_tenso-japan\tenso\Runtime\Cache\Admin\691e0d81d655646d0b0f1655f4ae6aa8.php 第 62 行.
NOTIC: [8] Undefined index: ifCurrent C:\wamp\www\toyokou_tenso-japan\tenso\Runtime\Cache\Admin\691e0d81d655646d0b0f1655f4ae6aa8.php 第 62 行.
NOTIC: [8] Undefined index: ifCurrent C:\wamp\www\toyokou_tenso-japan\tenso\Runtime\Cache\Admin\691e0d81d655646d0b0f1655f4ae6aa8.php 第 62 行.
NOTIC: [8] Undefined index: ifCurrent C:\wamp\www\toyokou_tenso-japan\tenso\Runtime\Cache\Admin\691e0d81d655646d0b0f1655f4ae6aa8.php 第 62 行.
NOTIC: [8] Undefined index: ifCurrent C:\wamp\www\toyokou_tenso-japan\tenso\Runtime\Cache\Admin\691e0d81d655646d0b0f1655f4ae6aa8.php 第 62 行.
NOTIC: [8] Undefined index: ifCurrent C:\wamp\www\toyokou_tenso-japan\tenso\Runtime\Cache\Admin\691e0d81d655646d0b0f1655f4ae6aa8.php 第 62 行.
NOTIC: [8] Undefined index: ifCurrent C:\wamp\www\toyokou_tenso-japan\tenso\Runtime\Cache\Admin\691e0d81d655646d0b0f1655f4ae6aa8.php 第 78 行.
NOTIC: [8] Undefined index: ifCurrent C:\wamp\www\toyokou_tenso-japan\tenso\Runtime\Cache\Admin\691e0d81d655646d0b0f1655f4ae6aa8.php 第 78 行.
NOTIC: [8] Undefined index: ifCurrent C:\wamp\www\toyokou_tenso-japan\tenso\Runtime\Cache\Admin\691e0d81d655646d0b0f1655f4ae6aa8.php 第 78 行.
NOTIC: [8] Undefined index: ifCurrent C:\wamp\www\toyokou_tenso-japan\tenso\Runtime\Cache\Admin\691e0d81d655646d0b0f1655f4ae6aa8.php 第 78 行.
NOTIC: [8] Undefined index: ifCurrent C:\wamp\www\toyokou_tenso-japan\tenso\Runtime\Cache\Admin\691e0d81d655646d0b0f1655f4ae6aa8.php 第 78 行.
NOTIC: [8] Undefined index: ifCurrent C:\wamp\www\toyokou_tenso-japan\tenso\Runtime\Cache\Admin\691e0d81d655646d0b0f1655f4ae6aa8.php 第 78 行.
NOTIC: [8] Undefined index: ifCurrent C:\wamp\www\toyokou_tenso-japan\tenso\Runtime\Cache\Admin\691e0d81d655646d0b0f1655f4ae6aa8.php 第 78 行.
NOTIC: [8] Undefined index: pkg_ids C:\wamp\www\toyokou_tenso-japan\tenso\Runtime\Cache\Admin\691e0d81d655646d0b0f1655f4ae6aa8.php 第 109 行.
NOTIC: [8] Undefined index: goods C:\wamp\www\toyokou_tenso-japan\tenso\Runtime\Cache\Admin\691e0d81d655646d0b0f1655f4ae6aa8.php 第 110 行.
NOTIC: [8] Undefined index: pkg_ids C:\wamp\www\toyokou_tenso-japan\tenso\Runtime\Cache\Admin\691e0d81d655646d0b0f1655f4ae6aa8.php 第 109 行.
NOTIC: [8] Undefined index: goods C:\wamp\www\toyokou_tenso-japan\tenso\Runtime\Cache\Admin\691e0d81d655646d0b0f1655f4ae6aa8.php 第 110 行.
NOTIC: [8] Undefined index: merge_ids C:\wamp\www\toyokou_tenso-japan\tenso\Runtime\Cache\Admin\691e0d81d655646d0b0f1655f4ae6aa8.php 第 139 行.
NOTIC: [8] Undefined index: merge_ids C:\wamp\www\toyokou_tenso-japan\tenso\Runtime\Cache\Admin\691e0d81d655646d0b0f1655f4ae6aa8.php 第 139 行.
NOTIC: [8] Undefined index: merge_ids C:\wamp\www\toyokou_tenso-japan\tenso\Runtime\Cache\Admin\691e0d81d655646d0b0f1655f4ae6aa8.php 第 139 行.
NOTIC: [8] Undefined index: merge_ids C:\wamp\www\toyokou_tenso-japan\tenso\Runtime\Cache\Admin\691e0d81d655646d0b0f1655f4ae6aa8.php 第 139 行.
NOTIC: [8] Undefined index: merge_ids C:\wamp\www\toyokou_tenso-japan\tenso\Runtime\Cache\Admin\691e0d81d655646d0b0f1655f4ae6aa8.php 第 139 行.
NOTIC: [8] Undefined index: merge_ids C:\wamp\www\toyokou_tenso-japan\tenso\Runtime\Cache\Admin\691e0d81d655646d0b0f1655f4ae6aa8.php 第 139 行.
NOTIC: [8] Undefined variable: table C:\wamp\www\toyokou_tenso-japan\tenso\Runtime\Cache\Admin\691e0d81d655646d0b0f1655f4ae6aa8.php 第 243 行.
INFO: Run Behavior\ParseTemplateBehavior [ RunTime:0.113007s ]
INFO: [ view_parse ] --END-- [ RunTime:0.114007s ]
INFO: [ view_filter ] --START--
INFO: Run Behavior\WriteHtmlCacheBehavior [ RunTime:0.001000s ]
INFO: [ view_filter ] --END-- [ RunTime:0.001000s ]
INFO: [ app_end ] --START--
INFO: Run Behavior\ShowPageTraceBehavior [ RunTime:0.001000s ]
INFO: [ app_end ] --END-- [ RunTime:0.001000s ]

[ 2015-05-06T21:27:44+08:00 ] 127.0.0.1 /toyokou_tenso-japan/tenso/Admin/login
INFO: [ app_init ] --START--
INFO: Run Behavior\BuildLiteBehavior [ RunTime:0.000000s ]
INFO: [ app_init ] --END-- [ RunTime:0.001000s ]
INFO: [ app_begin ] --START--
INFO: Run Behavior\ReadHtmlCacheBehavior [ RunTime:0.001000s ]
INFO: [ app_begin ] --END-- [ RunTime:0.001000s ]
SQL: SHOW COLUMNS FROM `tns_site` [ RunTime:0.0040s ]
SQL: SELECT * FROM `tns_site` WHERE `prty_name` = 'site_name' LIMIT 1   [ RunTime:0.0010s ]
SQL: SELECT * FROM `tns_site` WHERE `prty_name` = 'admin_username' LIMIT 1   [ RunTime:0.0010s ]
SQL: SELECT * FROM `tns_site` WHERE `prty_name` = 'admin_password' LIMIT 1   [ RunTime:0.0010s ]
NOTIC: [8] Undefined index: member C:\wamp\www\toyokou_tenso-japan\tenso\Admin\Controller\LoginController.class.php 第 15 行.
NOTIC: [8] Undefined index: username C:\wamp\www\toyokou_tenso-japan\tenso\Admin\Controller\LoginController.class.php 第 17 行.
INFO: [ view_parse ] --START--
INFO: [ template_filter ] --START--
INFO: Run Behavior\ContentReplaceBehavior [ RunTime:0.000000s ]
INFO: [ template_filter ] --END-- [ RunTime:0.000000s ]
NOTIC: [8] Undefined index: member C:\wamp\www\toyokou_tenso-japan\tenso\Runtime\Cache\Admin\2a255df3233e9abcdcebadd48eb41ef0.php 第 76 行.
NOTIC: [8] Undefined index: member C:\wamp\www\toyokou_tenso-japan\tenso\Runtime\Cache\Admin\2a255df3233e9abcdcebadd48eb41ef0.php 第 76 行.
NOTIC: [8] Undefined variable: ifCurrent C:\wamp\www\toyokou_tenso-japan\tenso\Runtime\Cache\Admin\2a255df3233e9abcdcebadd48eb41ef0.php 第 83 行.
NOTIC: [8] Undefined variable: ifCurrent C:\wamp\www\toyokou_tenso-japan\tenso\Runtime\Cache\Admin\2a255df3233e9abcdcebadd48eb41ef0.php 第 84 行.
NOTIC: [8] Undefined variable: ifCurrent C:\wamp\www\toyokou_tenso-japan\tenso\Runtime\Cache\Admin\2a255df3233e9abcdcebadd48eb41ef0.php 第 85 行.
NOTIC: [8] Undefined variable: ifCurrent C:\wamp\www\toyokou_tenso-japan\tenso\Runtime\Cache\Admin\2a255df3233e9abcdcebadd48eb41ef0.php 第 86 行.
NOTIC: [8] Undefined variable: subMenu C:\wamp\www\toyokou_tenso-japan\tenso\Runtime\Cache\Admin\2a255df3233e9abcdcebadd48eb41ef0.php 第 91 行.
INFO: Run Behavior\ParseTemplateBehavior [ RunTime:0.032002s ]
INFO: [ view_parse ] --END-- [ RunTime:0.032002s ]
INFO: [ view_filter ] --START--
INFO: Run Behavior\WriteHtmlCacheBehavior [ RunTime:0.001000s ]
INFO: [ view_filter ] --END-- [ RunTime:0.001000s ]
INFO: [ app_end ] --START--
INFO: Run Behavior\ShowPageTraceBehavior [ RunTime:0.001000s ]
INFO: [ app_end ] --END-- [ RunTime:0.002000s ]

[ 2015-05-06T21:27:48+08:00 ] 127.0.0.1 /toyokou_tenso-japan/tenso/Admin/login
INFO: [ app_init ] --START--
INFO: Run Behavior\BuildLiteBehavior [ RunTime:0.000000s ]
INFO: [ app_init ] --END-- [ RunTime:0.001000s ]
INFO: [ app_begin ] --START--
INFO: Run Behavior\ReadHtmlCacheBehavior [ RunTime:0.001000s ]
INFO: [ app_begin ] --END-- [ RunTime:0.001000s ]
SQL: SHOW COLUMNS FROM `tns_site` [ RunTime:0.0040s ]
SQL: SELECT * FROM `tns_site` WHERE `prty_name` = 'site_name' LIMIT 1   [ RunTime:0.0010s ]
SQL: SELECT * FROM `tns_site` WHERE `prty_name` = 'admin_username' LIMIT 1   [ RunTime:0.0000s ]
SQL: SELECT * FROM `tns_site` WHERE `prty_name` = 'admin_password' LIMIT 1   [ RunTime:0.0000s ]
NOTIC: [8] Undefined index: member C:\wamp\www\toyokou_tenso-japan\tenso\Admin\Controller\LoginController.class.php 第 15 行.
SQL: SELECT * FROM `tns_site` WHERE `prty_name` = 'admin_nickname' LIMIT 1   [ RunTime:0.0000s ]
INFO: [ view_parse ] --START--
INFO: [ template_filter ] --START--
INFO: Run Behavior\ContentReplaceBehavior [ RunTime:0.000000s ]
INFO: [ template_filter ] --END-- [ RunTime:0.001000s ]
INFO: Run Behavior\ParseTemplateBehavior [ RunTime:0.028001s ]
INFO: [ view_parse ] --END-- [ RunTime:0.028001s ]
INFO: [ view_filter ] --START--
INFO: Run Behavior\WriteHtmlCacheBehavior [ RunTime:0.001000s ]
INFO: [ view_filter ] --END-- [ RunTime:0.001000s ]
INFO: [ app_end ] --START--
INFO: Run Behavior\ShowPageTraceBehavior [ RunTime:0.002001s ]
INFO: [ app_end ] --END-- [ RunTime:0.002001s ]

[ 2015-05-06T21:27:48+08:00 ] 127.0.0.1 /toyokou_tenso-japan/tenso/Admin/Index/
INFO: [ app_init ] --START--
INFO: Run Behavior\BuildLiteBehavior [ RunTime:0.000000s ]
INFO: [ app_init ] --END-- [ RunTime:0.001000s ]
INFO: [ app_begin ] --START--
INFO: Run Behavior\ReadHtmlCacheBehavior [ RunTime:0.001000s ]
INFO: [ app_begin ] --END-- [ RunTime:0.001000s ]
SQL: SHOW COLUMNS FROM `tns_site` [ RunTime:0.0040s ]
SQL: SHOW COLUMNS FROM `tns_pkg` [ RunTime:0.0040s ]
SQL: SHOW COLUMNS FROM `tns_box` [ RunTime:0.0040s ]
SQL: SHOW COLUMNS FROM `tns_goods` [ RunTime:0.0040s ]
SQL: SELECT * FROM `tns_site` WHERE `prty_name` = 'site_name' LIMIT 1   [ RunTime:0.0010s ]
SQL: SELECT COUNT(*) AS tp_count FROM `tns_pkg` WHERE ( ifRecycle = 0 AND NOT pkg_status = "final" ) LIMIT 1   [ RunTime:0.0010s ]
SQL: SELECT COUNT(*) AS tp_count FROM `tns_pkg` WHERE ( ifRecycle = 0 AND pkg_status = "request" ) LIMIT 1   [ RunTime:0.0010s ]
SQL: SELECT COUNT(*) AS tp_count FROM `tns_pkg` WHERE ( ifRecycle = 0 AND pkg_status = "merge" ) LIMIT 1   [ RunTime:0.0000s ]
SQL: SELECT COUNT(*) AS tp_count FROM `tns_pkg` WHERE ( ifRecycle = 0 AND pkg_status = "payment" ) LIMIT 1   [ RunTime:0.0000s ]
SQL: SELECT COUNT(*) AS tp_count FROM `tns_pkg` WHERE ( ifRecycle = 0 AND pkg_status = "shipping" ) LIMIT 1   [ RunTime:0.0000s ]
SQL: SELECT COUNT(*) AS tp_count FROM `tns_pkg` WHERE ( ifRecycle = 0 AND pkg_status = "confirm" ) LIMIT 1   [ RunTime:0.0000s ]
SQL: SELECT COUNT(*) AS tp_count FROM `tns_pkg` WHERE ( ifRecycle = 0 AND pkg_status = "receipt" ) LIMIT 1   [ RunTime:0.0010s ]
SQL: SELECT COUNT(*) AS tp_count FROM `tns_pkg` WHERE ( ifRecycle = 1 ) LIMIT 1   [ RunTime:0.0010s ]
NOTIC: [8] Undefined variable: ifCurrent_subMenu C:\wamp\www\toyokou_tenso-japan\tenso\Admin\Controller\IndexController.class.php 第 64 行.
NOTIC: [8] Undefined index: username C:\wamp\www\toyokou_tenso-japan\tenso\Admin\Controller\IndexController.class.php 第 65 行.
INFO: [ app_end ] --START--
INFO: Run Behavior\ShowPageTraceBehavior [ RunTime:0.001000s ]
INFO: [ app_end ] --END-- [ RunTime:0.001000s ]

[ 2015-05-06T21:27:48+08:00 ] 127.0.0.1 /toyokou_tenso-japan/tenso/Admin/Index/stock
INFO: [ app_init ] --START--
INFO: Run Behavior\BuildLiteBehavior [ RunTime:0.000000s ]
INFO: [ app_init ] --END-- [ RunTime:0.001000s ]
INFO: [ app_begin ] --START--
INFO: Run Behavior\ReadHtmlCacheBehavior [ RunTime:0.001000s ]
INFO: [ app_begin ] --END-- [ RunTime:0.001000s ]
SQL: SHOW COLUMNS FROM `tns_site` [ RunTime:0.0050s ]
SQL: SHOW COLUMNS FROM `tns_pkg` [ RunTime:0.0040s ]
SQL: SHOW COLUMNS FROM `tns_box` [ RunTime:0.0040s ]
SQL: SHOW COLUMNS FROM `tns_goods` [ RunTime:0.0040s ]
SQL: SELECT * FROM `tns_site` WHERE `prty_name` = 'site_name' LIMIT 1   [ RunTime:0.0010s ]
SQL: SELECT COUNT(*) AS tp_count FROM `tns_pkg` WHERE ( ifRecycle = 0 AND NOT pkg_status = "final" ) LIMIT 1   [ RunTime:0.0000s ]
SQL: SELECT COUNT(*) AS tp_count FROM `tns_pkg` WHERE ( ifRecycle = 0 AND pkg_status = "request" ) LIMIT 1   [ RunTime:0.0000s ]
SQL: SELECT COUNT(*) AS tp_count FROM `tns_pkg` WHERE ( ifRecycle = 0 AND pkg_status = "merge" ) LIMIT 1   [ RunTime:0.0010s ]
SQL: SELECT COUNT(*) AS tp_count FROM `tns_pkg` WHERE ( ifRecycle = 0 AND pkg_status = "payment" ) LIMIT 1   [ RunTime:0.0010s ]
SQL: SELECT COUNT(*) AS tp_count FROM `tns_pkg` WHERE ( ifRecycle = 0 AND pkg_status = "shipping" ) LIMIT 1   [ RunTime:0.0010s ]
SQL: SELECT COUNT(*) AS tp_count FROM `tns_pkg` WHERE ( ifRecycle = 0 AND pkg_status = "confirm" ) LIMIT 1   [ RunTime:0.0000s ]
SQL: SELECT COUNT(*) AS tp_count FROM `tns_pkg` WHERE ( ifRecycle = 0 AND pkg_status = "receipt" ) LIMIT 1   [ RunTime:0.0000s ]
SQL: SELECT COUNT(*) AS tp_count FROM `tns_pkg` WHERE ( ifRecycle = 1 ) LIMIT 1   [ RunTime:0.0000s ]
NOTIC: [8] Undefined variable: ifCurrent_subMenu C:\wamp\www\toyokou_tenso-japan\tenso\Admin\Controller\IndexController.class.php 第 64 行.
NOTIC: [8] Undefined index: username C:\wamp\www\toyokou_tenso-japan\tenso\Admin\Controller\IndexController.class.php 第 65 行.
NOTIC: [8] Undefined index: pkg_status C:\wamp\www\toyokou_tenso-japan\tenso\Admin\Controller\IndexController.class.php 第 73 行.
SQL: SELECT * FROM `tns_pkg` ORDER BY pkg_id desc LIMIT 1   [ RunTime:0.0000s ]
SQL: SELECT * FROM `tns_pkg` WHERE ( ifRecycle = 0 ) ORDER BY pkg_create_time desc LIMIT 10   [ RunTime:0.0010s ]
SQL: SELECT * FROM `tns_box` WHERE ( ifRecycle = 0 ) ORDER BY box_create_time desc LIMIT 10   [ RunTime:0.0000s ]
SQL: SELECT * FROM `tns_goods` ORDER BY goods_create_time desc LIMIT 10   [ RunTime:0.0000s ]
INFO: [ view_parse ] --START--
INFO: [ template_filter ] --START--
INFO: Run Behavior\ContentReplaceBehavior [ RunTime:0.000000s ]
INFO: [ template_filter ] --END-- [ RunTime:0.000000s ]
NOTIC: [8] Undefined index: Index C:\wamp\www\toyokou_tenso-japan\tenso\Runtime\Cache\Admin\be049fbf61531cf52c390be96397e5b5.php 第 49 行.
NOTIC: [8] Undefined index: Tenso C:\wamp\www\toyokou_tenso-japan\tenso\Runtime\Cache\Admin\be049fbf61531cf52c390be96397e5b5.php 第 50 行.
NOTIC: [8] Undefined index: Tenso C:\wamp\www\toyokou_tenso-japan\tenso\Runtime\Cache\Admin\be049fbf61531cf52c390be96397e5b5.php 第 51 行.
NOTIC: [8] Undefined index: Other C:\wamp\www\toyokou_tenso-japan\tenso\Runtime\Cache\Admin\be049fbf61531cf52c390be96397e5b5.php 第 52 行.
NOTIC: [8] Undefined index: ifCurrent C:\wamp\www\toyokou_tenso-japan\tenso\Runtime\Cache\Admin\be049fbf61531cf52c390be96397e5b5.php 第 57 行.
NOTIC: [8] Undefined index: ifCurrent C:\wamp\www\toyokou_tenso-japan\tenso\Runtime\Cache\Admin\be049fbf61531cf52c390be96397e5b5.php 第 57 行.
NOTIC: [8] Undefined index: ifCurrent C:\wamp\www\toyokou_tenso-japan\tenso\Runtime\Cache\Admin\be049fbf61531cf52c390be96397e5b5.php 第 57 行.
NOTIC: [8] Undefined index: ifCurrent C:\wamp\www\toyokou_tenso-japan\tenso\Runtime\Cache\Admin\be049fbf61531cf52c390be96397e5b5.php 第 57 行.
NOTIC: [8] Undefined index: ifCurrent C:\wamp\www\toyokou_tenso-japan\tenso\Runtime\Cache\Admin\be049fbf61531cf52c390be96397e5b5.php 第 57 行.
NOTIC: [8] Undefined index: ifCurrent C:\wamp\www\toyokou_tenso-japan\tenso\Runtime\Cache\Admin\be049fbf61531cf52c390be96397e5b5.php 第 57 行.
NOTIC: [8] Undefined index: ifCurrent C:\wamp\www\toyokou_tenso-japan\tenso\Runtime\Cache\Admin\be049fbf61531cf52c390be96397e5b5.php 第 57 行.
NOTIC: [8] Undefined index: ifCurrent C:\wamp\www\toyokou_tenso-japan\tenso\Runtime\Cache\Admin\be049fbf61531cf52c390be96397e5b5.php 第 73 行.
NOTIC: [8] Undefined index: ifCurrent C:\wamp\www\toyokou_tenso-japan\tenso\Runtime\Cache\Admin\be049fbf61531cf52c390be96397e5b5.php 第 73 行.
NOTIC: [8] Undefined index: ifCurrent C:\wamp\www\toyokou_tenso-japan\tenso\Runtime\Cache\Admin\be049fbf61531cf52c390be96397e5b5.php 第 73 行.
NOTIC: [8] Undefined index: ifCurrent C:\wamp\www\toyokou_tenso-japan\tenso\Runtime\Cache\Admin\be049fbf61531cf52c390be96397e5b5.php 第 73 行.
NOTIC: [8] Undefined index: ifCurrent C:\wamp\www\toyokou_tenso-japan\tenso\Runtime\Cache\Admin\be049fbf61531cf52c390be96397e5b5.php 第 73 行.
NOTIC: [8] Undefined index: ifCurrent C:\wamp\www\toyokou_tenso-japan\tenso\Runtime\Cache\Admin\be049fbf61531cf52c390be96397e5b5.php 第 73 行.
NOTIC: [8] Undefined index: ifCurrent C:\wamp\www\toyokou_tenso-japan\tenso\Runtime\Cache\Admin\be049fbf61531cf52c390be96397e5b5.php 第 73 行.
NOTIC: [8] Undefined index: pkg_ids C:\wamp\www\toyokou_tenso-japan\tenso\Runtime\Cache\Admin\be049fbf61531cf52c390be96397e5b5.php 第 171 行.
NOTIC: [8] Undefined index: pkg_ids C:\wamp\www\toyokou_tenso-japan\tenso\Runtime\Cache\Admin\be049fbf61531cf52c390be96397e5b5.php 第 171 行.
NOTIC: [8] Undefined index: goods_status C:\wamp\www\toyokou_tenso-japan\tenso\Runtime\Cache\Admin\be049fbf61531cf52c390be96397e5b5.php 第 201 行.
NOTIC: [8] Undefined index: goods_status C:\wamp\www\toyokou_tenso-japan\tenso\Runtime\Cache\Admin\be049fbf61531cf52c390be96397e5b5.php 第 201 行.
NOTIC: [8] Undefined index: goods_status C:\wamp\www\toyokou_tenso-japan\tenso\Runtime\Cache\Admin\be049fbf61531cf52c390be96397e5b5.php 第 201 行.
NOTIC: [8] Undefined index: goods_status C:\wamp\www\toyokou_tenso-japan\tenso\Runtime\Cache\Admin\be049fbf61531cf52c390be96397e5b5.php 第 201 行.
NOTIC: [8] Undefined index: goods_status C:\wamp\www\toyokou_tenso-japan\tenso\Runtime\Cache\Admin\be049fbf61531cf52c390be96397e5b5.php 第 201 行.
NOTIC: [8] Undefined index: goods_status C:\wamp\www\toyokou_tenso-japan\tenso\Runtime\Cache\Admin\be049fbf61531cf52c390be96397e5b5.php 第 201 行.
INFO: Run Behavior\ParseTemplateBehavior [ RunTime:0.067004s ]
INFO: [ view_parse ] --END-- [ RunTime:0.067004s ]
INFO: [ view_filter ] --START--
INFO: Run Behavior\WriteHtmlCacheBehavior [ RunTime:0.000000s ]
INFO: [ view_filter ] --END-- [ RunTime:0.001000s ]
INFO: [ app_end ] --START--
INFO: Run Behavior\ShowPageTraceBehavior [ RunTime:0.001000s ]
INFO: [ app_end ] --END-- [ RunTime:0.002000s ]

[ 2015-05-06T21:27:50+08:00 ] 127.0.0.1 /toyokou_tenso-japan/tenso/Admin/Index/merge.html
INFO: [ app_init ] --START--
INFO: Run Behavior\BuildLiteBehavior [ RunTime:0.000000s ]
INFO: [ app_init ] --END-- [ RunTime:0.001000s ]
INFO: [ app_begin ] --START--
INFO: Run Behavior\ReadHtmlCacheBehavior [ RunTime:0.001000s ]
INFO: [ app_begin ] --END-- [ RunTime:0.002000s ]
SQL: SHOW COLUMNS FROM `tns_site` [ RunTime:0.0040s ]
SQL: SHOW COLUMNS FROM `tns_pkg` [ RunTime:0.0040s ]
SQL: SHOW COLUMNS FROM `tns_box` [ RunTime:0.0040s ]
SQL: SHOW COLUMNS FROM `tns_goods` [ RunTime:0.0040s ]
SQL: SELECT * FROM `tns_site` WHERE `prty_name` = 'site_name' LIMIT 1   [ RunTime:0.0000s ]
SQL: SELECT COUNT(*) AS tp_count FROM `tns_pkg` WHERE ( ifRecycle = 0 AND NOT pkg_status = "final" ) LIMIT 1   [ RunTime:0.0000s ]
SQL: SELECT COUNT(*) AS tp_count FROM `tns_pkg` WHERE ( ifRecycle = 0 AND pkg_status = "request" ) LIMIT 1   [ RunTime:0.0010s ]
SQL: SELECT COUNT(*) AS tp_count FROM `tns_pkg` WHERE ( ifRecycle = 0 AND pkg_status = "merge" ) LIMIT 1   [ RunTime:0.0000s ]
SQL: SELECT COUNT(*) AS tp_count FROM `tns_pkg` WHERE ( ifRecycle = 0 AND pkg_status = "payment" ) LIMIT 1   [ RunTime:0.0010s ]
SQL: SELECT COUNT(*) AS tp_count FROM `tns_pkg` WHERE ( ifRecycle = 0 AND pkg_status = "shipping" ) LIMIT 1   [ RunTime:0.0000s ]
SQL: SELECT COUNT(*) AS tp_count FROM `tns_pkg` WHERE ( ifRecycle = 0 AND pkg_status = "confirm" ) LIMIT 1   [ RunTime:0.0000s ]
SQL: SELECT COUNT(*) AS tp_count FROM `tns_pkg` WHERE ( ifRecycle = 0 AND pkg_status = "receipt" ) LIMIT 1   [ RunTime:0.0010s ]
SQL: SELECT COUNT(*) AS tp_count FROM `tns_pkg` WHERE ( ifRecycle = 1 ) LIMIT 1   [ RunTime:0.0010s ]
NOTIC: [8] Undefined variable: ifCurrent_subMenu C:\wamp\www\toyokou_tenso-japan\tenso\Admin\Controller\IndexController.class.php 第 64 行.
NOTIC: [8] Undefined index: username C:\wamp\www\toyokou_tenso-japan\tenso\Admin\Controller\IndexController.class.php 第 65 行.
SQL: SELECT * FROM `tns_box` ORDER BY box_id desc LIMIT 1   [ RunTime:0.0010s ]
SQL: SELECT * FROM `tns_pkg` WHERE ( ifRecycle = 0 AND pkg_status = "merge" ) ORDER BY pkg_create_time desc LIMIT 10   [ RunTime:0.0010s ]
SQL: SELECT * FROM `tns_box` WHERE ( ifRecycle = 0 AND box_status = "merge" ) ORDER BY box_create_time desc LIMIT 10   [ RunTime:0.0000s ]
INFO: [ view_parse ] --START--
INFO: [ template_filter ] --START--
INFO: Run Behavior\ContentReplaceBehavior [ RunTime:0.000000s ]
INFO: [ template_filter ] --END-- [ RunTime:0.000000s ]
NOTIC: [8] Undefined index: Index C:\wamp\www\toyokou_tenso-japan\tenso\Runtime\Cache\Admin\691e0d81d655646d0b0f1655f4ae6aa8.php 第 54 行.
NOTIC: [8] Undefined index: Tenso C:\wamp\www\toyokou_tenso-japan\tenso\Runtime\Cache\Admin\691e0d81d655646d0b0f1655f4ae6aa8.php 第 55 行.
NOTIC: [8] Undefined index: Tenso C:\wamp\www\toyokou_tenso-japan\tenso\Runtime\Cache\Admin\691e0d81d655646d0b0f1655f4ae6aa8.php 第 56 行.
NOTIC: [8] Undefined index: Other C:\wamp\www\toyokou_tenso-japan\tenso\Runtime\Cache\Admin\691e0d81d655646d0b0f1655f4ae6aa8.php 第 57 行.
NOTIC: [8] Undefined index: ifCurrent C:\wamp\www\toyokou_tenso-japan\tenso\Runtime\Cache\Admin\691e0d81d655646d0b0f1655f4ae6aa8.php 第 62 行.
NOTIC: [8] Undefined index: ifCurrent C:\wamp\www\toyokou_tenso-japan\tenso\Runtime\Cache\Admin\691e0d81d655646d0b0f1655f4ae6aa8.php 第 62 行.
NOTIC: [8] Undefined index: ifCurrent C:\wamp\www\toyokou_tenso-japan\tenso\Runtime\Cache\Admin\691e0d81d655646d0b0f1655f4ae6aa8.php 第 62 行.
NOTIC: [8] Undefined index: ifCurrent C:\wamp\www\toyokou_tenso-japan\tenso\Runtime\Cache\Admin\691e0d81d655646d0b0f1655f4ae6aa8.php 第 62 行.
NOTIC: [8] Undefined index: ifCurrent C:\wamp\www\toyokou_tenso-japan\tenso\Runtime\Cache\Admin\691e0d81d655646d0b0f1655f4ae6aa8.php 第 62 行.
NOTIC: [8] Undefined index: ifCurrent C:\wamp\www\toyokou_tenso-japan\tenso\Runtime\Cache\Admin\691e0d81d655646d0b0f1655f4ae6aa8.php 第 62 行.
NOTIC: [8] Undefined index: ifCurrent C:\wamp\www\toyokou_tenso-japan\tenso\Runtime\Cache\Admin\691e0d81d655646d0b0f1655f4ae6aa8.php 第 62 行.
NOTIC: [8] Undefined index: ifCurrent C:\wamp\www\toyokou_tenso-japan\tenso\Runtime\Cache\Admin\691e0d81d655646d0b0f1655f4ae6aa8.php 第 78 行.
NOTIC: [8] Undefined index: ifCurrent C:\wamp\www\toyokou_tenso-japan\tenso\Runtime\Cache\Admin\691e0d81d655646d0b0f1655f4ae6aa8.php 第 78 行.
NOTIC: [8] Undefined index: ifCurrent C:\wamp\www\toyokou_tenso-japan\tenso\Runtime\Cache\Admin\691e0d81d655646d0b0f1655f4ae6aa8.php 第 78 行.
NOTIC: [8] Undefined index: ifCurrent C:\wamp\www\toyokou_tenso-japan\tenso\Runtime\Cache\Admin\691e0d81d655646d0b0f1655f4ae6aa8.php 第 78 行.
NOTIC: [8] Undefined index: ifCurrent C:\wamp\www\toyokou_tenso-japan\tenso\Runtime\Cache\Admin\691e0d81d655646d0b0f1655f4ae6aa8.php 第 78 行.
NOTIC: [8] Undefined index: ifCurrent C:\wamp\www\toyokou_tenso-japan\tenso\Runtime\Cache\Admin\691e0d81d655646d0b0f1655f4ae6aa8.php 第 78 行.
NOTIC: [8] Undefined index: ifCurrent C:\wamp\www\toyokou_tenso-japan\tenso\Runtime\Cache\Admin\691e0d81d655646d0b0f1655f4ae6aa8.php 第 78 行.
NOTIC: [8] Undefined index: pkg_ids C:\wamp\www\toyokou_tenso-japan\tenso\Runtime\Cache\Admin\691e0d81d655646d0b0f1655f4ae6aa8.php 第 109 行.
NOTIC: [8] Undefined index: goods C:\wamp\www\toyokou_tenso-japan\tenso\Runtime\Cache\Admin\691e0d81d655646d0b0f1655f4ae6aa8.php 第 110 行.
NOTIC: [8] Undefined index: pkg_ids C:\wamp\www\toyokou_tenso-japan\tenso\Runtime\Cache\Admin\691e0d81d655646d0b0f1655f4ae6aa8.php 第 109 行.
NOTIC: [8] Undefined index: goods C:\wamp\www\toyokou_tenso-japan\tenso\Runtime\Cache\Admin\691e0d81d655646d0b0f1655f4ae6aa8.php 第 110 行.
NOTIC: [8] Undefined index: merge_ids C:\wamp\www\toyokou_tenso-japan\tenso\Runtime\Cache\Admin\691e0d81d655646d0b0f1655f4ae6aa8.php 第 139 行.
NOTIC: [8] Undefined index: merge_ids C:\wamp\www\toyokou_tenso-japan\tenso\Runtime\Cache\Admin\691e0d81d655646d0b0f1655f4ae6aa8.php 第 139 行.
NOTIC: [8] Undefined index: merge_ids C:\wamp\www\toyokou_tenso-japan\tenso\Runtime\Cache\Admin\691e0d81d655646d0b0f1655f4ae6aa8.php 第 139 行.
NOTIC: [8] Undefined index: merge_ids C:\wamp\www\toyokou_tenso-japan\tenso\Runtime\Cache\Admin\691e0d81d655646d0b0f1655f4ae6aa8.php 第 139 行.
NOTIC: [8] Undefined index: merge_ids C:\wamp\www\toyokou_tenso-japan\tenso\Runtime\Cache\Admin\691e0d81d655646d0b0f1655f4ae6aa8.php 第 139 行.
NOTIC: [8] Undefined index: merge_ids C:\wamp\www\toyokou_tenso-japan\tenso\Runtime\Cache\Admin\691e0d81d655646d0b0f1655f4ae6aa8.php 第 139 行.
NOTIC: [8] Undefined variable: table C:\wamp\www\toyokou_tenso-japan\tenso\Runtime\Cache\Admin\691e0d81d655646d0b0f1655f4ae6aa8.php 第 243 行.
INFO: Run Behavior\ParseTemplateBehavior [ RunTime:0.041002s ]
INFO: [ view_parse ] --END-- [ RunTime:0.041002s ]
INFO: [ view_filter ] --START--
INFO: Run Behavior\WriteHtmlCacheBehavior [ RunTime:0.001000s ]
INFO: [ view_filter ] --END-- [ RunTime:0.001000s ]
INFO: [ app_end ] --START--
INFO: Run Behavior\ShowPageTraceBehavior [ RunTime:0.001000s ]
INFO: [ app_end ] --END-- [ RunTime:0.001000s ]

